<testsuites id="" name="" tests="1" failures="0" skipped="0" errors="0" time="4.756095">
<testsuite name="theme-editor-darktheme.spec.ts" timestamp="2025-10-18T21:50:39.940Z" hostname="chromium" tests="1" failures="0" skipped="0" time="3.292" errors="0">
<testcase name="Color Control Dark Theme › should display color modal with dark theme matching demo UI" classname="theme-editor-darktheme.spec.ts" time="3.292">
<system-out>
<![CDATA[Screenshot saved: scripts/playwright/screenshots/color-modal-dark-theme.png
]]>
</system-out>
</testcase>
</testsuite>
</testsuites>