<testsuites id="" name="" tests="410" failures="136" skipped="0" errors="0" time="551.193235">
<testsuite name="accessibility.spec.mjs" timestamp="2025-10-17T10:45:13.298Z" hostname="chromium" tests="12" failures="0" skipped="0" time="27.149" errors="0">
<testcase name="Accessibility › should be keyboard navigable" classname="accessibility.spec.mjs" time="2.914">
<system-out>
<![CDATA[First focused element: BUTTON
Keyboard navigation working
]]>
</system-out>
</testcase>
<testcase name="Accessibility › should have proper ARIA labels on interactive elements" classname="accessibility.spec.mjs" time="2.164">
<system-out>
<![CDATA[Found 2 accessible buttons out of 2
]]>
</system-out>
</testcase>
<testcase name="Accessibility › should have visible focus indicators" classname="accessibility.spec.mjs" time="1.88">
<system-out>
<![CDATA[Focus styles: {
  outline: [32m'rgb(59, 130, 246) solid 2px'[39m,
  outlineColor: [32m'rgb(59, 130, 246)'[39m,
  outlineWidth: [32m'2px'[39m,
  boxShadow: [32m'rgba(0, 0, 0, 0) 0px 0px 0px 0px, rgba(0, 0, 0, 0) 0px 0px 0px 0px, rgba(0, 0, 0, 0) 0px 0px 0px 0px, rgba(0, 0, 0, 0) 0px 0px 0px 0px, rgba(0, 0, 0, 0.1) 0px 10px 15px -3px, rgba(0, 0, 0, 0.1) 0px 4px 6px -4px'[39m
}
]]>
</system-out>
</testcase>
<testcase name="Accessibility › should meet color contrast requirements" classname="accessibility.spec.mjs" time="2.206">
<system-out>
<![CDATA[Button colors: {
  color: [32m'rgb(0, 0, 0)'[39m,
  backgroundColor: [32m'rgb(42, 42, 42)'[39m,
  background: [32m'rgb(42, 42, 42) none repeat scroll 0% 0% / auto padding-box border-box'[39m
}
]]>
</system-out>
</testcase>
<testcase name="Accessibility › should have semantic HTML structure" classname="accessibility.spec.mjs" time="2.147">
<system-out>
<![CDATA[Found 2 headings
Found 2 button elements
]]>
</system-out>
</testcase>
<testcase name="Accessibility › should respect prefers-reduced-motion" classname="accessibility.spec.mjs" time="3.343">
<system-out>
<![CDATA[Reduced motion preference respected
]]>
</system-out>
</testcase>
<testcase name="Accessibility › should handle high contrast mode" classname="accessibility.spec.mjs" time="2.711">
<system-out>
<![CDATA[High contrast mode handled
]]>
</system-out>
</testcase>
<testcase name="Accessibility › should have descriptive button text" classname="accessibility.spec.mjs" time="1.772">
<system-out>
<![CDATA[Button 1: "Dev Tools Settings"
Button 2: "Drop Ball"
]]>
</system-out>
</testcase>
<testcase name="Accessibility › should allow keyboard-only operation" classname="accessibility.spec.mjs" time="2.15">
<system-out>
<![CDATA[Keyboard-only operation supported
]]>
</system-out>
</testcase>
<testcase name="Accessibility › should have appropriate roles for interactive elements" classname="accessibility.spec.mjs" time="1.598">
<system-out>
<![CDATA[Found 0 elements with explicit roles
Found 2 button elements (implicit button role)
]]>
</system-out>
</testcase>
<testcase name="Accessibility › should not trap keyboard focus" classname="accessibility.spec.mjs" time="2.787">
<system-out>
<![CDATA[Focus progression: [
  [32m'BUTTON'[39m, [32m'BUTTON'[39m,
  [32m'BODY'[39m,   [32m'BUTTON'[39m,
  [32m'BUTTON'[39m, [32m'BODY'[39m,
  [32m'BUTTON'[39m, [32m'BUTTON'[39m,
  [32m'BODY'[39m,   [32m'BUTTON'[39m
]
]]>
</system-out>
</testcase>
<testcase name="Accessibility › should support screen reader announcements" classname="accessibility.spec.mjs" time="1.477">
<system-out>
<![CDATA[Found 0 aria-live regions
Found 0 alert/status regions
Screen reader support: Implicit
]]>
</system-out>
</testcase>
</testsuite>
<testsuite name="animations.spec.mjs" timestamp="2025-10-17T10:45:13.298Z" hostname="chromium" tests="7" failures="0" skipped="0" time="26.957" errors="0">
<testcase name="Animation System › should maintain 60 FPS during animations" classname="animations.spec.mjs" time="5.047">
<system-out>
<![CDATA[FPS - Avg: 64.2, Min: 36.6, Samples: 215
]]>
</system-out>
</testcase>
<testcase name="Animation System › should animate start screen entrance smoothly" classname="animations.spec.mjs" time="1.423">
<system-out>
<![CDATA[Start screen rendered with animations
]]>
</system-out>
</testcase>
<testcase name="Animation System › should handle opacity animations correctly" classname="animations.spec.mjs" time="2.123">
<system-out>
<![CDATA[Opacity animations present: [33mtrue[39m
]]>
</system-out>
</testcase>
<testcase name="Animation System › should use correct animation drivers (Framer Motion)" classname="animations.spec.mjs" time="1.45">
<system-out>
<![CDATA[Animation system active: [33mtrue[39m
]]>
</system-out>
</testcase>
<testcase name="Animation System › should handle smooth transitions between states" classname="animations.spec.mjs" time="5.157">
<system-out>
<![CDATA[Recorded 221 state transitions
]]>
</system-out>
</testcase>
<testcase name="Animation System › should not have janky animations" classname="animations.spec.mjs" time="4.55">
<system-out>
<![CDATA[Jank: 0.0% of 184 frames
]]>
</system-out>
</testcase>
<testcase name="Animation System › should handle animations on low-performance devices" classname="animations.spec.mjs" time="7.207">
<system-out>
<![CDATA[Animations work under CPU throttling
]]>
</system-out>
</testcase>
</testsuite>
<testsuite name="ball-trail.spec.mjs" timestamp="2025-10-17T10:45:13.298Z" hostname="chromium" tests="6" failures="3" skipped="0" time="33.584" errors="0">
<testcase name="Ball Trail System › should render trail during ball drop" classname="ball-trail.spec.mjs" time="2.052">
<system-out>
<![CDATA[Started game
Trail rendered during ball drop
]]>
</system-out>
</testcase>
<testcase name="Ball Trail System › should maintain trail quality at 60 FPS" classname="ball-trail.spec.mjs" time="11.998">
<failure message="ball-trail.spec.mjs:43:3 should maintain trail quality at 60 FPS" type="FAILURE">
<![CDATA[  [chromium] › ball-trail.spec.mjs:43:3 › Ball Trail System › should maintain trail quality at 60 FPS 

    TimeoutError: page.waitForFunction: Timeout 10000ms exceeded.

       at ../test-helpers.mjs:91

      89 |   const { timeout = 10000 } = options;
      90 |
    > 91 |   await page.waitForFunction(
         |              ^
      92 |     (state) => {
      93 |       const gameContainer = document.querySelector('[data-game-state]');
      94 |       return gameContainer && gameContainer.getAttribute('data-game-state') === state;
        at waitForGameState (/Users/michaelhaufschild/Documents/code/plinko/scripts/playwright/test-helpers.mjs:91:14)
        at /Users/michaelhaufschild/Documents/code/plinko/scripts/playwright/e2e/ball-trail.spec.mjs:68:11

    attachment #1: screenshot (image/png) ──────────────────────────────────────────────────────────
    ../../../test-results/ball-trail-Ball-Trail-Syst-bc8fc-ain-trail-quality-at-60-FPS-chromium/test-failed-1.png
    ────────────────────────────────────────────────────────────────────────────────────────────────

    attachment #2: video (video/webm) ──────────────────────────────────────────────────────────────
    ../../../test-results/ball-trail-Ball-Trail-Syst-bc8fc-ain-trail-quality-at-60-FPS-chromium/video.webm
    ────────────────────────────────────────────────────────────────────────────────────────────────

    Error Context: ../../../test-results/ball-trail-Ball-Trail-Syst-bc8fc-ain-trail-quality-at-60-FPS-chromium/error-context.md
]]>
</failure>
<system-out>
<![CDATA[
[[ATTACHMENT|../../../test-results/ball-trail-Ball-Trail-Syst-bc8fc-ain-trail-quality-at-60-FPS-chromium/test-failed-1.png]]

[[ATTACHMENT|../../../test-results/ball-trail-Ball-Trail-Syst-bc8fc-ain-trail-quality-at-60-FPS-chromium/video.webm]]

[[ATTACHMENT|../../../test-results/ball-trail-Ball-Trail-Syst-bc8fc-ain-trail-quality-at-60-FPS-chromium/error-context.md]]
]]>
</system-out>
</testcase>
<testcase name="Ball Trail System › should render trail with correct visual properties" classname="ball-trail.spec.mjs" time="1.974">
<system-out>
<![CDATA[Trail elements found: 0
]]>
</system-out>
</testcase>
<testcase name="Ball Trail System › should optimize trail points based on velocity" classname="ball-trail.spec.mjs" time="12.018">
<failure message="ball-trail.spec.mjs:123:3 should optimize trail points based on velocity" type="FAILURE">
<![CDATA[  [chromium] › ball-trail.spec.mjs:123:3 › Ball Trail System › should optimize trail points based on velocity 

    TimeoutError: page.waitForFunction: Timeout 10000ms exceeded.

       at ../test-helpers.mjs:91

      89 |   const { timeout = 10000 } = options;
      90 |
    > 91 |   await page.waitForFunction(
         |              ^
      92 |     (state) => {
      93 |       const gameContainer = document.querySelector('[data-game-state]');
      94 |       return gameContainer && gameContainer.getAttribute('data-game-state') === state;
        at waitForGameState (/Users/michaelhaufschild/Documents/code/plinko/scripts/playwright/test-helpers.mjs:91:14)
        at /Users/michaelhaufschild/Documents/code/plinko/scripts/playwright/e2e/ball-trail.spec.mjs:142:11

    attachment #1: screenshot (image/png) ──────────────────────────────────────────────────────────
    ../../../test-results/ball-trail-Ball-Trail-Syst-3adad-il-points-based-on-velocity-chromium/test-failed-1.png
    ────────────────────────────────────────────────────────────────────────────────────────────────

    attachment #2: video (video/webm) ──────────────────────────────────────────────────────────────
    ../../../test-results/ball-trail-Ball-Trail-Syst-3adad-il-points-based-on-velocity-chromium/video.webm
    ────────────────────────────────────────────────────────────────────────────────────────────────

    Error Context: ../../../test-results/ball-trail-Ball-Trail-Syst-3adad-il-points-based-on-velocity-chromium/error-context.md
]]>
</failure>
<system-out>
<![CDATA[
[[ATTACHMENT|../../../test-results/ball-trail-Ball-Trail-Syst-3adad-il-points-based-on-velocity-chromium/test-failed-1.png]]

[[ATTACHMENT|../../../test-results/ball-trail-Ball-Trail-Syst-3adad-il-points-based-on-velocity-chromium/video.webm]]

[[ATTACHMENT|../../../test-results/ball-trail-Ball-Trail-Syst-3adad-il-points-based-on-velocity-chromium/error-context.md]]
]]>
</system-out>
</testcase>
<testcase name="Ball Trail System › should handle different performance modes" classname="ball-trail.spec.mjs" time="1.477">
<system-out>
<![CDATA[Performance selector not available, skipping mode test
]]>
</system-out>
</testcase>
<testcase name="Ball Trail System › should maintain visual quality during fast ball movement" classname="ball-trail.spec.mjs" time="4.065">
<failure message="ball-trail.spec.mjs:190:3 should maintain visual quality during fast ball movement" type="FAILURE">
<![CDATA[  [chromium] › ball-trail.spec.mjs:190:3 › Ball Trail System › should maintain visual quality during fast ball movement 

    Error: expect(received).toBeGreaterThan(expected)

    Expected: > 66.44680786132812
    Received:   66.1672592163086

      217 |       const firstY = positions[0].y;
      218 |       const lastY = positions[positions.length - 1].y;
    > 219 |       expect(lastY).toBeGreaterThan(firstY); // Ball should move downward
          |                     ^
      220 |       console.log(`Ball moved from Y:${firstY.toFixed(0)} to Y:${lastY.toFixed(0)}`);
      221 |     }
      222 |   });
        at /Users/michaelhaufschild/Documents/code/plinko/scripts/playwright/e2e/ball-trail.spec.mjs:219:21

    attachment #1: screenshot (image/png) ──────────────────────────────────────────────────────────
    ../../../test-results/ball-trail-Ball-Trail-Syst-9b2e5-y-during-fast-ball-movement-chromium/test-failed-1.png
    ────────────────────────────────────────────────────────────────────────────────────────────────

    attachment #2: video (video/webm) ──────────────────────────────────────────────────────────────
    ../../../test-results/ball-trail-Ball-Trail-Syst-9b2e5-y-during-fast-ball-movement-chromium/video.webm
    ────────────────────────────────────────────────────────────────────────────────────────────────

    Error Context: ../../../test-results/ball-trail-Ball-Trail-Syst-9b2e5-y-during-fast-ball-movement-chromium/error-context.md
]]>
</failure>
<system-out>
<![CDATA[
[[ATTACHMENT|../../../test-results/ball-trail-Ball-Trail-Syst-9b2e5-y-during-fast-ball-movement-chromium/test-failed-1.png]]

[[ATTACHMENT|../../../test-results/ball-trail-Ball-Trail-Syst-9b2e5-y-during-fast-ball-movement-chromium/video.webm]]

[[ATTACHMENT|../../../test-results/ball-trail-Ball-Trail-Syst-9b2e5-y-during-fast-ball-movement-chromium/error-context.md]]
]]>
</system-out>
</testcase>
</testsuite>
<testsuite name="celebration.spec.mjs" timestamp="2025-10-17T10:45:13.298Z" hostname="chromium" tests="6" failures="3" skipped="0" time="77.048" errors="0">
<testcase name="Celebration System › should trigger celebration after ball lands (win)" classname="celebration.spec.mjs" time="12.519">
<failure message="celebration.spec.mjs:17:3 should trigger celebration after ball lands (win)" type="FAILURE">
<![CDATA[  [chromium] › celebration.spec.mjs:17:3 › Celebration System › should trigger celebration after ball lands (win) 

    TimeoutError: page.waitForFunction: Timeout 10000ms exceeded.

       at ../test-helpers.mjs:91

      89 |   const { timeout = 10000 } = options;
      90 |
    > 91 |   await page.waitForFunction(
         |              ^
      92 |     (state) => {
      93 |       const gameContainer = document.querySelector('[data-game-state]');
      94 |       return gameContainer && gameContainer.getAttribute('data-game-state') === state;
        at waitForGameState (/Users/michaelhaufschild/Documents/code/plinko/scripts/playwright/test-helpers.mjs:91:14)
        at /Users/michaelhaufschild/Documents/code/plinko/scripts/playwright/e2e/celebration.spec.mjs:23:11

    attachment #1: screenshot (image/png) ──────────────────────────────────────────────────────────
    ../../../test-results/celebration-Celebration-Sy-ff3a6-ation-after-ball-lands-win--chromium/test-failed-1.png
    ────────────────────────────────────────────────────────────────────────────────────────────────

    attachment #2: video (video/webm) ──────────────────────────────────────────────────────────────
    ../../../test-results/celebration-Celebration-Sy-ff3a6-ation-after-ball-lands-win--chromium/video.webm
    ────────────────────────────────────────────────────────────────────────────────────────────────

    Error Context: ../../../test-results/celebration-Celebration-Sy-ff3a6-ation-after-ball-lands-win--chromium/error-context.md
]]>
</failure>
<system-out>
<![CDATA[Started game

[[ATTACHMENT|../../../test-results/celebration-Celebration-Sy-ff3a6-ation-after-ball-lands-win--chromium/test-failed-1.png]]

[[ATTACHMENT|../../../test-results/celebration-Celebration-Sy-ff3a6-ation-after-ball-lands-win--chromium/video.webm]]

[[ATTACHMENT|../../../test-results/celebration-Celebration-Sy-ff3a6-ation-after-ball-lands-win--chromium/error-context.md]]
]]>
</system-out>
</testcase>
<testcase name="Celebration System › should display celebration overlay with correct animations" classname="celebration.spec.mjs" time="12.191">
<failure message="celebration.spec.mjs:39:3 should display celebration overlay with correct animations" type="FAILURE">
<![CDATA[  [chromium] › celebration.spec.mjs:39:3 › Celebration System › should display celebration overlay with correct animations 

    Error: expect(received).toBeTruthy()

    Received: false

      57 |     });
      58 |
    > 59 |     expect(hasCelebrationElements).toBeTruthy();
         |                                    ^
      60 |     console.log('Celebration overlay displayed');
      61 |   });
      62 |
        at /Users/michaelhaufschild/Documents/code/plinko/scripts/playwright/e2e/celebration.spec.mjs:59:36

    attachment #1: screenshot (image/png) ──────────────────────────────────────────────────────────
    ../../../test-results/celebration-Celebration-Sy-0b9f0-lay-with-correct-animations-chromium/test-failed-1.png
    ────────────────────────────────────────────────────────────────────────────────────────────────

    attachment #2: video (video/webm) ──────────────────────────────────────────────────────────────
    ../../../test-results/celebration-Celebration-Sy-0b9f0-lay-with-correct-animations-chromium/video.webm
    ────────────────────────────────────────────────────────────────────────────────────────────────

    Error Context: ../../../test-results/celebration-Celebration-Sy-0b9f0-lay-with-correct-animations-chromium/error-context.md
]]>
</failure>
<system-out>
<![CDATA[
[[ATTACHMENT|../../../test-results/celebration-Celebration-Sy-0b9f0-lay-with-correct-animations-chromium/test-failed-1.png]]

[[ATTACHMENT|../../../test-results/celebration-Celebration-Sy-0b9f0-lay-with-correct-animations-chromium/video.webm]]

[[ATTACHMENT|../../../test-results/celebration-Celebration-Sy-0b9f0-lay-with-correct-animations-chromium/error-context.md]]
]]>
</system-out>
</testcase>
<testcase name="Celebration System › should auto-advance to prize reveal after celebration" classname="celebration.spec.mjs" time="12.524">
<failure message="celebration.spec.mjs:63:3 should auto-advance to prize reveal after celebration" type="FAILURE">
<![CDATA[  [chromium] › celebration.spec.mjs:63:3 › Celebration System › should auto-advance to prize reveal after celebration 

    TimeoutError: page.waitForFunction: Timeout 10000ms exceeded.

       at ../test-helpers.mjs:91

      89 |   const { timeout = 10000 } = options;
      90 |
    > 91 |   await page.waitForFunction(
         |              ^
      92 |     (state) => {
      93 |       const gameContainer = document.querySelector('[data-game-state]');
      94 |       return gameContainer && gameContainer.getAttribute('data-game-state') === state;
        at waitForGameState (/Users/michaelhaufschild/Documents/code/plinko/scripts/playwright/test-helpers.mjs:91:14)
        at /Users/michaelhaufschild/Documents/code/plinko/scripts/playwright/e2e/celebration.spec.mjs:68:11

    attachment #1: screenshot (image/png) ──────────────────────────────────────────────────────────
    ../../../test-results/celebration-Celebration-Sy-728a2-ze-reveal-after-celebration-chromium/test-failed-1.png
    ────────────────────────────────────────────────────────────────────────────────────────────────

    attachment #2: video (video/webm) ──────────────────────────────────────────────────────────────
    ../../../test-results/celebration-Celebration-Sy-728a2-ze-reveal-after-celebration-chromium/video.webm
    ────────────────────────────────────────────────────────────────────────────────────────────────

    Error Context: ../../../test-results/celebration-Celebration-Sy-728a2-ze-reveal-after-celebration-chromium/error-context.md
]]>
</failure>
<system-out>
<![CDATA[
[[ATTACHMENT|../../../test-results/celebration-Celebration-Sy-728a2-ze-reveal-after-celebration-chromium/test-failed-1.png]]

[[ATTACHMENT|../../../test-results/celebration-Celebration-Sy-728a2-ze-reveal-after-celebration-chromium/video.webm]]

[[ATTACHMENT|../../../test-results/celebration-Celebration-Sy-728a2-ze-reveal-after-celebration-chromium/error-context.md]]
]]>
</system-out>
</testcase>
<testcase name="Celebration System › should display You Won text after celebration" classname="celebration.spec.mjs" time="13.024">
<system-out>
<![CDATA[Win text displayed after celebration
]]>
</system-out>
</testcase>
<testcase name="Celebration System › should animate counters during prize reveal" classname="celebration.spec.mjs" time="14.174">
<system-out>
<![CDATA[Found 0 currency counters
]]>
</system-out>
</testcase>
<testcase name="Celebration System › should complete full celebration flow: landed → celebrating → revealed" classname="celebration.spec.mjs" time="12.616">
<system-out>
<![CDATA[State transitions: [
  [32m'ready'[39m,
  [32m'selecting-position'[39m,
  [32m'countdown'[39m,
  [32m'dropping'[39m,
  [32m'landed'[39m,
  [32m'celebrating'[39m,
  [32m'revealed'[39m
]
Celebration flow validated: landed → celebrating → revealed
]]>
</system-out>
</testcase>
</testsuite>
<testsuite name="drop-position.spec.mjs" timestamp="2025-10-17T10:45:13.298Z" hostname="chromium" tests="1" failures="1" skipped="0" time="30.053" errors="0">
<testcase name="Drop Position Selection › should allow selecting left, center, and right positions" classname="drop-position.spec.mjs" time="30.053">
<failure message="drop-position.spec.mjs:25:3 should allow selecting left, center, and right positions" type="FAILURE">
<![CDATA[  [chromium] › drop-position.spec.mjs:25:3 › Drop Position Selection › should allow selecting left, center, and right positions 

    Test timeout of 30000ms exceeded.

    Error: page.waitForTimeout: Target page, context or browser has been closed

       at ../test-helpers.mjs:187

      185 |
      186 |   // Additional wait for any prize reveal animations
    > 187 |   await page.waitForTimeout(1000);
          |              ^
      188 | }
      189 |
      190 | /**
        at waitForBallDrop (/Users/michaelhaufschild/Documents/code/plinko/scripts/playwright/test-helpers.mjs:187:14)
        at /Users/michaelhaufschild/Documents/code/plinko/scripts/playwright/e2e/drop-position.spec.mjs:76:5

    attachment #1: screenshot (image/png) ──────────────────────────────────────────────────────────
    ../../../test-results/drop-position-Drop-Positio-7fe57--center-and-right-positions-chromium/test-failed-1.png
    ────────────────────────────────────────────────────────────────────────────────────────────────

    attachment #2: video (video/webm) ──────────────────────────────────────────────────────────────
    ../../../test-results/drop-position-Drop-Positio-7fe57--center-and-right-positions-chromium/video.webm
    ────────────────────────────────────────────────────────────────────────────────────────────────

    Error Context: ../../../test-results/drop-position-Drop-Positio-7fe57--center-and-right-positions-chromium/error-context.md
]]>
</failure>
<system-out>
<![CDATA[🎯 Starting E2E Test: Drop Position Selection

Step 1: Verifying game with drop position mechanic...
   ✓ Game loaded and ready
   📸 Saved to screenshots/drop-position-01-ready-2025-10-17T10-45-34.png

Step 2: Starting game...
   ✓ Position selector displayed
   ✓ START button visible
   📸 Saved to screenshots/drop-position-02-selector-2025-10-17T10-45-35.png

Step 3: Using default center position...
   ✓ START button clicked
   ✓ Countdown started
   📸 Saved to screenshots/drop-position-03-center-countdown-2025-10-17T10-45-36.png

Step 4: Waiting for ball drop...
   ✓ Ball dropping

[[ATTACHMENT|../../../test-results/drop-position-Drop-Positio-7fe57--center-and-right-positions-chromium/test-failed-1.png]]

[[ATTACHMENT|../../../test-results/drop-position-Drop-Positio-7fe57--center-and-right-positions-chromium/video.webm]]

[[ATTACHMENT|../../../test-results/drop-position-Drop-Positio-7fe57--center-and-right-positions-chromium/error-context.md]]
]]>
</system-out>
</testcase>
</testsuite>
<testsuite name="game-flow.spec.mjs" timestamp="2025-10-17T10:45:13.298Z" hostname="chromium" tests="1" failures="1" skipped="0" time="30.06" errors="0">
<testcase name="Complete Game Flow › should complete full game flow from start to prize claim" classname="game-flow.spec.mjs" time="30.06">
<failure message="game-flow.spec.mjs:26:3 should complete full game flow from start to prize claim" type="FAILURE">
<![CDATA[  [chromium] › game-flow.spec.mjs:26:3 › Complete Game Flow › should complete full game flow from start to prize claim 

    Test timeout of 30000ms exceeded.

    Error: page.waitForTimeout: Target page, context or browser has been closed

       at ../test-helpers.mjs:187

      185 |
      186 |   // Additional wait for any prize reveal animations
    > 187 |   await page.waitForTimeout(1000);
          |              ^
      188 | }
      189 |
      190 | /**
        at waitForBallDrop (/Users/michaelhaufschild/Documents/code/plinko/scripts/playwright/test-helpers.mjs:187:14)
        at /Users/michaelhaufschild/Documents/code/plinko/scripts/playwright/e2e/game-flow.spec.mjs:82:5

    attachment #1: screenshot (image/png) ──────────────────────────────────────────────────────────
    ../../../test-results/game-flow-Complete-Game-Fl-95872-w-from-start-to-prize-claim-chromium/test-failed-1.png
    ────────────────────────────────────────────────────────────────────────────────────────────────

    attachment #2: video (video/webm) ──────────────────────────────────────────────────────────────
    ../../../test-results/game-flow-Complete-Game-Fl-95872-w-from-start-to-prize-claim-chromium/video.webm
    ────────────────────────────────────────────────────────────────────────────────────────────────

    Error Context: ../../../test-results/game-flow-Complete-Game-Fl-95872-w-from-start-to-prize-claim-chromium/error-context.md
]]>
</failure>
<system-out>
<![CDATA[🎮 Starting E2E Test: Complete Game Flow

Step 1: Verifying game loaded...
   ✓ Game loaded and ready
   ✓ 7 prize slots visible
   ✓ START button visible
   📸 Saved to screenshots/game-flow-01-ready-2025-10-17T10-45-37.png

Step 2: Starting game...
   ✓ Countdown started
   ✓ Countdown display visible
   📸 Saved to screenshots/game-flow-02-countdown-2025-10-17T10-45-38.png

Step 3: Waiting for ball drop...
   ✓ Ball drop started
   ✓ Ball visible during drop
   📸 Saved to screenshots/game-flow-03-dropping-2025-10-17T10-45-41.png

[[ATTACHMENT|../../../test-results/game-flow-Complete-Game-Fl-95872-w-from-start-to-prize-claim-chromium/test-failed-1.png]]

[[ATTACHMENT|../../../test-results/game-flow-Complete-Game-Fl-95872-w-from-start-to-prize-claim-chromium/video.webm]]

[[ATTACHMENT|../../../test-results/game-flow-Complete-Game-Fl-95872-w-from-start-to-prize-claim-chromium/error-context.md]]
]]>
</system-out>
</testcase>
</testsuite>
<testsuite name="performance.spec.mjs" timestamp="2025-10-17T10:45:13.298Z" hostname="chromium" tests="9" failures="4" skipped="0" time="68.172" errors="0">
<testcase name="Performance › should maintain 60 FPS during ball drop" classname="performance.spec.mjs" time="12.198">
<failure message="performance.spec.mjs:17:3 should maintain 60 FPS during ball drop" type="FAILURE">
<![CDATA[  [chromium] › performance.spec.mjs:17:3 › Performance › should maintain 60 FPS during ball drop ───

    TimeoutError: page.waitForFunction: Timeout 10000ms exceeded.

       at ../test-helpers.mjs:91

      89 |   const { timeout = 10000 } = options;
      90 |
    > 91 |   await page.waitForFunction(
         |              ^
      92 |     (state) => {
      93 |       const gameContainer = document.querySelector('[data-game-state]');
      94 |       return gameContainer && gameContainer.getAttribute('data-game-state') === state;
        at waitForGameState (/Users/michaelhaufschild/Documents/code/plinko/scripts/playwright/test-helpers.mjs:91:14)
        at /Users/michaelhaufschild/Documents/code/plinko/scripts/playwright/e2e/performance.spec.mjs:42:11

    attachment #1: screenshot (image/png) ──────────────────────────────────────────────────────────
    ../../../test-results/performance-Performance-sh-6fbdf-ain-60-FPS-during-ball-drop-chromium/test-failed-1.png
    ────────────────────────────────────────────────────────────────────────────────────────────────

    attachment #2: video (video/webm) ──────────────────────────────────────────────────────────────
    ../../../test-results/performance-Performance-sh-6fbdf-ain-60-FPS-during-ball-drop-chromium/video.webm
    ────────────────────────────────────────────────────────────────────────────────────────────────

    Error Context: ../../../test-results/performance-Performance-sh-6fbdf-ain-60-FPS-during-ball-drop-chromium/error-context.md
]]>
</failure>
<system-out>
<![CDATA[
[[ATTACHMENT|../../../test-results/performance-Performance-sh-6fbdf-ain-60-FPS-during-ball-drop-chromium/test-failed-1.png]]

[[ATTACHMENT|../../../test-results/performance-Performance-sh-6fbdf-ain-60-FPS-during-ball-drop-chromium/video.webm]]

[[ATTACHMENT|../../../test-results/performance-Performance-sh-6fbdf-ain-60-FPS-during-ball-drop-chromium/error-context.md]]
]]>
</system-out>
</testcase>
<testcase name="Performance › should load page in under 3 seconds" classname="performance.spec.mjs" time="1.661">
<system-out>
<![CDATA[Page load time: 59ms
]]>
</system-out>
</testcase>
<testcase name="Performance › should have minimal layout shift (CLS &lt; 0.1)" classname="performance.spec.mjs" time="4.454">
<system-out>
<![CDATA[Cumulative Layout Shift: 0.000
]]>
</system-out>
</testcase>
<testcase name="Performance › should not leak memory across multiple rounds" classname="performance.spec.mjs" time="17.013">
<failure message="performance.spec.mjs:91:3 should not leak memory across multiple rounds" type="FAILURE">
<![CDATA[  [chromium] › performance.spec.mjs:91:3 › Performance › should not leak memory across multiple rounds 

    TimeoutError: page.waitForFunction: Timeout 15000ms exceeded.

       at ../test-helpers.mjs:91

      89 |   const { timeout = 10000 } = options;
      90 |
    > 91 |   await page.waitForFunction(
         |              ^
      92 |     (state) => {
      93 |       const gameContainer = document.querySelector('[data-game-state]');
      94 |       return gameContainer && gameContainer.getAttribute('data-game-state') === state;
        at waitForGameState (/Users/michaelhaufschild/Documents/code/plinko/scripts/playwright/test-helpers.mjs:91:14)
        at /Users/michaelhaufschild/Documents/code/plinko/scripts/playwright/e2e/performance.spec.mjs:105:13

    attachment #1: screenshot (image/png) ──────────────────────────────────────────────────────────
    ../../../test-results/performance-Performance-sh-5d670-mory-across-multiple-rounds-chromium/test-failed-1.png
    ────────────────────────────────────────────────────────────────────────────────────────────────

    attachment #2: video (video/webm) ──────────────────────────────────────────────────────────────
    ../../../test-results/performance-Performance-sh-5d670-mory-across-multiple-rounds-chromium/video.webm
    ────────────────────────────────────────────────────────────────────────────────────────────────

    Error Context: ../../../test-results/performance-Performance-sh-5d670-mory-across-multiple-rounds-chromium/error-context.md
]]>
</failure>
<system-out>
<![CDATA[
[[ATTACHMENT|../../../test-results/performance-Performance-sh-5d670-mory-across-multiple-rounds-chromium/test-failed-1.png]]

[[ATTACHMENT|../../../test-results/performance-Performance-sh-5d670-mory-across-multiple-rounds-chromium/video.webm]]

[[ATTACHMENT|../../../test-results/performance-Performance-sh-5d670-mory-across-multiple-rounds-chromium/error-context.md]]
]]>
</system-out>
</testcase>
<testcase name="Performance › should render animations without jank" classname="performance.spec.mjs" time="3.397">
<system-out>
<![CDATA[Janky frames: 0.0%
]]>
</system-out>
</testcase>
<testcase name="Performance › should complete ball drop in reasonable time" classname="performance.spec.mjs" time="11.97">
<failure message="performance.spec.mjs:163:3 should complete ball drop in reasonable time" type="FAILURE">
<![CDATA[  [chromium] › performance.spec.mjs:163:3 › Performance › should complete ball drop in reasonable time 

    TimeoutError: page.waitForFunction: Timeout 10000ms exceeded.

       at ../test-helpers.mjs:91

      89 |   const { timeout = 10000 } = options;
      90 |
    > 91 |   await page.waitForFunction(
         |              ^
      92 |     (state) => {
      93 |       const gameContainer = document.querySelector('[data-game-state]');
      94 |       return gameContainer && gameContainer.getAttribute('data-game-state') === state;
        at waitForGameState (/Users/michaelhaufschild/Documents/code/plinko/scripts/playwright/test-helpers.mjs:91:14)
        at /Users/michaelhaufschild/Documents/code/plinko/scripts/playwright/e2e/performance.spec.mjs:169:11

    attachment #1: screenshot (image/png) ──────────────────────────────────────────────────────────
    ../../../test-results/performance-Performance-sh-37255-all-drop-in-reasonable-time-chromium/test-failed-1.png
    ────────────────────────────────────────────────────────────────────────────────────────────────

    attachment #2: video (video/webm) ──────────────────────────────────────────────────────────────
    ../../../test-results/performance-Performance-sh-37255-all-drop-in-reasonable-time-chromium/video.webm
    ────────────────────────────────────────────────────────────────────────────────────────────────

    Error Context: ../../../test-results/performance-Performance-sh-37255-all-drop-in-reasonable-time-chromium/error-context.md
]]>
</failure>
<system-out>
<![CDATA[
[[ATTACHMENT|../../../test-results/performance-Performance-sh-37255-all-drop-in-reasonable-time-chromium/test-failed-1.png]]

[[ATTACHMENT|../../../test-results/performance-Performance-sh-37255-all-drop-in-reasonable-time-chromium/video.webm]]

[[ATTACHMENT|../../../test-results/performance-Performance-sh-37255-all-drop-in-reasonable-time-chromium/error-context.md]]
]]>
</system-out>
</testcase>
<testcase name="Performance › should handle rapid interactions without performance degradation" classname="performance.spec.mjs" time="4.076">
<system-out>
<![CDATA[Average FPS during rapid interactions: 72.5
]]>
</system-out>
</testcase>
<testcase name="Performance › should have acceptable bundle load time" classname="performance.spec.mjs" time="1.419">
<system-out>
<![CDATA[Performance timing: {
  domContentLoaded: [33m0[39m,
  loadComplete: [33m0[39m,
  responseTime: [33m1.4000000357627869[39m
}
]]>
</system-out>
</testcase>
<testcase name="Performance › should maintain performance with multiple animations" classname="performance.spec.mjs" time="11.984">
<failure message="performance.spec.mjs:238:3 should maintain performance with multiple animations" type="FAILURE">
<![CDATA[  [chromium] › performance.spec.mjs:238:3 › Performance › should maintain performance with multiple animations 

    TimeoutError: page.waitForFunction: Timeout 10000ms exceeded.

       at ../test-helpers.mjs:91

      89 |   const { timeout = 10000 } = options;
      90 |
    > 91 |   await page.waitForFunction(
         |              ^
      92 |     (state) => {
      93 |       const gameContainer = document.querySelector('[data-game-state]');
      94 |       return gameContainer && gameContainer.getAttribute('data-game-state') === state;
        at waitForGameState (/Users/michaelhaufschild/Documents/code/plinko/scripts/playwright/test-helpers.mjs:91:14)
        at /Users/michaelhaufschild/Documents/code/plinko/scripts/playwright/e2e/performance.spec.mjs:249:11

    attachment #1: screenshot (image/png) ──────────────────────────────────────────────────────────
    ../../../test-results/performance-Performance-sh-ea171-ce-with-multiple-animations-chromium/test-failed-1.png
    ────────────────────────────────────────────────────────────────────────────────────────────────

    attachment #2: video (video/webm) ──────────────────────────────────────────────────────────────
    ../../../test-results/performance-Performance-sh-ea171-ce-with-multiple-animations-chromium/video.webm
    ────────────────────────────────────────────────────────────────────────────────────────────────

    Error Context: ../../../test-results/performance-Performance-sh-ea171-ce-with-multiple-animations-chromium/error-context.md
]]>
</failure>
<system-out>
<![CDATA[
[[ATTACHMENT|../../../test-results/performance-Performance-sh-ea171-ce-with-multiple-animations-chromium/test-failed-1.png]]

[[ATTACHMENT|../../../test-results/performance-Performance-sh-ea171-ce-with-multiple-animations-chromium/video.webm]]

[[ATTACHMENT|../../../test-results/performance-Performance-sh-ea171-ce-with-multiple-animations-chromium/error-context.md]]
]]>
</system-out>
</testcase>
</testsuite>
<testsuite name="physics-determinism.spec.mjs" timestamp="2025-10-17T10:45:13.298Z" hostname="chromium" tests="6" failures="6" skipped="0" time="72.788" errors="0">
<testcase name="Physics Determinism › same seed should produce same landing slot" classname="physics-determinism.spec.mjs" time="12.276">
<failure message="physics-determinism.spec.mjs:18:3 same seed should produce same landing slot" type="FAILURE">
<![CDATA[  [chromium] › physics-determinism.spec.mjs:18:3 › Physics Determinism › same seed should produce same landing slot 

    TimeoutError: page.waitForFunction: Timeout 10000ms exceeded.

       at ../test-helpers.mjs:91

      89 |   const { timeout = 10000 } = options;
      90 |
    > 91 |   await page.waitForFunction(
         |              ^
      92 |     (state) => {
      93 |       const gameContainer = document.querySelector('[data-game-state]');
      94 |       return gameContainer && gameContainer.getAttribute('data-game-state') === state;
        at waitForGameState (/Users/michaelhaufschild/Documents/code/plinko/scripts/playwright/test-helpers.mjs:91:14)
        at /Users/michaelhaufschild/Documents/code/plinko/scripts/playwright/e2e/physics-determinism.spec.mjs:45:13

    attachment #1: screenshot (image/png) ──────────────────────────────────────────────────────────
    ../../../test-results/physics-determinism-Physic-fdbcc-d-produce-same-landing-slot-chromium/test-failed-1.png
    ────────────────────────────────────────────────────────────────────────────────────────────────

    attachment #2: video (video/webm) ──────────────────────────────────────────────────────────────
    ../../../test-results/physics-determinism-Physic-fdbcc-d-produce-same-landing-slot-chromium/video.webm
    ────────────────────────────────────────────────────────────────────────────────────────────────

    Error Context: ../../../test-results/physics-determinism-Physic-fdbcc-d-produce-same-landing-slot-chromium/error-context.md
]]>
</failure>
<system-out>
<![CDATA[
[[ATTACHMENT|../../../test-results/physics-determinism-Physic-fdbcc-d-produce-same-landing-slot-chromium/test-failed-1.png]]

[[ATTACHMENT|../../../test-results/physics-determinism-Physic-fdbcc-d-produce-same-landing-slot-chromium/video.webm]]

[[ATTACHMENT|../../../test-results/physics-determinism-Physic-fdbcc-d-produce-same-landing-slot-chromium/error-context.md]]
]]>
</system-out>
</testcase>
<testcase name="Physics Determinism › different seeds should produce varied outcomes" classname="physics-determinism.spec.mjs" time="11.966">
<failure message="physics-determinism.spec.mjs:74:3 different seeds should produce varied outcomes" type="FAILURE">
<![CDATA[  [chromium] › physics-determinism.spec.mjs:74:3 › Physics Determinism › different seeds should produce varied outcomes 

    TimeoutError: page.waitForFunction: Timeout 10000ms exceeded.

       at ../test-helpers.mjs:91

      89 |   const { timeout = 10000 } = options;
      90 |
    > 91 |   await page.waitForFunction(
         |              ^
      92 |     (state) => {
      93 |       const gameContainer = document.querySelector('[data-game-state]');
      94 |       return gameContainer && gameContainer.getAttribute('data-game-state') === state;
        at waitForGameState (/Users/michaelhaufschild/Documents/code/plinko/scripts/playwright/test-helpers.mjs:91:14)
        at /Users/michaelhaufschild/Documents/code/plinko/scripts/playwright/e2e/physics-determinism.spec.mjs:99:13

    attachment #1: screenshot (image/png) ──────────────────────────────────────────────────────────
    ../../../test-results/physics-determinism-Physic-fc9e1-uld-produce-varied-outcomes-chromium/test-failed-1.png
    ────────────────────────────────────────────────────────────────────────────────────────────────

    attachment #2: video (video/webm) ──────────────────────────────────────────────────────────────
    ../../../test-results/physics-determinism-Physic-fc9e1-uld-produce-varied-outcomes-chromium/video.webm
    ────────────────────────────────────────────────────────────────────────────────────────────────

    Error Context: ../../../test-results/physics-determinism-Physic-fc9e1-uld-produce-varied-outcomes-chromium/error-context.md
]]>
</failure>
<system-out>
<![CDATA[
[[ATTACHMENT|../../../test-results/physics-determinism-Physic-fc9e1-uld-produce-varied-outcomes-chromium/test-failed-1.png]]

[[ATTACHMENT|../../../test-results/physics-determinism-Physic-fc9e1-uld-produce-varied-outcomes-chromium/video.webm]]

[[ATTACHMENT|../../../test-results/physics-determinism-Physic-fc9e1-uld-produce-varied-outcomes-chromium/error-context.md]]
]]>
</system-out>
</testcase>
<testcase name="Physics Determinism › ball should never get stuck or freeze" classname="physics-determinism.spec.mjs" time="12.156">
<failure message="physics-determinism.spec.mjs:121:3 ball should never get stuck or freeze" type="FAILURE">
<![CDATA[  [chromium] › physics-determinism.spec.mjs:121:3 › Physics Determinism › ball should never get stuck or freeze 

    TimeoutError: page.waitForFunction: Timeout 10000ms exceeded.

       at ../test-helpers.mjs:91

      89 |   const { timeout = 10000 } = options;
      90 |
    > 91 |   await page.waitForFunction(
         |              ^
      92 |     (state) => {
      93 |       const gameContainer = document.querySelector('[data-game-state]');
      94 |       return gameContainer && gameContainer.getAttribute('data-game-state') === state;
        at waitForGameState (/Users/michaelhaufschild/Documents/code/plinko/scripts/playwright/test-helpers.mjs:91:14)
        at /Users/michaelhaufschild/Documents/code/plinko/scripts/playwright/e2e/physics-determinism.spec.mjs:128:11

    attachment #1: screenshot (image/png) ──────────────────────────────────────────────────────────
    ../../../test-results/physics-determinism-Physic-0ff4f-d-never-get-stuck-or-freeze-chromium/test-failed-1.png
    ────────────────────────────────────────────────────────────────────────────────────────────────

    attachment #2: video (video/webm) ──────────────────────────────────────────────────────────────
    ../../../test-results/physics-determinism-Physic-0ff4f-d-never-get-stuck-or-freeze-chromium/video.webm
    ────────────────────────────────────────────────────────────────────────────────────────────────

    Error Context: ../../../test-results/physics-determinism-Physic-0ff4f-d-never-get-stuck-or-freeze-chromium/error-context.md
]]>
</failure>
<system-out>
<![CDATA[
[[ATTACHMENT|../../../test-results/physics-determinism-Physic-0ff4f-d-never-get-stuck-or-freeze-chromium/test-failed-1.png]]

[[ATTACHMENT|../../../test-results/physics-determinism-Physic-0ff4f-d-never-get-stuck-or-freeze-chromium/video.webm]]

[[ATTACHMENT|../../../test-results/physics-determinism-Physic-0ff4f-d-never-get-stuck-or-freeze-chromium/error-context.md]]
]]>
</system-out>
</testcase>
<testcase name="Physics Determinism › ball should always land in a valid slot" classname="physics-determinism.spec.mjs" time="12.121">
<failure message="physics-determinism.spec.mjs:137:3 ball should always land in a valid slot" type="FAILURE">
<![CDATA[  [chromium] › physics-determinism.spec.mjs:137:3 › Physics Determinism › ball should always land in a valid slot 

    TimeoutError: page.waitForFunction: Timeout 10000ms exceeded.

       at ../test-helpers.mjs:91

      89 |   const { timeout = 10000 } = options;
      90 |
    > 91 |   await page.waitForFunction(
         |              ^
      92 |     (state) => {
      93 |       const gameContainer = document.querySelector('[data-game-state]');
      94 |       return gameContainer && gameContainer.getAttribute('data-game-state') === state;
        at waitForGameState (/Users/michaelhaufschild/Documents/code/plinko/scripts/playwright/test-helpers.mjs:91:14)
        at /Users/michaelhaufschild/Documents/code/plinko/scripts/playwright/e2e/physics-determinism.spec.mjs:143:11

    attachment #1: screenshot (image/png) ──────────────────────────────────────────────────────────
    ../../../test-results/physics-determinism-Physic-f5e84-always-land-in-a-valid-slot-chromium/test-failed-1.png
    ────────────────────────────────────────────────────────────────────────────────────────────────

    attachment #2: video (video/webm) ──────────────────────────────────────────────────────────────
    ../../../test-results/physics-determinism-Physic-f5e84-always-land-in-a-valid-slot-chromium/video.webm
    ────────────────────────────────────────────────────────────────────────────────────────────────

    Error Context: ../../../test-results/physics-determinism-Physic-f5e84-always-land-in-a-valid-slot-chromium/error-context.md
]]>
</failure>
<system-out>
<![CDATA[
[[ATTACHMENT|../../../test-results/physics-determinism-Physic-f5e84-always-land-in-a-valid-slot-chromium/test-failed-1.png]]

[[ATTACHMENT|../../../test-results/physics-determinism-Physic-f5e84-always-land-in-a-valid-slot-chromium/video.webm]]

[[ATTACHMENT|../../../test-results/physics-determinism-Physic-f5e84-always-land-in-a-valid-slot-chromium/error-context.md]]
]]>
</system-out>
</testcase>
<testcase name="Physics Determinism › trajectory should be realistic (no teleporting)" classname="physics-determinism.spec.mjs" time="12.122">
<failure message="physics-determinism.spec.mjs:172:3 trajectory should be realistic (no teleporting)" type="FAILURE">
<![CDATA[  [chromium] › physics-determinism.spec.mjs:172:3 › Physics Determinism › trajectory should be realistic (no teleporting) 

    TimeoutError: page.waitForFunction: Timeout 10000ms exceeded.

       at ../test-helpers.mjs:91

      89 |   const { timeout = 10000 } = options;
      90 |
    > 91 |   await page.waitForFunction(
         |              ^
      92 |     (state) => {
      93 |       const gameContainer = document.querySelector('[data-game-state]');
      94 |       return gameContainer && gameContainer.getAttribute('data-game-state') === state;
        at waitForGameState (/Users/michaelhaufschild/Documents/code/plinko/scripts/playwright/test-helpers.mjs:91:14)
        at /Users/michaelhaufschild/Documents/code/plinko/scripts/playwright/e2e/physics-determinism.spec.mjs:201:11

    attachment #1: screenshot (image/png) ──────────────────────────────────────────────────────────
    ../../../test-results/physics-determinism-Physic-abeea-e-realistic-no-teleporting--chromium/test-failed-1.png
    ────────────────────────────────────────────────────────────────────────────────────────────────

    attachment #2: video (video/webm) ──────────────────────────────────────────────────────────────
    ../../../test-results/physics-determinism-Physic-abeea-e-realistic-no-teleporting--chromium/video.webm
    ────────────────────────────────────────────────────────────────────────────────────────────────

    Error Context: ../../../test-results/physics-determinism-Physic-abeea-e-realistic-no-teleporting--chromium/error-context.md
]]>
</failure>
<system-out>
<![CDATA[
[[ATTACHMENT|../../../test-results/physics-determinism-Physic-abeea-e-realistic-no-teleporting--chromium/test-failed-1.png]]

[[ATTACHMENT|../../../test-results/physics-determinism-Physic-abeea-e-realistic-no-teleporting--chromium/video.webm]]

[[ATTACHMENT|../../../test-results/physics-determinism-Physic-abeea-e-realistic-no-teleporting--chromium/error-context.md]]
]]>
</system-out>
</testcase>
<testcase name="Physics Determinism › ball should move downward consistently" classname="physics-determinism.spec.mjs" time="12.147">
<failure message="physics-determinism.spec.mjs:219:3 ball should move downward consistently" type="FAILURE">
<![CDATA[  [chromium] › physics-determinism.spec.mjs:219:3 › Physics Determinism › ball should move downward consistently 

    TimeoutError: page.waitForFunction: Timeout 10000ms exceeded.

       at ../test-helpers.mjs:91

      89 |   const { timeout = 10000 } = options;
      90 |
    > 91 |   await page.waitForFunction(
         |              ^
      92 |     (state) => {
      93 |       const gameContainer = document.querySelector('[data-game-state]');
      94 |       return gameContainer && gameContainer.getAttribute('data-game-state') === state;
        at waitForGameState (/Users/michaelhaufschild/Documents/code/plinko/scripts/playwright/test-helpers.mjs:91:14)
        at /Users/michaelhaufschild/Documents/code/plinko/scripts/playwright/e2e/physics-determinism.spec.mjs:247:11

    attachment #1: screenshot (image/png) ──────────────────────────────────────────────────────────
    ../../../test-results/physics-determinism-Physic-f7f93--move-downward-consistently-chromium/test-failed-1.png
    ────────────────────────────────────────────────────────────────────────────────────────────────

    attachment #2: video (video/webm) ──────────────────────────────────────────────────────────────
    ../../../test-results/physics-determinism-Physic-f7f93--move-downward-consistently-chromium/video.webm
    ────────────────────────────────────────────────────────────────────────────────────────────────

    Error Context: ../../../test-results/physics-determinism-Physic-f7f93--move-downward-consistently-chromium/error-context.md
]]>
</failure>
<system-out>
<![CDATA[
[[ATTACHMENT|../../../test-results/physics-determinism-Physic-f7f93--move-downward-consistently-chromium/test-failed-1.png]]

[[ATTACHMENT|../../../test-results/physics-determinism-Physic-f7f93--move-downward-consistently-chromium/video.webm]]

[[ATTACHMENT|../../../test-results/physics-determinism-Physic-f7f93--move-downward-consistently-chromium/error-context.md]]
]]>
</system-out>
</testcase>
</testsuite>
<testsuite name="prize-claim.spec.mjs" timestamp="2025-10-17T10:45:13.298Z" hostname="chromium" tests="4" failures="4" skipped="0" time="98.328" errors="0">
<testcase name="Prize Claiming Flow › should claim free prize reward" classname="prize-claim.spec.mjs" time="30.057">
<failure message="prize-claim.spec.mjs:27:3 should claim free prize reward" type="FAILURE">
<![CDATA[  [chromium] › prize-claim.spec.mjs:27:3 › Prize Claiming Flow › should claim free prize reward ────

    Test timeout of 30000ms exceeded.

    Error: page.waitForTimeout: Target page, context or browser has been closed

       at ../test-helpers.mjs:187

      185 |
      186 |   // Additional wait for any prize reveal animations
    > 187 |   await page.waitForTimeout(1000);
          |              ^
      188 | }
      189 |
      190 | /**
        at waitForBallDrop (/Users/michaelhaufschild/Documents/code/plinko/scripts/playwright/test-helpers.mjs:187:14)
        at /Users/michaelhaufschild/Documents/code/plinko/scripts/playwright/e2e/prize-claim.spec.mjs:38:5

    attachment #1: screenshot (image/png) ──────────────────────────────────────────────────────────
    ../../../test-results/prize-claim-Prize-Claiming-726cc-uld-claim-free-prize-reward-chromium/test-failed-1.png
    ────────────────────────────────────────────────────────────────────────────────────────────────

    attachment #2: video (video/webm) ──────────────────────────────────────────────────────────────
    ../../../test-results/prize-claim-Prize-Claiming-726cc-uld-claim-free-prize-reward-chromium/video.webm
    ────────────────────────────────────────────────────────────────────────────────────────────────

    Error Context: ../../../test-results/prize-claim-Prize-Claiming-726cc-uld-claim-free-prize-reward-chromium/error-context.md
]]>
</failure>
<system-out>
<![CDATA[
📦 Testing Free Prize Claim...

[[ATTACHMENT|../../../test-results/prize-claim-Prize-Claiming-726cc-uld-claim-free-prize-reward-chromium/test-failed-1.png]]

[[ATTACHMENT|../../../test-results/prize-claim-Prize-Claiming-726cc-uld-claim-free-prize-reward-chromium/video.webm]]

[[ATTACHMENT|../../../test-results/prize-claim-Prize-Claiming-726cc-uld-claim-free-prize-reward-chromium/error-context.md]]
]]>
</system-out>
</testcase>
<testcase name="Prize Claiming Flow › should display no-win prize correctly" classname="prize-claim.spec.mjs" time="30.077">
<failure message="prize-claim.spec.mjs:77:3 should display no-win prize correctly" type="FAILURE">
<![CDATA[  [chromium] › prize-claim.spec.mjs:77:3 › Prize Claiming Flow › should display no-win prize correctly 

    Test timeout of 30000ms exceeded.

    Error: page.waitForTimeout: Target page, context or browser has been closed

       at ../test-helpers.mjs:187

      185 |
      186 |   // Additional wait for any prize reveal animations
    > 187 |   await page.waitForTimeout(1000);
          |              ^
      188 | }
      189 |
      190 | /**
        at waitForBallDrop (/Users/michaelhaufschild/Documents/code/plinko/scripts/playwright/test-helpers.mjs:187:14)
        at /Users/michaelhaufschild/Documents/code/plinko/scripts/playwright/e2e/prize-claim.spec.mjs:88:5

    attachment #1: screenshot (image/png) ──────────────────────────────────────────────────────────
    ../../../test-results/prize-claim-Prize-Claiming-357aa-play-no-win-prize-correctly-chromium/test-failed-1.png
    ────────────────────────────────────────────────────────────────────────────────────────────────

    attachment #2: video (video/webm) ──────────────────────────────────────────────────────────────
    ../../../test-results/prize-claim-Prize-Claiming-357aa-play-no-win-prize-correctly-chromium/video.webm
    ────────────────────────────────────────────────────────────────────────────────────────────────

    Error Context: ../../../test-results/prize-claim-Prize-Claiming-357aa-play-no-win-prize-correctly-chromium/error-context.md
]]>
</failure>
<system-out>
<![CDATA[
🚫 Testing No-Win Prize...

[[ATTACHMENT|../../../test-results/prize-claim-Prize-Claiming-357aa-play-no-win-prize-correctly-chromium/test-failed-1.png]]

[[ATTACHMENT|../../../test-results/prize-claim-Prize-Claiming-357aa-play-no-win-prize-correctly-chromium/video.webm]]

[[ATTACHMENT|../../../test-results/prize-claim-Prize-Claiming-357aa-play-no-win-prize-correctly-chromium/error-context.md]]
]]>
</system-out>
</testcase>
<testcase name="Prize Claiming Flow › should display purchase offer prize correctly" classname="prize-claim.spec.mjs" time="19.033">
<failure message="prize-claim.spec.mjs:121:3 should display purchase offer prize correctly" type="FAILURE">
<![CDATA[  [chromium] › prize-claim.spec.mjs:121:3 › Prize Claiming Flow › should display purchase offer prize correctly 

    TimeoutError: page.waitForFunction: Timeout 5000ms exceeded.

       at ../test-helpers.mjs:91

      89 |   const { timeout = 10000 } = options;
      90 |
    > 91 |   await page.waitForFunction(
         |              ^
      92 |     (state) => {
      93 |       const gameContainer = document.querySelector('[data-game-state]');
      94 |       return gameContainer && gameContainer.getAttribute('data-game-state') === state;
        at waitForGameState (/Users/michaelhaufschild/Documents/code/plinko/scripts/playwright/test-helpers.mjs:91:14)
        at /Users/michaelhaufschild/Documents/code/plinko/scripts/playwright/e2e/prize-claim.spec.mjs:133:11

    attachment #1: screenshot (image/png) ──────────────────────────────────────────────────────────
    ../../../test-results/prize-claim-Prize-Claiming-3bd4c-chase-offer-prize-correctly-chromium/test-failed-1.png
    ────────────────────────────────────────────────────────────────────────────────────────────────

    attachment #2: video (video/webm) ──────────────────────────────────────────────────────────────
    ../../../test-results/prize-claim-Prize-Claiming-3bd4c-chase-offer-prize-correctly-chromium/video.webm
    ────────────────────────────────────────────────────────────────────────────────────────────────

    Error Context: ../../../test-results/prize-claim-Prize-Claiming-3bd4c-chase-offer-prize-correctly-chromium/error-context.md
]]>
</failure>
<system-out>
<![CDATA[
💰 Testing Purchase Offer Prize...

[[ATTACHMENT|../../../test-results/prize-claim-Prize-Claiming-3bd4c-chase-offer-prize-correctly-chromium/test-failed-1.png]]

[[ATTACHMENT|../../../test-results/prize-claim-Prize-Claiming-3bd4c-chase-offer-prize-correctly-chromium/video.webm]]

[[ATTACHMENT|../../../test-results/prize-claim-Prize-Claiming-3bd4c-chase-offer-prize-correctly-chromium/error-context.md]]
]]>
</system-out>
</testcase>
<testcase name="Prize Claiming Flow › should handle multiple consecutive claim rounds" classname="prize-claim.spec.mjs" time="19.161">
<failure message="prize-claim.spec.mjs:173:3 should handle multiple consecutive claim rounds" type="FAILURE">
<![CDATA[  [chromium] › prize-claim.spec.mjs:173:3 › Prize Claiming Flow › should handle multiple consecutive claim rounds 

    TimeoutError: page.waitForFunction: Timeout 5000ms exceeded.

       at ../test-helpers.mjs:91

      89 |   const { timeout = 10000 } = options;
      90 |
    > 91 |   await page.waitForFunction(
         |              ^
      92 |     (state) => {
      93 |       const gameContainer = document.querySelector('[data-game-state]');
      94 |       return gameContainer && gameContainer.getAttribute('data-game-state') === state;
        at waitForGameState (/Users/michaelhaufschild/Documents/code/plinko/scripts/playwright/test-helpers.mjs:91:14)
        at /Users/michaelhaufschild/Documents/code/plinko/scripts/playwright/e2e/prize-claim.spec.mjs:188:13

    attachment #1: screenshot (image/png) ──────────────────────────────────────────────────────────
    ../../../test-results/prize-claim-Prize-Claiming-771d3-le-consecutive-claim-rounds-chromium/test-failed-1.png
    ────────────────────────────────────────────────────────────────────────────────────────────────

    attachment #2: video (video/webm) ──────────────────────────────────────────────────────────────
    ../../../test-results/prize-claim-Prize-Claiming-771d3-le-consecutive-claim-rounds-chromium/video.webm
    ────────────────────────────────────────────────────────────────────────────────────────────────

    Error Context: ../../../test-results/prize-claim-Prize-Claiming-771d3-le-consecutive-claim-rounds-chromium/error-context.md
]]>
</failure>
<system-out>
<![CDATA[
🔄 Testing Multiple Claim Rounds...
   Round 1...

[[ATTACHMENT|../../../test-results/prize-claim-Prize-Claiming-771d3-le-consecutive-claim-rounds-chromium/test-failed-1.png]]

[[ATTACHMENT|../../../test-results/prize-claim-Prize-Claiming-771d3-le-consecutive-claim-rounds-chromium/video.webm]]

[[ATTACHMENT|../../../test-results/prize-claim-Prize-Claiming-771d3-le-consecutive-claim-rounds-chromium/error-context.md]]
]]>
</system-out>
</testcase>
</testsuite>
<testsuite name="reset-behavior.spec.mjs" timestamp="2025-10-17T10:45:13.298Z" hostname="chromium" tests="6" failures="2" skipped="0" time="81.638" errors="0">
<testcase name="Reset Behavior › should reset from ready state" classname="reset-behavior.spec.mjs" time="1.827">
<system-out>
<![CDATA[
🔄 Testing Reset from Ready State...
   ✓ Game ready
   ✓ Reset successful, game ready again
   📸 Saved to screenshots/reset-01-from-ready-2025-10-17T10-46-10.png
   ✅ Reset from Ready test passed
]]>
</system-out>
</testcase>
<testcase name="Reset Behavior › should reset during countdown" classname="reset-behavior.spec.mjs" time="5.34">
<system-out>
<![CDATA[
⏱️ Testing Reset during Countdown...
   ✓ Countdown started
   📸 Saved to screenshots/reset-02-countdown-2025-10-17T10-46-13.png
   ✓ Reset successful from countdown
   ✓ Game can restart after reset
   ✅ Reset during Countdown test passed
]]>
</system-out>
</testcase>
<testcase name="Reset Behavior › should reset during ball drop animation" classname="reset-behavior.spec.mjs" time="9.025">
<system-out>
<![CDATA[
🎬 Testing Reset during Ball Drop Animation...
   ✓ Ball dropping
   📸 Saved to screenshots/reset-03-dropping-2025-10-17T10-46-16.png
   ✓ Reset successful during animation
   ⚠ Ball still visible after reset
   ✓ Game can restart after animation reset
   ✅ Reset during Animation test passed
]]>
</system-out>
</testcase>
<testcase name="Reset Behavior › should reset after prize reveal" classname="reset-behavior.spec.mjs" time="30.05">
<failure message="reset-behavior.spec.mjs:108:3 should reset after prize reveal" type="FAILURE">
<![CDATA[  [chromium] › reset-behavior.spec.mjs:108:3 › Reset Behavior › should reset after prize reveal ────

    Test timeout of 30000ms exceeded.

    Error: page.waitForTimeout: Target page, context or browser has been closed

       at ../test-helpers.mjs:187

      185 |
      186 |   // Additional wait for any prize reveal animations
    > 187 |   await page.waitForTimeout(1000);
          |              ^
      188 | }
      189 |
      190 | /**
        at waitForBallDrop (/Users/michaelhaufschild/Documents/code/plinko/scripts/playwright/test-helpers.mjs:187:14)
        at /Users/michaelhaufschild/Documents/code/plinko/scripts/playwright/e2e/reset-behavior.spec.mjs:117:5

    attachment #1: screenshot (image/png) ──────────────────────────────────────────────────────────
    ../../../test-results/reset-behavior-Reset-Behav-4f6c1-ld-reset-after-prize-reveal-chromium/test-failed-1.png
    ────────────────────────────────────────────────────────────────────────────────────────────────

    attachment #2: video (video/webm) ──────────────────────────────────────────────────────────────
    ../../../test-results/reset-behavior-Reset-Behav-4f6c1-ld-reset-after-prize-reveal-chromium/video.webm
    ────────────────────────────────────────────────────────────────────────────────────────────────

    Error Context: ../../../test-results/reset-behavior-Reset-Behav-4f6c1-ld-reset-after-prize-reveal-chromium/error-context.md
]]>
</failure>
<system-out>
<![CDATA[
🎁 Testing Reset after Prize Reveal...

[[ATTACHMENT|../../../test-results/reset-behavior-Reset-Behav-4f6c1-ld-reset-after-prize-reveal-chromium/test-failed-1.png]]

[[ATTACHMENT|../../../test-results/reset-behavior-Reset-Behav-4f6c1-ld-reset-after-prize-reveal-chromium/video.webm]]

[[ATTACHMENT|../../../test-results/reset-behavior-Reset-Behav-4f6c1-ld-reset-after-prize-reveal-chromium/error-context.md]]
]]>
</system-out>
</testcase>
<testcase name="Reset Behavior › should handle multiple consecutive resets" classname="reset-behavior.spec.mjs" time="17.107">
<system-out>
<![CDATA[
🔁 Testing Multiple Consecutive Resets...
   Reset cycle 1...
   ✓ Reset cycle 1 complete
   Reset cycle 2...
   ✓ Reset cycle 2 complete
   Reset cycle 3...
   ✓ Reset cycle 3 complete
   Reset cycle 4...
   ✓ Reset cycle 4 complete
   Reset cycle 5...
   ✓ Reset cycle 5 complete
   📸 Saved to screenshots/reset-05-multiple-2025-10-17T10-46-29.png
   ✓ Game still functional after multiple resets
   ✅ Multiple Consecutive Resets test passed
]]>
</system-out>
</testcase>
<testcase name="Reset Behavior › should cleanup state properly after reset" classname="reset-behavior.spec.mjs" time="18.289">
<failure message="reset-behavior.spec.mjs:180:3 should cleanup state properly after reset" type="FAILURE">
<![CDATA[  [chromium] › reset-behavior.spec.mjs:180:3 › Reset Behavior › should cleanup state properly after reset 

    TimeoutError: page.waitForFunction: Timeout 5000ms exceeded.

       at ../test-helpers.mjs:91

      89 |   const { timeout = 10000 } = options;
      90 |
    > 91 |   await page.waitForFunction(
         |              ^
      92 |     (state) => {
      93 |       const gameContainer = document.querySelector('[data-game-state]');
      94 |       return gameContainer && gameContainer.getAttribute('data-game-state') === state;
        at waitForGameState (/Users/michaelhaufschild/Documents/code/plinko/scripts/playwright/test-helpers.mjs:91:14)
        at /Users/michaelhaufschild/Documents/code/plinko/scripts/playwright/e2e/reset-behavior.spec.mjs:190:11

    attachment #1: screenshot (image/png) ──────────────────────────────────────────────────────────
    ../../../test-results/reset-behavior-Reset-Behav-a5392--state-properly-after-reset-chromium/test-failed-1.png
    ────────────────────────────────────────────────────────────────────────────────────────────────

    attachment #2: video (video/webm) ──────────────────────────────────────────────────────────────
    ../../../test-results/reset-behavior-Reset-Behav-a5392--state-properly-after-reset-chromium/video.webm
    ────────────────────────────────────────────────────────────────────────────────────────────────

    Error Context: ../../../test-results/reset-behavior-Reset-Behav-a5392--state-properly-after-reset-chromium/error-context.md
]]>
</failure>
<system-out>
<![CDATA[
🧹 Testing State Cleanup after Reset...

[[ATTACHMENT|../../../test-results/reset-behavior-Reset-Behav-a5392--state-properly-after-reset-chromium/test-failed-1.png]]

[[ATTACHMENT|../../../test-results/reset-behavior-Reset-Behav-a5392--state-properly-after-reset-chromium/video.webm]]

[[ATTACHMENT|../../../test-results/reset-behavior-Reset-Behav-a5392--state-properly-after-reset-chromium/error-context.md]]
]]>
</system-out>
</testcase>
</testsuite>
<testsuite name="start-to-board-transition.spec.mjs" timestamp="2025-10-17T10:45:13.298Z" hostname="chromium" tests="1" failures="0" skipped="0" time="3.919" errors="0">
<testcase name="Start Screen to Board Transition › should smoothly transition from start screen to board" classname="start-to-board-transition.spec.mjs" time="3.919">
<system-out>
<![CDATA[🎬 Starting E2E Test: Start Screen to Board Transition

Step 1: Verifying start screen...
   ✓ Page loaded
   ✓ Title visible
   ✓ Prize list visible
   ✓ Drop Ball button visible
   📸 Saved to screenshots/transition-01-start-screen-2025-10-17T10-46-27.png

Step 2: Capturing transition animation...
   Clicking Drop Ball button...
   📸 Captured frame 1
   📸 Captured frame 2
   📸 Captured frame 3
   📸 Captured frame 4
   📸 Captured frame 5
   📸 Captured frame 6
   ✓ Captured 6 transition frames

Step 3: Verifying board visibility...
   ✓ Plinko board visible
   ✓ Start screen properly hidden
   📸 Saved to screenshots/transition-02-board-visible-2025-10-17T10-46-29.png

Step 4: Visual transition validation...
   ✓ Board fully visible (opacity: 1)

Step 5: Transition timing analysis...
   ✓ Transition duration: ~650ms (coordinated)
   ✓ Start exit: scale(0.95) + y(-20px) + fade
   ✓ Board entrance: scale(0.88→1) + y(40px→0) + fade with delay

Step 6: Checking for layout issues...
   📸 Saved to screenshots/transition-03-settled-2025-10-17T10-46-29.png
   ✓ Board positioned at (452.5, 35)
   ✓ No layout shift detected

✅ Start to Board Transition test PASSED

Key achievements:
  • Smooth coordinated exit/entrance
  • No jarring instant transitions
  • Matches sophistication of prize reveal transition

Screenshots saved to screenshots/ directory
]]>
</system-out>
</testcase>
</testsuite>
<testsuite name="state-machine.spec.mjs" timestamp="2025-10-17T10:45:13.298Z" hostname="chromium" tests="8" failures="3" skipped="0" time="128.244" errors="0">
<testcase name="State Machine › should follow valid state progression" classname="state-machine.spec.mjs" time="12.679">
<system-out>
<![CDATA[State progression: [
  [32m'ready'[39m,
  [32m'selecting-position'[39m,
  [32m'countdown'[39m,
  [32m'dropping'[39m,
  [32m'landed'[39m,
  [32m'celebrating'[39m,
  [32m'revealed'[39m
]
Valid state progression confirmed
]]>
</system-out>
</testcase>
<testcase name="State Machine › should prevent invalid transitions" classname="state-machine.spec.mjs" time="11.156">
<system-out>
<![CDATA[Invalid transitions handled gracefully
]]>
</system-out>
</testcase>
<testcase name="State Machine › should handle rapid user clicks gracefully" classname="state-machine.spec.mjs" time="17.169">
<failure message="state-machine.spec.mjs:94:3 should handle rapid user clicks gracefully" type="FAILURE">
<![CDATA[  [chromium] › state-machine.spec.mjs:94:3 › State Machine › should handle rapid user clicks gracefully 

    TimeoutError: page.waitForFunction: Timeout 15000ms exceeded.

       at ../test-helpers.mjs:91

      89 |   const { timeout = 10000 } = options;
      90 |
    > 91 |   await page.waitForFunction(
         |              ^
      92 |     (state) => {
      93 |       const gameContainer = document.querySelector('[data-game-state]');
      94 |       return gameContainer && gameContainer.getAttribute('data-game-state') === state;
        at waitForGameState (/Users/michaelhaufschild/Documents/code/plinko/scripts/playwright/test-helpers.mjs:91:14)
        at /Users/michaelhaufschild/Documents/code/plinko/scripts/playwright/e2e/state-machine.spec.mjs:110:11

    attachment #1: screenshot (image/png) ──────────────────────────────────────────────────────────
    ../../../test-results/state-machine-State-Machin-3ddad-apid-user-clicks-gracefully-chromium/test-failed-1.png
    ────────────────────────────────────────────────────────────────────────────────────────────────

    attachment #2: video (video/webm) ──────────────────────────────────────────────────────────────
    ../../../test-results/state-machine-State-Machin-3ddad-apid-user-clicks-gracefully-chromium/video.webm
    ────────────────────────────────────────────────────────────────────────────────────────────────

    Error Context: ../../../test-results/state-machine-State-Machin-3ddad-apid-user-clicks-gracefully-chromium/error-context.md
]]>
</failure>
<system-out>
<![CDATA[
[[ATTACHMENT|../../../test-results/state-machine-State-Machin-3ddad-apid-user-clicks-gracefully-chromium/test-failed-1.png]]

[[ATTACHMENT|../../../test-results/state-machine-State-Machin-3ddad-apid-user-clicks-gracefully-chromium/video.webm]]

[[ATTACHMENT|../../../test-results/state-machine-State-Machin-3ddad-apid-user-clicks-gracefully-chromium/error-context.md]]
]]>
</system-out>
</testcase>
<testcase name="State Machine › should maintain state consistency" classname="state-machine.spec.mjs" time="10.812">
<system-out>
<![CDATA[State consistency maintained
]]>
</system-out>
</testcase>
<testcase name="State Machine › should handle state transitions without memory leaks" classname="state-machine.spec.mjs" time="30.083">
<failure message="state-machine.spec.mjs:136:3 should handle state transitions without memory leaks" type="FAILURE">
<![CDATA[  [chromium] › state-machine.spec.mjs:136:3 › State Machine › should handle state transitions without memory leaks 

    Test timeout of 30000ms exceeded.

    Error: page.waitForTimeout: Test timeout of 30000ms exceeded.

      146 |     for (let i = 0; i < 3; i++) {
      147 |       await startGameWithDropPosition(page);
    > 148 |       await page.waitForTimeout(500);
          |                  ^
      149 |
      150 |       await waitForGameState(page, 'revealed', { timeout: 15000 });
      151 |
        at /Users/michaelhaufschild/Documents/code/plinko/scripts/playwright/e2e/state-machine.spec.mjs:148:18

    attachment #1: screenshot (image/png) ──────────────────────────────────────────────────────────
    ../../../test-results/state-machine-State-Machin-f56b9-itions-without-memory-leaks-chromium/test-failed-1.png
    ────────────────────────────────────────────────────────────────────────────────────────────────

    attachment #2: video (video/webm) ──────────────────────────────────────────────────────────────
    ../../../test-results/state-machine-State-Machin-f56b9-itions-without-memory-leaks-chromium/video.webm
    ────────────────────────────────────────────────────────────────────────────────────────────────

    Error Context: ../../../test-results/state-machine-State-Machin-f56b9-itions-without-memory-leaks-chromium/error-context.md
]]>
</failure>
<system-out>
<![CDATA[
[[ATTACHMENT|../../../test-results/state-machine-State-Machin-f56b9-itions-without-memory-leaks-chromium/test-failed-1.png]]

[[ATTACHMENT|../../../test-results/state-machine-State-Machin-f56b9-itions-without-memory-leaks-chromium/video.webm]]

[[ATTACHMENT|../../../test-results/state-machine-State-Machin-f56b9-itions-without-memory-leaks-chromium/error-context.md]]
]]>
</system-out>
</testcase>
<testcase name="State Machine › should transition between all game states correctly" classname="state-machine.spec.mjs" time="12.255">
<system-out>
<![CDATA[Total state transitions: 617
States: ready → ready → ready → selecting-position → selecting-position → selecting-position → selecting-position → selecting-position → selecting-position → selecting-position → selecting-position → selecting-position → selecting-position → selecting-position → selecting-position → selecting-position → selecting-position → selecting-position → selecting-position → selecting-position → selecting-position → selecting-position → selecting-position → selecting-position → selecting-position → selecting-position → selecting-position → selecting-position → selecting-position → selecting-position → selecting-position → selecting-position → selecting-position → selecting-position → selecting-position → selecting-position → selecting-position → selecting-position → selecting-position → selecting-position → selecting-position → selecting-position → selecting-position → selecting-position → selecting-position → selecting-position → selecting-position → selecting-position → selecting-position → selecting-position → selecting-position → selecting-position → selecting-position → selecting-position → selecting-position → selecting-position → selecting-position → selecting-position → selecting-position → selecting-position → selecting-position → selecting-position → selecting-position → countdown → countdown → countdown → countdown → countdown → countdown → countdown → countdown → countdown → countdown → countdown → countdown → countdown → countdown → countdown → countdown → countdown → countdown → countdown → countdown → countdown → countdown → countdown → countdown → countdown → countdown → countdown → countdown → countdown → countdown → countdown → countdown → countdown → countdown → countdown → countdown → countdown → countdown → countdown → countdown → countdown → countdown → countdown → countdown → countdown → countdown → countdown → countdown → countdown → countdown → countdown → countdown → countdown → countdown → countdown → countdown → countdown → countdown → countdown → countdown → countdown → countdown → countdown → countdown → countdown → countdown → countdown → countdown → countdown → countdown → countdown → countdown → countdown → countdown → countdown → countdown → countdown → countdown → countdown → countdown → countdown → countdown → countdown → countdown → countdown → countdown → countdown → countdown → countdown → countdown → countdown → countdown → countdown → countdown → countdown → countdown → countdown → countdown → countdown → countdown → countdown → countdown → countdown → countdown → countdown → countdown → countdown → countdown → countdown → countdown → countdown → countdown → countdown → countdown → countdown → countdown → countdown → countdown → countdown → countdown → countdown → countdown → countdown → countdown → countdown → countdown → countdown → countdown → countdown → countdown → countdown → countdown → countdown → countdown → countdown → countdown → countdown → countdown → countdown → countdown → countdown → countdown → countdown → countdown → countdown → countdown → countdown → countdown → countdown → countdown → countdown → countdown → countdown → countdown → countdown → countdown → countdown → countdown → countdown → countdown → countdown → countdown → countdown → countdown → countdown → countdown → countdown → countdown → countdown → countdown → countdown → countdown → countdown → countdown → countdown → countdown → dropping → dropping → dropping → dropping → dropping → dropping → dropping → dropping → dropping → dropping → dropping → dropping → dropping → dropping → dropping → dropping → dropping → dropping → dropping → dropping → dropping → dropping → dropping → dropping → dropping → dropping → dropping → dropping → dropping → dropping → dropping → dropping → dropping → dropping → dropping → dropping → dropping → dropping → dropping → dropping → dropping → dropping → dropping → dropping → dropping → dropping → dropping → dropping → dropping → dropping → dropping → dropping → dropping → dropping → dropping → dropping → dropping → dropping → dropping → dropping → dropping → dropping → dropping → dropping → dropping → dropping → dropping → dropping → dropping → dropping → dropping → dropping → dropping → dropping → dropping → dropping → dropping → dropping → dropping → dropping → dropping → dropping → dropping → dropping → dropping → dropping → dropping → dropping → dropping → dropping → dropping → dropping → dropping → dropping → dropping → dropping → dropping → dropping → dropping → dropping → dropping → dropping → dropping → dropping → dropping → dropping → dropping → dropping → dropping → dropping → dropping → dropping → dropping → dropping → dropping → dropping → dropping → dropping → dropping → dropping → dropping → dropping → dropping → dropping → dropping → dropping → dropping → dropping → dropping → dropping → dropping → dropping → dropping → dropping → dropping → dropping → dropping → dropping → dropping → dropping → dropping → dropping → dropping → dropping → dropping → dropping → dropping → dropping → dropping → dropping → dropping → dropping → dropping → dropping → dropping → dropping → dropping → dropping → dropping → dropping → dropping → dropping → dropping → dropping → dropping → dropping → dropping → dropping → dropping → dropping → dropping → dropping → dropping → dropping → dropping → dropping → dropping → dropping → dropping → dropping → dropping → dropping → dropping → dropping → dropping → dropping → dropping → dropping → dropping → dropping → dropping → dropping → dropping → dropping → dropping → dropping → dropping → dropping → dropping → dropping → dropping → dropping → dropping → dropping → dropping → dropping → dropping → dropping → dropping → dropping → dropping → dropping → dropping → dropping → dropping → dropping → dropping → dropping → dropping → dropping → dropping → dropping → dropping → dropping → dropping → dropping → dropping → dropping → dropping → dropping → dropping → dropping → dropping → dropping → dropping → dropping → dropping → dropping → dropping → dropping → dropping → dropping → dropping → dropping → dropping → dropping → dropping → dropping → dropping → dropping → dropping → dropping → dropping → dropping → dropping → dropping → dropping → dropping → dropping → dropping → dropping → dropping → dropping → dropping → dropping → dropping → dropping → dropping → dropping → dropping → dropping → dropping → dropping → dropping → dropping → dropping → dropping → dropping → dropping → dropping → dropping → dropping → dropping → dropping → dropping → dropping → dropping → dropping → dropping → dropping → dropping → dropping → dropping → dropping → dropping → dropping → dropping → dropping → dropping → dropping → dropping → dropping → dropping → dropping → dropping → dropping → dropping → dropping → dropping → dropping → dropping → dropping → dropping → dropping → dropping → dropping → dropping → dropping → dropping → dropping → dropping → dropping → dropping → dropping → dropping → dropping → dropping → dropping → dropping → dropping → landed → landed → landed → landed → landed → landed → landed → landed → landed → landed → landed → landed → landed → landed → landed → landed → landed → landed → landed → landed → celebrating → celebrating → celebrating → celebrating → celebrating → celebrating → celebrating → celebrating → celebrating → celebrating → celebrating → celebrating → celebrating → celebrating → celebrating → celebrating → celebrating → celebrating → celebrating → celebrating → celebrating → celebrating → celebrating → revealed → revealed → revealed → revealed → revealed
State transitions completed successfully
]]>
</system-out>
</testcase>
[...]
<system-out>
<![CDATA[
[[ATTACHMENT|../../../test-results/state-machine-State-Machin-3ddad-apid-user-clicks-gracefully-mobile-safari/test-failed-1.png]]

[[ATTACHMENT|../../../test-results/state-machine-State-Machin-3ddad-apid-user-clicks-gracefully-mobile-safari/video.webm]]

[[ATTACHMENT|../../../test-results/state-machine-State-Machin-3ddad-apid-user-clicks-gracefully-mobile-safari/error-context.md]]
]]>
</system-out>
</testcase>
<testcase name="State Machine › should maintain state consistency" classname="state-machine.spec.mjs" time="11.26">
<system-out>
<![CDATA[State consistency maintained
]]>
</system-out>
</testcase>
<testcase name="State Machine › should handle state transitions without memory leaks" classname="state-machine.spec.mjs" time="30.148">
<failure message="state-machine.spec.mjs:136:3 should handle state transitions without memory leaks" type="FAILURE">
<![CDATA[  [mobile-safari] › state-machine.spec.mjs:136:3 › State Machine › should handle state transitions without memory leaks 

    Test timeout of 30000ms exceeded.

    Error: page.waitForFunction: Test timeout of 30000ms exceeded.

       at ../test-helpers.mjs:91

      89 |   const { timeout = 10000 } = options;
      90 |
    > 91 |   await page.waitForFunction(
         |              ^
      92 |     (state) => {
      93 |       const gameContainer = document.querySelector('[data-game-state]');
      94 |       return gameContainer && gameContainer.getAttribute('data-game-state') === state;
        at waitForGameState (/Users/michaelhaufschild/Documents/code/plinko/scripts/playwright/test-helpers.mjs:91:14)
        at /Users/michaelhaufschild/Documents/code/plinko/scripts/playwright/e2e/state-machine.spec.mjs:150:13

    attachment #1: screenshot (image/png) ──────────────────────────────────────────────────────────
    ../../../test-results/state-machine-State-Machin-f56b9-itions-without-memory-leaks-mobile-safari/test-failed-1.png
    ────────────────────────────────────────────────────────────────────────────────────────────────

    attachment #2: video (video/webm) ──────────────────────────────────────────────────────────────
    ../../../test-results/state-machine-State-Machin-f56b9-itions-without-memory-leaks-mobile-safari/video.webm
    ────────────────────────────────────────────────────────────────────────────────────────────────

    Error Context: ../../../test-results/state-machine-State-Machin-f56b9-itions-without-memory-leaks-mobile-safari/error-context.md
]]>
</failure>
<system-out>
<![CDATA[
[[ATTACHMENT|../../../test-results/state-machine-State-Machin-f56b9-itions-without-memory-leaks-mobile-safari/test-failed-1.png]]

[[ATTACHMENT|../../../test-results/state-machine-State-Machin-f56b9-itions-without-memory-leaks-mobile-safari/video.webm]]

[[ATTACHMENT|../../../test-results/state-machine-State-Machin-f56b9-itions-without-memory-leaks-mobile-safari/error-context.md]]
]]>
</system-out>
</testcase>
<testcase name="State Machine › should transition between all game states correctly" classname="state-machine.spec.mjs" time="13.768">
<system-out>
<![CDATA[Total state transitions: 673
States: ready → ready → ready → ready → ready → selecting-position → selecting-position → selecting-position → selecting-position → selecting-position → selecting-position → selecting-position → selecting-position → selecting-position → selecting-position → selecting-position → selecting-position → selecting-position → selecting-position → selecting-position → selecting-position → selecting-position → selecting-position → selecting-position → selecting-position → selecting-position → selecting-position → selecting-position → selecting-position → selecting-position → selecting-position → selecting-position → selecting-position → selecting-position → selecting-position → selecting-position → selecting-position → selecting-position → selecting-position → selecting-position → selecting-position → selecting-position → selecting-position → selecting-position → selecting-position → selecting-position → selecting-position → selecting-position → selecting-position → selecting-position → selecting-position → selecting-position → selecting-position → selecting-position → selecting-position → selecting-position → selecting-position → selecting-position → selecting-position → selecting-position → selecting-position → selecting-position → selecting-position → selecting-position → countdown → countdown → countdown → countdown → countdown → countdown → countdown → countdown → countdown → countdown → countdown → countdown → countdown → countdown → countdown → countdown → countdown → countdown → countdown → countdown → countdown → countdown → countdown → countdown → countdown → countdown → countdown → countdown → countdown → countdown → countdown → countdown → countdown → countdown → countdown → countdown → countdown → countdown → countdown → countdown → countdown → countdown → countdown → countdown → countdown → countdown → countdown → countdown → countdown → countdown → countdown → countdown → countdown → countdown → countdown → countdown → countdown → countdown → countdown → countdown → countdown → countdown → countdown → countdown → countdown → countdown → countdown → countdown → countdown → countdown → countdown → countdown → countdown → countdown → countdown → countdown → countdown → countdown → countdown → countdown → countdown → countdown → countdown → countdown → countdown → countdown → countdown → countdown → countdown → countdown → countdown → countdown → countdown → countdown → countdown → countdown → countdown → countdown → countdown → countdown → countdown → countdown → countdown → countdown → countdown → countdown → countdown → countdown → countdown → countdown → countdown → countdown → countdown → countdown → countdown → countdown → countdown → countdown → countdown → countdown → countdown → countdown → countdown → countdown → countdown → countdown → countdown → countdown → countdown → countdown → countdown → countdown → countdown → countdown → countdown → countdown → countdown → countdown → countdown → countdown → countdown → countdown → countdown → countdown → countdown → countdown → countdown → countdown → countdown → countdown → countdown → countdown → countdown → countdown → countdown → countdown → countdown → countdown → countdown → countdown → countdown → countdown → countdown → countdown → countdown → countdown → countdown → countdown → countdown → countdown → countdown → countdown → countdown → countdown → countdown → dropping → dropping → dropping → dropping → dropping → dropping → dropping → dropping → dropping → dropping → dropping → dropping → dropping → dropping → dropping → dropping → dropping → dropping → dropping → dropping → dropping → dropping → dropping → dropping → dropping → dropping → dropping → dropping → dropping → dropping → dropping → dropping → dropping → dropping → dropping → dropping → dropping → dropping → dropping → dropping → dropping → dropping → dropping → dropping → dropping → dropping → dropping → dropping → dropping → dropping → dropping → dropping → dropping → dropping → dropping → dropping → dropping → dropping → dropping → dropping → dropping → dropping → dropping → dropping → dropping → dropping → dropping → dropping → dropping → dropping → dropping → dropping → dropping → dropping → dropping → dropping → dropping → dropping → dropping → dropping → dropping → dropping → dropping → dropping → dropping → dropping → dropping → dropping → dropping → dropping → dropping → dropping → dropping → dropping → dropping → dropping → dropping → dropping → dropping → dropping → dropping → dropping → dropping → dropping → dropping → dropping → dropping → dropping → dropping → dropping → dropping → dropping → dropping → dropping → dropping → dropping → dropping → dropping → dropping → dropping → dropping → dropping → dropping → dropping → dropping → dropping → dropping → dropping → dropping → dropping → dropping → dropping → dropping → dropping → dropping → dropping → dropping → dropping → dropping → dropping → dropping → dropping → dropping → dropping → dropping → dropping → dropping → dropping → dropping → dropping → dropping → dropping → dropping → dropping → dropping → dropping → dropping → dropping → dropping → dropping → dropping → dropping → dropping → dropping → dropping → dropping → dropping → dropping → dropping → dropping → dropping → dropping → dropping → dropping → dropping → dropping → dropping → dropping → dropping → dropping → dropping → dropping → dropping → dropping → dropping → dropping → dropping → dropping → dropping → dropping → dropping → dropping → dropping → dropping → dropping → dropping → dropping → dropping → dropping → dropping → dropping → dropping → dropping → dropping → dropping → dropping → dropping → dropping → dropping → dropping → dropping → dropping → dropping → dropping → dropping → dropping → dropping → dropping → dropping → dropping → dropping → dropping → dropping → dropping → dropping → dropping → dropping → dropping → dropping → dropping → dropping → dropping → dropping → dropping → dropping → dropping → dropping → dropping → dropping → dropping → dropping → dropping → dropping → dropping → dropping → dropping → dropping → dropping → dropping → dropping → dropping → dropping → dropping → dropping → dropping → dropping → dropping → dropping → dropping → dropping → dropping → dropping → dropping → dropping → dropping → dropping → dropping → dropping → dropping → dropping → dropping → dropping → dropping → dropping → dropping → dropping → dropping → dropping → dropping → dropping → dropping → dropping → dropping → dropping → dropping → dropping → dropping → dropping → dropping → dropping → dropping → dropping → dropping → dropping → dropping → dropping → dropping → dropping → dropping → dropping → dropping → dropping → dropping → dropping → dropping → dropping → dropping → dropping → dropping → dropping → dropping → dropping → dropping → dropping → dropping → dropping → dropping → dropping → dropping → dropping → dropping → dropping → dropping → dropping → dropping → dropping → dropping → dropping → dropping → dropping → dropping → dropping → dropping → dropping → dropping → dropping → dropping → dropping → dropping → dropping → dropping → dropping → dropping → dropping → dropping → dropping → dropping → dropping → dropping → dropping → dropping → dropping → dropping → dropping → dropping → dropping → dropping → dropping → dropping → dropping → dropping → dropping → dropping → dropping → dropping → dropping → dropping → dropping → dropping → dropping → dropping → dropping → dropping → dropping → dropping → dropping → dropping → dropping → dropping → dropping → dropping → dropping → dropping → dropping → dropping → dropping → dropping → dropping → dropping → dropping → dropping → dropping → dropping → dropping → dropping → dropping → dropping → landed → landed → landed → landed → landed → landed → landed → landed → landed → landed → landed → landed → landed → landed → landed → landed → landed → landed → landed → landed → celebrating → celebrating → celebrating → celebrating → celebrating → celebrating → celebrating → celebrating → celebrating → celebrating → celebrating → celebrating → celebrating → celebrating → revealed → revealed → revealed
State transitions completed successfully
]]>
</system-out>
</testcase>
<testcase name="State Machine › should prevent actions during invalid states" classname="state-machine.spec.mjs" time="30.078">
<failure message="state-machine.spec.mjs:227:3 should prevent actions during invalid states" type="FAILURE">
<![CDATA[  [mobile-safari] › state-machine.spec.mjs:227:3 › State Machine › should prevent actions during invalid states 

    Test timeout of 30000ms exceeded.

    Error: page.waitForFunction: Target page, context or browser has been closed

       at ../test-helpers.mjs:91

      89 |   const { timeout = 10000 } = options;
      90 |
    > 91 |   await page.waitForFunction(
         |              ^
      92 |     (state) => {
      93 |       const gameContainer = document.querySelector('[data-game-state]');
      94 |       return gameContainer && gameContainer.getAttribute('data-game-state') === state;
        at waitForGameState (/Users/michaelhaufschild/Documents/code/plinko/scripts/playwright/test-helpers.mjs:91:14)
        at /Users/michaelhaufschild/Documents/code/plinko/scripts/playwright/e2e/state-machine.spec.mjs:252:11

    attachment #1: screenshot (image/png) ──────────────────────────────────────────────────────────
    ../../../test-results/state-machine-State-Machin-338ca-tions-during-invalid-states-mobile-safari/test-failed-1.png
    ────────────────────────────────────────────────────────────────────────────────────────────────

    attachment #2: video (video/webm) ──────────────────────────────────────────────────────────────
    ../../../test-results/state-machine-State-Machin-338ca-tions-during-invalid-states-mobile-safari/video.webm
    ────────────────────────────────────────────────────────────────────────────────────────────────

    Error Context: ../../../test-results/state-machine-State-Machin-338ca-tions-during-invalid-states-mobile-safari/error-context.md
]]>
</failure>
<system-out>
<![CDATA[Current state during drop: countdown
Drop button protected during game: [33mtrue[39m

[[ATTACHMENT|../../../test-results/state-machine-State-Machin-338ca-tions-during-invalid-states-mobile-safari/test-failed-1.png]]

[[ATTACHMENT|../../../test-results/state-machine-State-Machin-338ca-tions-during-invalid-states-mobile-safari/video.webm]]

[[ATTACHMENT|../../../test-results/state-machine-State-Machin-338ca-tions-during-invalid-states-mobile-safari/error-context.md]]
]]>
</system-out>
</testcase>
<testcase name="State Machine › should handle page reload gracefully" classname="state-machine.spec.mjs" time="4.316">
<system-out>
<![CDATA[Page reload handled gracefully
]]>
</system-out>
</testcase>
</testsuite>
<testsuite name="theming.spec.mjs" timestamp="2025-10-17T10:45:13.298Z" hostname="mobile-safari" tests="6" failures="0" skipped="0" time="15.7" errors="0">
<testcase name="Theme System › should apply default theme on load" classname="theming.spec.mjs" time="2.075">
<system-out>
<![CDATA[Default theme applied on load
]]>
</system-out>
</testcase>
<testcase name="Theme System › should switch between available themes" classname="theming.spec.mjs" time="2.012">
<system-out>
<![CDATA[Testing Default theme...
Default theme button not found (may need dev tools)
Testing Brutalist theme...
Brutalist theme button not found (may need dev tools)
]]>
</system-out>
</testcase>
<testcase name="Theme System › should maintain UI visibility across theme changes" classname="theming.spec.mjs" time="2.113">
<system-out>
<![CDATA[UI elements visible with current theme
]]>
</system-out>
</testcase>
<testcase name="Theme System › should apply theme to all UI elements" classname="theming.spec.mjs" time="2.141">
<system-out>
<![CDATA[Theme applied to UI elements: {
  background: [32m'rgb(42, 42, 42) none repeat scroll 0% 0% / auto padding-box border-box'[39m,
  borderRadius: [32m'340282346638528859811704183484516925440px'[39m,
  color: [32m'rgb(0, 0, 0)'[39m
}
]]>
</system-out>
</testcase>
<testcase name="Theme System › should display theme name correctly" classname="theming.spec.mjs" time="2.399">
<system-out>
<![CDATA[Theme-related UI present: [33mfalse[39m
]]>
</system-out>
</testcase>
<testcase name="Theme System › should render game correctly after theme switch" classname="theming.spec.mjs" time="4.96">
<system-out>
<![CDATA[Game renders correctly with theme applied
]]>
</system-out>
</testcase>
</testsuite>
<testsuite name="visual-quality.spec.mjs" timestamp="2025-10-17T10:45:13.298Z" hostname="mobile-safari" tests="9" failures="1" skipped="0" time="28.201" errors="0">
<testcase name="Visual Quality › should render UI with correct styling" classname="visual-quality.spec.mjs" time="2.129">
<failure message="visual-quality.spec.mjs:19:3 should render UI with correct styling" type="FAILURE">
<![CDATA[  [mobile-safari] › visual-quality.spec.mjs:19:3 › Visual Quality › should render UI with correct styling 

    Error: expect(received).not.toBe(expected) // Object.is equality

    Expected: not "16px"

      34 |     expect(styles.borderRadius).not.toBe('0px');
      35 |     expect(styles.padding).not.toBe('0px');
    > 36 |     expect(styles.fontSize).not.toBe('16px'); // Not default
         |                                 ^
      37 |
      38 |     console.log('UI styled correctly:', styles);
      39 |   });
        at /Users/michaelhaufschild/Documents/code/plinko/scripts/playwright/e2e/visual-quality.spec.mjs:36:33

    attachment #1: screenshot (image/png) ──────────────────────────────────────────────────────────
    ../../../test-results/visual-quality-Visual-Qual-fe718-der-UI-with-correct-styling-mobile-safari/test-failed-1.png
    ────────────────────────────────────────────────────────────────────────────────────────────────

    attachment #2: video (video/webm) ──────────────────────────────────────────────────────────────
    ../../../test-results/visual-quality-Visual-Qual-fe718-der-UI-with-correct-styling-mobile-safari/video.webm
    ────────────────────────────────────────────────────────────────────────────────────────────────

    Error Context: ../../../test-results/visual-quality-Visual-Qual-fe718-der-UI-with-correct-styling-mobile-safari/error-context.md
]]>
</failure>
<system-out>
<![CDATA[
[[ATTACHMENT|../../../test-results/visual-quality-Visual-Qual-fe718-der-UI-with-correct-styling-mobile-safari/test-failed-1.png]]

[[ATTACHMENT|../../../test-results/visual-quality-Visual-Qual-fe718-der-UI-with-correct-styling-mobile-safari/video.webm]]

[[ATTACHMENT|../../../test-results/visual-quality-Visual-Qual-fe718-der-UI-with-correct-styling-mobile-safari/error-context.md]]
]]>
</system-out>
</testcase>
<testcase name="Visual Quality › should render borders and corners correctly" classname="visual-quality.spec.mjs" time="2.116">
<system-out>
<![CDATA[Border radius: 340282346638528859811704183484516925440px
Has bordered elements: [33mtrue[39m
]]>
</system-out>
</testcase>
<testcase name="Visual Quality › should apply correct button colors per theme" classname="visual-quality.spec.mjs" time="2.041">
<system-out>
<![CDATA[Button colors: {
  color: [32m'rgb(0, 0, 0)'[39m,
  background: [32m'rgb(42, 42, 42) none repeat scroll 0% 0% / auto padding-box border-box'[39m
}
]]>
</system-out>
</testcase>
<testcase name="Visual Quality › should render arrow buttons correctly" classname="visual-quality.spec.mjs" time="4.45">
<system-out>
<![CDATA[Has arrow navigation: [33mfalse[39m
]]>
</system-out>
</testcase>
<testcase name="Visual Quality › should render drop position selector visually correct" classname="visual-quality.spec.mjs" time="4.085">
<system-out>
<![CDATA[Position selector present: [33mfalse[39m
]]>
</system-out>
</testcase>
<testcase name="Visual Quality › should maintain visual consistency across screens" classname="visual-quality.spec.mjs" time="4.295">
<system-out>
<![CDATA[Visual consistency maintained across screens
]]>
</system-out>
</testcase>
<testcase name="Visual Quality › should render without layout shifts" classname="visual-quality.spec.mjs" time="5.052">
<system-out>
<![CDATA[Cumulative Layout Shift: [33m0[39m
]]>
</system-out>
</testcase>
<testcase name="Visual Quality › should render gradients correctly" classname="visual-quality.spec.mjs" time="1.993">
<system-out>
<![CDATA[Gradients present: [33mtrue[39m
]]>
</system-out>
</testcase>
<testcase name="Visual Quality › should render text with correct typography" classname="visual-quality.spec.mjs" time="2.04">
<system-out>
<![CDATA[Typography: {
  fontSize: [32m'16px'[39m,
  fontFamily: [32m'Inter, -apple-system, BlinkMacSystemFont, "Segoe UI", sans-serif'[39m,
  fontWeight: [32m'400'[39m
}
]]>
</system-out>
</testcase>
</testsuite>
</testsuites>