{"/Users/Spare/Documents/code/plinko/src/App.tsx": {"path":"/Users/Spare/Documents/code/plinko/src/App.tsx","all":false,"statementMap":{"5":{"start":{"line":6,"column":0},"end":{"line":6,"column":48}},"6":{"start":{"line":7,"column":0},"end":{"line":7,"column":44}},"7":{"start":{"line":8,"column":0},"end":{"line":8,"column":51}},"8":{"start":{"line":9,"column":0},"end":{"line":9,"column":59}},"9":{"start":{"line":10,"column":0},"end":{"line":10,"column":63}},"10":{"start":{"line":11,"column":0},"end":{"line":11,"column":67}},"11":{"start":{"line":12,"column":0},"end":{"line":12,"column":61}},"12":{"start":{"line":13,"column":0},"end":{"line":13,"column":57}},"13":{"start":{"line":14,"column":0},"end":{"line":14,"column":55}},"14":{"start":{"line":15,"column":0},"end":{"line":15,"column":55}},"15":{"start":{"line":16,"column":0},"end":{"line":16,"column":64}},"16":{"start":{"line":17,"column":0},"end":{"line":17,"column":54}},"17":{"start":{"line":18,"column":0},"end":{"line":18,"column":58}},"23":{"start":{"line":24,"column":0},"end":{"line":24,"column":23}},"24":{"start":{"line":25,"column":0},"end":{"line":25,"column":31}},"25":{"start":{"line":26,"column":0},"end":{"line":26,"column":50}},"26":{"start":{"line":27,"column":0},"end":{"line":27,"column":58}},"27":{"start":{"line":28,"column":0},"end":{"line":28,"column":64}},"28":{"start":{"line":29,"column":0},"end":{"line":29,"column":56}},"29":{"start":{"line":30,"column":0},"end":{"line":30,"column":79}},"32":{"start":{"line":33,"column":0},"end":{"line":33,"column":9}},"33":{"start":{"line":34,"column":0},"end":{"line":34,"column":10}},"34":{"start":{"line":35,"column":0},"end":{"line":35,"column":11}},"35":{"start":{"line":36,"column":0},"end":{"line":36,"column":18}},"36":{"start":{"line":37,"column":0},"end":{"line":37,"column":18}},"37":{"start":{"line":38,"column":0},"end":{"line":38,"column":17}},"38":{"start":{"line":39,"column":0},"end":{"line":39,"column":15}},"39":{"start":{"line":40,"column":0},"end":{"line":40,"column":15}},"40":{"start":{"line":41,"column":0},"end":{"line":41,"column":20}},"41":{"start":{"line":42,"column":0},"end":{"line":42,"column":30}},"42":{"start":{"line":43,"column":0},"end":{"line":43,"column":14}},"43":{"start":{"line":44,"column":0},"end":{"line":44,"column":23}},"44":{"start":{"line":45,"column":0},"end":{"line":45,"column":22}},"45":{"start":{"line":46,"column":0},"end":{"line":46,"column":15}},"46":{"start":{"line":47,"column":0},"end":{"line":47,"column":14}},"47":{"start":{"line":48,"column":0},"end":{"line":48,"column":13}},"48":{"start":{"line":49,"column":0},"end":{"line":49,"column":20}},"49":{"start":{"line":50,"column":0},"end":{"line":50,"column":19}},"50":{"start":{"line":51,"column":0},"end":{"line":51,"column":21}},"51":{"start":{"line":52,"column":0},"end":{"line":52,"column":33}},"52":{"start":{"line":53,"column":0},"end":{"line":53,"column":21}},"53":{"start":{"line":54,"column":0},"end":{"line":54,"column":16}},"54":{"start":{"line":55,"column":0},"end":{"line":55,"column":19}},"55":{"start":{"line":56,"column":0},"end":{"line":56,"column":5}},"58":{"start":{"line":59,"column":0},"end":{"line":59,"column":19}},"59":{"start":{"line":60,"column":0},"end":{"line":60,"column":31}},"60":{"start":{"line":61,"column":0},"end":{"line":61,"column":58}},"61":{"start":{"line":62,"column":0},"end":{"line":62,"column":95}},"62":{"start":{"line":63,"column":0},"end":{"line":63,"column":17}},"63":{"start":{"line":64,"column":0},"end":{"line":64,"column":8}},"64":{"start":{"line":65,"column":0},"end":{"line":65,"column":85}},"65":{"start":{"line":66,"column":0},"end":{"line":66,"column":71}},"66":{"start":{"line":67,"column":0},"end":{"line":67,"column":6}},"67":{"start":{"line":68,"column":0},"end":{"line":68,"column":31}},"68":{"start":{"line":69,"column":0},"end":{"line":69,"column":9}},"70":{"start":{"line":71,"column":0},"end":{"line":71,"column":19}},"71":{"start":{"line":72,"column":0},"end":{"line":72,"column":19}},"72":{"start":{"line":73,"column":0},"end":{"line":73,"column":39}},"73":{"start":{"line":74,"column":0},"end":{"line":74,"column":55}},"74":{"start":{"line":75,"column":0},"end":{"line":75,"column":32}},"75":{"start":{"line":76,"column":0},"end":{"line":76,"column":35}},"76":{"start":{"line":77,"column":0},"end":{"line":77,"column":8}},"77":{"start":{"line":78,"column":0},"end":{"line":78,"column":26}},"78":{"start":{"line":79,"column":0},"end":{"line":79,"column":59}},"79":{"start":{"line":80,"column":0},"end":{"line":80,"column":75}},"80":{"start":{"line":81,"column":0},"end":{"line":81,"column":5}},"81":{"start":{"line":82,"column":0},"end":{"line":82,"column":17}},"83":{"start":{"line":84,"column":0},"end":{"line":84,"column":19}},"84":{"start":{"line":85,"column":0},"end":{"line":85,"column":31}},"85":{"start":{"line":86,"column":0},"end":{"line":86,"column":41}},"86":{"start":{"line":87,"column":0},"end":{"line":87,"column":5}},"87":{"start":{"line":88,"column":0},"end":{"line":88,"column":29}},"90":{"start":{"line":91,"column":0},"end":{"line":91,"column":19}},"91":{"start":{"line":92,"column":0},"end":{"line":92,"column":40}},"92":{"start":{"line":93,"column":0},"end":{"line":93,"column":36}},"94":{"start":{"line":95,"column":0},"end":{"line":95,"column":19}},"95":{"start":{"line":96,"column":0},"end":{"line":96,"column":27}},"96":{"start":{"line":97,"column":0},"end":{"line":97,"column":65}},"97":{"start":{"line":98,"column":0},"end":{"line":98,"column":39}},"98":{"start":{"line":99,"column":0},"end":{"line":99,"column":24}},"100":{"start":{"line":101,"column":0},"end":{"line":101,"column":28}},"101":{"start":{"line":102,"column":0},"end":{"line":102,"column":5}},"102":{"start":{"line":103,"column":0},"end":{"line":103,"column":14}},"104":{"start":{"line":105,"column":0},"end":{"line":105,"column":95}},"111":{"start":{"line":112,"column":0},"end":{"line":112,"column":54}},"112":{"start":{"line":113,"column":0},"end":{"line":113,"column":21}},"113":{"start":{"line":114,"column":0},"end":{"line":114,"column":91}},"114":{"start":{"line":115,"column":0},"end":{"line":115,"column":20}},"115":{"start":{"line":116,"column":0},"end":{"line":116,"column":33}},"116":{"start":{"line":117,"column":0},"end":{"line":117,"column":77}},"117":{"start":{"line":118,"column":0},"end":{"line":118,"column":38}},"118":{"start":{"line":119,"column":0},"end":{"line":119,"column":20}},"119":{"start":{"line":120,"column":0},"end":{"line":120,"column":14}},"120":{"start":{"line":121,"column":0},"end":{"line":121,"column":38}},"121":{"start":{"line":122,"column":0},"end":{"line":122,"column":7}},"122":{"start":{"line":123,"column":0},"end":{"line":123,"column":5}},"123":{"start":{"line":124,"column":0},"end":{"line":124,"column":4}},"125":{"start":{"line":126,"column":0},"end":{"line":126,"column":10}},"126":{"start":{"line":127,"column":0},"end":{"line":127,"column":8}},"127":{"start":{"line":128,"column":0},"end":{"line":128,"column":72}},"128":{"start":{"line":129,"column":0},"end":{"line":129,"column":14}},"129":{"start":{"line":130,"column":0},"end":{"line":130,"column":51}},"130":{"start":{"line":131,"column":0},"end":{"line":131,"column":41}},"131":{"start":{"line":132,"column":0},"end":{"line":132,"column":8}},"134":{"start":{"line":135,"column":0},"end":{"line":135,"column":10}},"135":{"start":{"line":136,"column":0},"end":{"line":136,"column":16}},"136":{"start":{"line":137,"column":0},"end":{"line":137,"column":28}},"137":{"start":{"line":138,"column":0},"end":{"line":138,"column":20}},"138":{"start":{"line":139,"column":0},"end":{"line":139,"column":19}},"139":{"start":{"line":140,"column":0},"end":{"line":140,"column":23}},"140":{"start":{"line":141,"column":0},"end":{"line":141,"column":64}},"141":{"start":{"line":142,"column":0},"end":{"line":142,"column":24}},"142":{"start":{"line":143,"column":0},"end":{"line":143,"column":32}},"143":{"start":{"line":144,"column":0},"end":{"line":144,"column":10}},"145":{"start":{"line":146,"column":0},"end":{"line":146,"column":47}},"146":{"start":{"line":147,"column":0},"end":{"line":147,"column":23}},"147":{"start":{"line":148,"column":0},"end":{"line":148,"column":41}},"148":{"start":{"line":149,"column":0},"end":{"line":149,"column":51}},"149":{"start":{"line":150,"column":0},"end":{"line":150,"column":47}},"150":{"start":{"line":151,"column":0},"end":{"line":151,"column":43}},"151":{"start":{"line":152,"column":0},"end":{"line":152,"column":54}},"152":{"start":{"line":153,"column":0},"end":{"line":153,"column":12}},"153":{"start":{"line":154,"column":0},"end":{"line":154,"column":14}},"154":{"start":{"line":155,"column":0},"end":{"line":155,"column":12}},"157":{"start":{"line":158,"column":0},"end":{"line":158,"column":68}},"158":{"start":{"line":159,"column":0},"end":{"line":159,"column":12}},"159":{"start":{"line":160,"column":0},"end":{"line":160,"column":18}},"160":{"start":{"line":161,"column":0},"end":{"line":161,"column":63}},"161":{"start":{"line":162,"column":0},"end":{"line":162,"column":29}},"162":{"start":{"line":163,"column":0},"end":{"line":163,"column":53}},"163":{"start":{"line":164,"column":0},"end":{"line":164,"column":51}},"164":{"start":{"line":165,"column":0},"end":{"line":165,"column":28}},"165":{"start":{"line":166,"column":0},"end":{"line":166,"column":36}},"166":{"start":{"line":167,"column":0},"end":{"line":167,"column":60}},"167":{"start":{"line":168,"column":0},"end":{"line":168,"column":77}},"168":{"start":{"line":169,"column":0},"end":{"line":169,"column":12}},"170":{"start":{"line":171,"column":0},"end":{"line":171,"column":53}},"172":{"start":{"line":173,"column":0},"end":{"line":173,"column":39}},"173":{"start":{"line":174,"column":0},"end":{"line":174,"column":57}},"174":{"start":{"line":175,"column":0},"end":{"line":175,"column":26}},"175":{"start":{"line":176,"column":0},"end":{"line":176,"column":34}},"176":{"start":{"line":177,"column":0},"end":{"line":177,"column":31}},"177":{"start":{"line":178,"column":0},"end":{"line":178,"column":35}},"178":{"start":{"line":179,"column":0},"end":{"line":179,"column":92}},"179":{"start":{"line":180,"column":0},"end":{"line":180,"column":43}},"180":{"start":{"line":181,"column":0},"end":{"line":181,"column":16}},"182":{"start":{"line":183,"column":0},"end":{"line":183,"column":28}},"185":{"start":{"line":186,"column":0},"end":{"line":186,"column":39}},"186":{"start":{"line":187,"column":0},"end":{"line":187,"column":32}},"187":{"start":{"line":188,"column":0},"end":{"line":188,"column":34}},"188":{"start":{"line":189,"column":0},"end":{"line":189,"column":37}},"189":{"start":{"line":190,"column":0},"end":{"line":190,"column":38}},"190":{"start":{"line":191,"column":0},"end":{"line":191,"column":28}},"191":{"start":{"line":192,"column":0},"end":{"line":192,"column":29}},"192":{"start":{"line":193,"column":0},"end":{"line":193,"column":33}},"193":{"start":{"line":194,"column":0},"end":{"line":194,"column":47}},"194":{"start":{"line":195,"column":0},"end":{"line":195,"column":41}},"195":{"start":{"line":196,"column":0},"end":{"line":196,"column":41}},"196":{"start":{"line":197,"column":0},"end":{"line":197,"column":51}},"197":{"start":{"line":198,"column":0},"end":{"line":198,"column":71}},"198":{"start":{"line":199,"column":0},"end":{"line":199,"column":47}},"199":{"start":{"line":200,"column":0},"end":{"line":200,"column":35}},"200":{"start":{"line":201,"column":0},"end":{"line":201,"column":30}},"201":{"start":{"line":202,"column":0},"end":{"line":202,"column":35}},"202":{"start":{"line":203,"column":0},"end":{"line":203,"column":70}},"203":{"start":{"line":204,"column":0},"end":{"line":204,"column":57}},"204":{"start":{"line":205,"column":0},"end":{"line":205,"column":18}},"206":{"start":{"line":207,"column":0},"end":{"line":207,"column":28}},"209":{"start":{"line":210,"column":0},"end":{"line":210,"column":39}},"210":{"start":{"line":211,"column":0},"end":{"line":211,"column":39}},"211":{"start":{"line":212,"column":0},"end":{"line":212,"column":24}},"212":{"start":{"line":213,"column":0},"end":{"line":213,"column":31}},"213":{"start":{"line":214,"column":0},"end":{"line":214,"column":46}},"214":{"start":{"line":215,"column":0},"end":{"line":215,"column":33}},"215":{"start":{"line":216,"column":0},"end":{"line":216,"column":28}},"216":{"start":{"line":217,"column":0},"end":{"line":217,"column":16}},"218":{"start":{"line":219,"column":0},"end":{"line":219,"column":28}},"221":{"start":{"line":222,"column":0},"end":{"line":222,"column":39}},"222":{"start":{"line":223,"column":0},"end":{"line":223,"column":55}},"223":{"start":{"line":224,"column":0},"end":{"line":224,"column":26}},"224":{"start":{"line":225,"column":0},"end":{"line":225,"column":34}},"225":{"start":{"line":226,"column":0},"end":{"line":226,"column":37}},"226":{"start":{"line":227,"column":0},"end":{"line":227,"column":36}},"227":{"start":{"line":228,"column":0},"end":{"line":228,"column":35}},"228":{"start":{"line":229,"column":0},"end":{"line":229,"column":35}},"229":{"start":{"line":230,"column":0},"end":{"line":230,"column":16}},"231":{"start":{"line":232,"column":0},"end":{"line":232,"column":28}},"234":{"start":{"line":235,"column":0},"end":{"line":235,"column":39}},"235":{"start":{"line":236,"column":0},"end":{"line":236,"column":54}},"236":{"start":{"line":237,"column":0},"end":{"line":237,"column":92}},"238":{"start":{"line":239,"column":0},"end":{"line":239,"column":28}},"239":{"start":{"line":240,"column":0},"end":{"line":240,"column":25}},"240":{"start":{"line":241,"column":0},"end":{"line":241,"column":14}},"241":{"start":{"line":242,"column":0},"end":{"line":242,"column":20}},"242":{"start":{"line":243,"column":0},"end":{"line":243,"column":10}},"244":{"start":{"line":245,"column":0},"end":{"line":245,"column":1}},"250":{"start":{"line":251,"column":0},"end":{"line":251,"column":23}},"251":{"start":{"line":252,"column":0},"end":{"line":252,"column":10}},"252":{"start":{"line":253,"column":0},"end":{"line":253,"column":19}},"253":{"start":{"line":254,"column":0},"end":{"line":254,"column":37}},"254":{"start":{"line":255,"column":0},"end":{"line":255,"column":22}},"255":{"start":{"line":256,"column":0},"end":{"line":256,"column":22}},"256":{"start":{"line":257,"column":0},"end":{"line":257,"column":20}},"258":{"start":{"line":259,"column":0},"end":{"line":259,"column":1}}},"s":{"5":1,"6":1,"7":1,"8":1,"9":1,"10":1,"11":1,"12":1,"13":1,"14":1,"15":1,"16":1,"17":1,"23":66,"24":66,"25":66,"26":66,"27":66,"28":66,"29":66,"32":66,"33":66,"34":66,"35":66,"36":66,"37":66,"38":66,"39":66,"40":66,"41":66,"42":66,"43":66,"44":66,"45":66,"46":66,"47":66,"48":66,"49":66,"50":66,"51":66,"52":66,"53":66,"54":66,"55":66,"58":66,"59":11,"60":11,"61":11,"62":11,"63":11,"64":11,"65":11,"66":11,"67":11,"68":66,"70":66,"71":14,"72":3,"73":4,"74":4,"75":4,"76":4,"77":3,"78":3,"79":3,"80":3,"81":66,"83":66,"84":43,"85":4,"86":4,"87":66,"90":66,"91":39,"92":39,"94":39,"95":4,"96":4,"97":4,"98":39,"100":12,"101":12,"102":66,"104":66,"111":66,"112":0,"113":0,"114":0,"115":0,"116":0,"117":0,"118":0,"119":0,"120":0,"121":0,"122":0,"123":0,"125":66,"126":66,"127":66,"128":66,"129":66,"130":66,"131":66,"134":66,"135":66,"136":66,"137":66,"138":66,"139":66,"140":66,"141":66,"142":66,"143":66,"145":66,"146":66,"147":66,"148":66,"149":66,"150":66,"151":66,"152":66,"153":66,"154":66,"157":66,"158":66,"159":66,"160":66,"161":66,"162":66,"163":66,"164":66,"165":66,"166":66,"167":66,"168":66,"170":66,"172":66,"173":66,"174":39,"175":39,"176":39,"177":39,"178":39,"179":39,"180":39,"182":66,"185":66,"186":66,"187":37,"188":26,"189":22,"190":21,"191":21,"192":21,"193":21,"194":21,"195":21,"196":21,"197":21,"198":21,"199":21,"200":21,"201":21,"202":21,"203":21,"204":21,"206":66,"209":66,"210":66,"211":5,"212":5,"213":5,"214":5,"215":5,"216":5,"218":66,"221":66,"222":66,"223":4,"224":4,"225":4,"226":4,"227":4,"228":4,"229":4,"231":66,"234":66,"235":66,"236":1,"238":66,"239":66,"240":66,"241":66,"242":66,"244":66,"250":1,"251":12,"252":12,"253":12,"254":12,"255":12,"256":12,"258":12},"branchMap":{"0":{"type":"branch","line":24,"loc":{"start":{"line":24,"column":0},"end":{"line":245,"column":1}},"locations":[{"start":{"line":24,"column":0},"end":{"line":245,"column":1}}]},"1":{"type":"branch","line":105,"loc":{"start":{"line":105,"column":37},"end":{"line":105,"column":76}},"locations":[{"start":{"line":105,"column":37},"end":{"line":105,"column":76}}]},"2":{"type":"branch","line":105,"loc":{"start":{"line":105,"column":62},"end":{"line":105,"column":95}},"locations":[{"start":{"line":105,"column":62},"end":{"line":105,"column":95}}]},"3":{"type":"branch","line":131,"loc":{"start":{"line":131,"column":17},"end":{"line":131,"column":34}},"locations":[{"start":{"line":131,"column":17},"end":{"line":131,"column":34}}]},"4":{"type":"branch","line":131,"loc":{"start":{"line":131,"column":28},"end":{"line":131,"column":41}},"locations":[{"start":{"line":131,"column":28},"end":{"line":131,"column":41}}]},"5":{"type":"branch","line":141,"loc":{"start":{"line":141,"column":20},"end":{"line":141,"column":43}},"locations":[{"start":{"line":141,"column":20},"end":{"line":141,"column":43}}]},"6":{"type":"branch","line":141,"loc":{"start":{"line":141,"column":31},"end":{"line":141,"column":64}},"locations":[{"start":{"line":141,"column":31},"end":{"line":141,"column":64}}]},"7":{"type":"branch","line":161,"loc":{"start":{"line":161,"column":19},"end":{"line":161,"column":39}},"locations":[{"start":{"line":161,"column":19},"end":{"line":161,"column":39}}]},"8":{"type":"branch","line":161,"loc":{"start":{"line":161,"column":30},"end":{"line":161,"column":63}},"locations":[{"start":{"line":161,"column":30},"end":{"line":161,"column":63}}]},"9":{"type":"branch","line":163,"loc":{"start":{"line":163,"column":22},"end":{"line":163,"column":43}},"locations":[{"start":{"line":163,"column":22},"end":{"line":163,"column":43}}]},"10":{"type":"branch","line":163,"loc":{"start":{"line":163,"column":33},"end":{"line":163,"column":53}},"locations":[{"start":{"line":163,"column":33},"end":{"line":163,"column":53}}]},"11":{"type":"branch","line":164,"loc":{"start":{"line":164,"column":20},"end":{"line":164,"column":41}},"locations":[{"start":{"line":164,"column":20},"end":{"line":164,"column":41}}]},"12":{"type":"branch","line":164,"loc":{"start":{"line":164,"column":31},"end":{"line":164,"column":51}},"locations":[{"start":{"line":164,"column":31},"end":{"line":164,"column":51}}]},"13":{"type":"branch","line":167,"loc":{"start":{"line":167,"column":28},"end":{"line":167,"column":50}},"locations":[{"start":{"line":167,"column":28},"end":{"line":167,"column":50}}]},"14":{"type":"branch","line":167,"loc":{"start":{"line":167,"column":39},"end":{"line":167,"column":60}},"locations":[{"start":{"line":167,"column":39},"end":{"line":167,"column":60}}]},"15":{"type":"branch","line":168,"loc":{"start":{"line":168,"column":24},"end":{"line":168,"column":52}},"locations":[{"start":{"line":168,"column":24},"end":{"line":168,"column":52}}]},"16":{"type":"branch","line":168,"loc":{"start":{"line":168,"column":43},"end":{"line":168,"column":77}},"locations":[{"start":{"line":168,"column":43},"end":{"line":168,"column":77}}]},"17":{"type":"branch","line":174,"loc":{"start":{"line":174,"column":24},"end":{"line":174,"column":57}},"locations":[{"start":{"line":174,"column":24},"end":{"line":174,"column":57}}]},"18":{"type":"branch","line":174,"loc":{"start":{"line":174,"column":44},"end":{"line":181,"column":16}},"locations":[{"start":{"line":174,"column":44},"end":{"line":181,"column":16}}]},"19":{"type":"branch","line":179,"loc":{"start":{"line":179,"column":26},"end":{"line":179,"column":72}},"locations":[{"start":{"line":179,"column":26},"end":{"line":179,"column":72}}]},"20":{"type":"branch","line":179,"loc":{"start":{"line":179,"column":67},"end":{"line":179,"column":92}},"locations":[{"start":{"line":179,"column":67},"end":{"line":179,"column":92}}]},"21":{"type":"branch","line":187,"loc":{"start":{"line":187,"column":23},"end":{"line":188,"column":34}},"locations":[{"start":{"line":187,"column":23},"end":{"line":188,"column":34}}]},"22":{"type":"branch","line":188,"loc":{"start":{"line":188,"column":24},"end":{"line":189,"column":37}},"locations":[{"start":{"line":188,"column":24},"end":{"line":189,"column":37}}]},"23":{"type":"branch","line":189,"loc":{"start":{"line":189,"column":24},"end":{"line":190,"column":38}},"locations":[{"start":{"line":189,"column":24},"end":{"line":190,"column":38}}]},"24":{"type":"branch","line":190,"loc":{"start":{"line":190,"column":24},"end":{"line":205,"column":18}},"locations":[{"start":{"line":190,"column":24},"end":{"line":205,"column":18}}]},"25":{"type":"branch","line":211,"loc":{"start":{"line":211,"column":23},"end":{"line":217,"column":16}},"locations":[{"start":{"line":211,"column":23},"end":{"line":217,"column":16}}]},"26":{"type":"branch","line":223,"loc":{"start":{"line":223,"column":23},"end":{"line":223,"column":55}},"locations":[{"start":{"line":223,"column":23},"end":{"line":223,"column":55}}]},"27":{"type":"branch","line":223,"loc":{"start":{"line":223,"column":37},"end":{"line":230,"column":16}},"locations":[{"start":{"line":223,"column":37},"end":{"line":230,"column":16}}]},"28":{"type":"branch","line":236,"loc":{"start":{"line":236,"column":23},"end":{"line":236,"column":54}},"locations":[{"start":{"line":236,"column":23},"end":{"line":236,"column":54}}]},"29":{"type":"branch","line":236,"loc":{"start":{"line":236,"column":36},"end":{"line":237,"column":92}},"locations":[{"start":{"line":236,"column":36},"end":{"line":237,"column":92}}]},"30":{"type":"branch","line":59,"loc":{"start":{"line":59,"column":12},"end":{"line":69,"column":5}},"locations":[{"start":{"line":59,"column":12},"end":{"line":69,"column":5}}]},"31":{"type":"branch","line":60,"loc":{"start":{"line":60,"column":24},"end":{"line":67,"column":6}},"locations":[{"start":{"line":60,"column":24},"end":{"line":67,"column":6}}]},"32":{"type":"branch","line":65,"loc":{"start":{"line":65,"column":46},"end":{"line":65,"column":85}},"locations":[{"start":{"line":65,"column":46},"end":{"line":65,"column":85}}]},"33":{"type":"branch","line":66,"loc":{"start":{"line":66,"column":13},"end":{"line":66,"column":71}},"locations":[{"start":{"line":66,"column":13},"end":{"line":66,"column":71}}]},"34":{"type":"branch","line":71,"loc":{"start":{"line":71,"column":12},"end":{"line":82,"column":5}},"locations":[{"start":{"line":71,"column":12},"end":{"line":82,"column":5}}]},"35":{"type":"branch","line":72,"loc":{"start":{"line":72,"column":18},"end":{"line":81,"column":5}},"locations":[{"start":{"line":72,"column":18},"end":{"line":81,"column":5}}]},"36":{"type":"branch","line":73,"loc":{"start":{"line":73,"column":32},"end":{"line":77,"column":8}},"locations":[{"start":{"line":73,"column":32},"end":{"line":77,"column":8}}]},"37":{"type":"branch","line":80,"loc":{"start":{"line":80,"column":13},"end":{"line":80,"column":75}},"locations":[{"start":{"line":80,"column":13},"end":{"line":80,"column":75}}]},"38":{"type":"branch","line":84,"loc":{"start":{"line":84,"column":12},"end":{"line":88,"column":5}},"locations":[{"start":{"line":84,"column":12},"end":{"line":88,"column":5}}]},"39":{"type":"branch","line":85,"loc":{"start":{"line":85,"column":30},"end":{"line":87,"column":5}},"locations":[{"start":{"line":85,"column":30},"end":{"line":87,"column":5}}]},"40":{"type":"branch","line":91,"loc":{"start":{"line":91,"column":12},"end":{"line":103,"column":5}},"locations":[{"start":{"line":91,"column":12},"end":{"line":103,"column":5}}]},"41":{"type":"branch","line":95,"loc":{"start":{"line":95,"column":18},"end":{"line":99,"column":15}},"locations":[{"start":{"line":95,"column":18},"end":{"line":99,"column":15}}]},"42":{"type":"branch","line":99,"loc":{"start":{"line":99,"column":4},"end":{"line":102,"column":5}},"locations":[{"start":{"line":99,"column":4},"end":{"line":102,"column":5}}]},"43":{"type":"branch","line":99,"loc":{"start":{"line":99,"column":23},"end":{"line":102,"column":5}},"locations":[{"start":{"line":99,"column":23},"end":{"line":102,"column":5}}]},"44":{"type":"branch","line":98,"loc":{"start":{"line":98,"column":13},"end":{"line":98,"column":39}},"locations":[{"start":{"line":98,"column":13},"end":{"line":98,"column":39}}]},"45":{"type":"branch","line":251,"loc":{"start":{"line":251,"column":7},"end":{"line":259,"column":1}},"locations":[{"start":{"line":251,"column":7},"end":{"line":259,"column":1}}]}},"b":{"0":[66],"1":[60],"2":[52],"3":[13],"4":[52],"5":[13],"6":[52],"7":[13],"8":[52],"9":[13],"10":[52],"11":[13],"12":[52],"13":[13],"14":[52],"15":[21],"16":[44],"17":[37],"18":[39],"19":[21],"20":[21],"21":[37],"22":[26],"23":[22],"24":[21],"25":[5],"26":[4],"27":[4],"28":[1],"29":[1],"30":[11],"31":[11],"32":[0],"33":[8],"34":[14],"35":[3],"36":[4],"37":[3],"38":[43],"39":[4],"40":[39],"41":[4],"42":[35],"43":[12],"44":[4],"45":[12]},"fnMap":{"0":{"name":"AppContent","decl":{"start":{"line":24,"column":0},"end":{"line":245,"column":1}},"loc":{"start":{"line":24,"column":0},"end":{"line":245,"column":1}},"line":24},"1":{"name":"checkMobile","decl":{"start":{"line":60,"column":24},"end":{"line":67,"column":6}},"loc":{"start":{"line":60,"column":24},"end":{"line":67,"column":6}},"line":60},"2":{"name":"updateMobileWidth","decl":{"start":{"line":73,"column":32},"end":{"line":77,"column":8}},"loc":{"start":{"line":73,"column":32},"end":{"line":77,"column":8}},"line":73},"3":{"name":"handleViewportChange","decl":{"start":{"line":112,"column":31},"end":{"line":124,"column":4}},"loc":{"start":{"line":112,"column":31},"end":{"line":124,"column":4}},"line":112},"4":{"name":"App","decl":{"start":{"line":251,"column":7},"end":{"line":259,"column":1}},"loc":{"start":{"line":251,"column":7},"end":{"line":259,"column":1}},"line":251}},"f":{"0":66,"1":11,"2":4,"3":0,"4":12}}
,"/Users/Spare/Documents/code/plinko/src/components/Ball.tsx": {"path":"/Users/Spare/Documents/code/plinko/src/components/Ball.tsx","all":false,"statementMap":{"10":{"start":{"line":11,"column":0},"end":{"line":11,"column":53}},"11":{"start":{"line":12,"column":0},"end":{"line":12,"column":36}},"26":{"start":{"line":27,"column":0},"end":{"line":27,"column":85}},"27":{"start":{"line":28,"column":0},"end":{"line":28,"column":55}},"28":{"start":{"line":29,"column":0},"end":{"line":29,"column":31}},"29":{"start":{"line":30,"column":0},"end":{"line":30,"column":58}},"32":{"start":{"line":33,"column":0},"end":{"line":33,"column":19}},"33":{"start":{"line":34,"column":0},"end":{"line":34,"column":63}},"34":{"start":{"line":35,"column":0},"end":{"line":35,"column":28}},"35":{"start":{"line":36,"column":0},"end":{"line":36,"column":12}},"36":{"start":{"line":37,"column":0},"end":{"line":37,"column":29}},"37":{"start":{"line":38,"column":0},"end":{"line":38,"column":5}},"38":{"start":{"line":39,"column":0},"end":{"line":39,"column":24}},"41":{"start":{"line":42,"column":0},"end":{"line":42,"column":44}},"42":{"start":{"line":43,"column":0},"end":{"line":43,"column":73}},"43":{"start":{"line":44,"column":0},"end":{"line":44,"column":38}},"44":{"start":{"line":45,"column":0},"end":{"line":45,"column":5}},"46":{"start":{"line":47,"column":0},"end":{"line":47,"column":34}},"47":{"start":{"line":48,"column":0},"end":{"line":48,"column":34}},"48":{"start":{"line":49,"column":0},"end":{"line":49,"column":47}},"51":{"start":{"line":52,"column":0},"end":{"line":52,"column":47}},"52":{"start":{"line":53,"column":0},"end":{"line":53,"column":72}},"53":{"start":{"line":54,"column":0},"end":{"line":54,"column":14}},"54":{"start":{"line":55,"column":0},"end":{"line":55,"column":61}},"55":{"start":{"line":56,"column":0},"end":{"line":56,"column":56}},"56":{"start":{"line":57,"column":0},"end":{"line":57,"column":8}},"57":{"start":{"line":58,"column":0},"end":{"line":58,"column":5}},"60":{"start":{"line":61,"column":0},"end":{"line":61,"column":46}},"61":{"start":{"line":62,"column":0},"end":{"line":62,"column":72}},"62":{"start":{"line":63,"column":0},"end":{"line":63,"column":14}},"63":{"start":{"line":64,"column":0},"end":{"line":64,"column":63}},"64":{"start":{"line":65,"column":0},"end":{"line":65,"column":57}},"65":{"start":{"line":66,"column":0},"end":{"line":66,"column":8}},"66":{"start":{"line":67,"column":0},"end":{"line":67,"column":5}},"68":{"start":{"line":69,"column":0},"end":{"line":69,"column":36}},"69":{"start":{"line":70,"column":0},"end":{"line":70,"column":24}},"72":{"start":{"line":73,"column":0},"end":{"line":73,"column":37}},"73":{"start":{"line":74,"column":0},"end":{"line":74,"column":73}},"74":{"start":{"line":75,"column":0},"end":{"line":75,"column":32}},"75":{"start":{"line":76,"column":0},"end":{"line":76,"column":5}},"76":{"start":{"line":77,"column":0},"end":{"line":77,"column":34}},"77":{"start":{"line":78,"column":0},"end":{"line":78,"column":34}},"78":{"start":{"line":79,"column":0},"end":{"line":79,"column":47}},"81":{"start":{"line":82,"column":0},"end":{"line":82,"column":30}},"82":{"start":{"line":83,"column":0},"end":{"line":83,"column":30}},"83":{"start":{"line":84,"column":0},"end":{"line":84,"column":14}},"84":{"start":{"line":85,"column":0},"end":{"line":85,"column":24}},"87":{"start":{"line":88,"column":0},"end":{"line":88,"column":56}},"89":{"start":{"line":90,"column":0},"end":{"line":90,"column":19}},"90":{"start":{"line":91,"column":0},"end":{"line":91,"column":53}},"91":{"start":{"line":92,"column":0},"end":{"line":92,"column":27}},"92":{"start":{"line":93,"column":0},"end":{"line":93,"column":65}},"93":{"start":{"line":94,"column":0},"end":{"line":94,"column":39}},"94":{"start":{"line":95,"column":0},"end":{"line":95,"column":5}},"95":{"start":{"line":96,"column":0},"end":{"line":96,"column":28}},"98":{"start":{"line":99,"column":0},"end":{"line":99,"column":19}},"99":{"start":{"line":100,"column":0},"end":{"line":100,"column":67}},"100":{"start":{"line":101,"column":0},"end":{"line":101,"column":31}},"101":{"start":{"line":102,"column":0},"end":{"line":102,"column":90}},"102":{"start":{"line":103,"column":0},"end":{"line":103,"column":46}},"103":{"start":{"line":104,"column":0},"end":{"line":104,"column":9}},"104":{"start":{"line":105,"column":0},"end":{"line":105,"column":80}},"105":{"start":{"line":106,"column":0},"end":{"line":106,"column":19}},"106":{"start":{"line":107,"column":0},"end":{"line":107,"column":5}},"107":{"start":{"line":108,"column":0},"end":{"line":108,"column":51}},"111":{"start":{"line":112,"column":0},"end":{"line":112,"column":95}},"113":{"start":{"line":114,"column":0},"end":{"line":114,"column":10}},"114":{"start":{"line":115,"column":0},"end":{"line":115,"column":6}},"116":{"start":{"line":117,"column":0},"end":{"line":117,"column":36}},"117":{"start":{"line":118,"column":0},"end":{"line":118,"column":12}},"118":{"start":{"line":119,"column":0},"end":{"line":119,"column":24}},"119":{"start":{"line":120,"column":0},"end":{"line":120,"column":63}},"120":{"start":{"line":121,"column":0},"end":{"line":121,"column":18}},"121":{"start":{"line":122,"column":0},"end":{"line":122,"column":26}},"122":{"start":{"line":123,"column":0},"end":{"line":123,"column":27}},"123":{"start":{"line":124,"column":0},"end":{"line":124,"column":49}},"124":{"start":{"line":125,"column":0},"end":{"line":125,"column":97}},"125":{"start":{"line":126,"column":0},"end":{"line":126,"column":40}},"126":{"start":{"line":127,"column":0},"end":{"line":127,"column":45}},"127":{"start":{"line":128,"column":0},"end":{"line":128,"column":23}},"128":{"start":{"line":129,"column":0},"end":{"line":129,"column":42}},"129":{"start":{"line":130,"column":0},"end":{"line":130,"column":12}},"130":{"start":{"line":131,"column":0},"end":{"line":131,"column":10}},"131":{"start":{"line":132,"column":0},"end":{"line":132,"column":9}},"134":{"start":{"line":135,"column":0},"end":{"line":135,"column":10}},"135":{"start":{"line":136,"column":0},"end":{"line":136,"column":48}},"136":{"start":{"line":137,"column":0},"end":{"line":137,"column":16}},"137":{"start":{"line":138,"column":0},"end":{"line":138,"column":24}},"138":{"start":{"line":139,"column":0},"end":{"line":139,"column":25}},"139":{"start":{"line":140,"column":0},"end":{"line":140,"column":47}},"140":{"start":{"line":141,"column":0},"end":{"line":141,"column":145}},"141":{"start":{"line":142,"column":0},"end":{"line":142,"column":23}},"142":{"start":{"line":143,"column":0},"end":{"line":143,"column":34}},"143":{"start":{"line":144,"column":0},"end":{"line":144,"column":21}},"144":{"start":{"line":145,"column":0},"end":{"line":145,"column":30}},"145":{"start":{"line":146,"column":0},"end":{"line":146,"column":33}},"146":{"start":{"line":147,"column":0},"end":{"line":147,"column":65}},"147":{"start":{"line":148,"column":0},"end":{"line":148,"column":26}},"148":{"start":{"line":149,"column":0},"end":{"line":149,"column":42}},"149":{"start":{"line":150,"column":0},"end":{"line":150,"column":43}},"150":{"start":{"line":151,"column":0},"end":{"line":151,"column":10}},"151":{"start":{"line":152,"column":0},"end":{"line":152,"column":8}},"154":{"start":{"line":155,"column":0},"end":{"line":155,"column":10}},"155":{"start":{"line":156,"column":0},"end":{"line":156,"column":48}},"156":{"start":{"line":157,"column":0},"end":{"line":157,"column":16}},"157":{"start":{"line":158,"column":0},"end":{"line":158,"column":24}},"158":{"start":{"line":159,"column":0},"end":{"line":159,"column":25}},"159":{"start":{"line":160,"column":0},"end":{"line":160,"column":47}},"160":{"start":{"line":161,"column":0},"end":{"line":161,"column":145}},"161":{"start":{"line":162,"column":0},"end":{"line":162,"column":23}},"162":{"start":{"line":163,"column":0},"end":{"line":163,"column":34}},"163":{"start":{"line":164,"column":0},"end":{"line":164,"column":21}},"164":{"start":{"line":165,"column":0},"end":{"line":165,"column":30}},"165":{"start":{"line":166,"column":0},"end":{"line":166,"column":33}},"166":{"start":{"line":167,"column":0},"end":{"line":167,"column":65}},"167":{"start":{"line":168,"column":0},"end":{"line":168,"column":26}},"168":{"start":{"line":169,"column":0},"end":{"line":169,"column":42}},"169":{"start":{"line":170,"column":0},"end":{"line":170,"column":43}},"170":{"start":{"line":171,"column":0},"end":{"line":171,"column":10}},"171":{"start":{"line":172,"column":0},"end":{"line":172,"column":8}},"174":{"start":{"line":175,"column":0},"end":{"line":175,"column":10}},"175":{"start":{"line":176,"column":0},"end":{"line":176,"column":48}},"176":{"start":{"line":177,"column":0},"end":{"line":177,"column":16}},"177":{"start":{"line":178,"column":0},"end":{"line":178,"column":24}},"178":{"start":{"line":179,"column":0},"end":{"line":179,"column":25}},"179":{"start":{"line":180,"column":0},"end":{"line":180,"column":47}},"180":{"start":{"line":181,"column":0},"end":{"line":181,"column":22}},"181":{"start":{"line":182,"column":0},"end":{"line":182,"column":55}},"182":{"start":{"line":183,"column":0},"end":{"line":183,"column":53}},"183":{"start":{"line":184,"column":0},"end":{"line":184,"column":54}},"184":{"start":{"line":185,"column":0},"end":{"line":185,"column":66}},"185":{"start":{"line":186,"column":0},"end":{"line":186,"column":61}},"186":{"start":{"line":187,"column":0},"end":{"line":187,"column":69}},"188":{"start":{"line":189,"column":0},"end":{"line":189,"column":66}},"189":{"start":{"line":190,"column":0},"end":{"line":190,"column":175}},"190":{"start":{"line":191,"column":0},"end":{"line":191,"column":34}},"191":{"start":{"line":192,"column":0},"end":{"line":192,"column":21}},"192":{"start":{"line":193,"column":0},"end":{"line":193,"column":31}},"193":{"start":{"line":194,"column":0},"end":{"line":194,"column":29}},"194":{"start":{"line":195,"column":0},"end":{"line":195,"column":30}},"195":{"start":{"line":196,"column":0},"end":{"line":196,"column":33}},"196":{"start":{"line":197,"column":0},"end":{"line":197,"column":65}},"197":{"start":{"line":198,"column":0},"end":{"line":198,"column":26}},"198":{"start":{"line":199,"column":0},"end":{"line":199,"column":42}},"199":{"start":{"line":200,"column":0},"end":{"line":200,"column":43}},"200":{"start":{"line":201,"column":0},"end":{"line":201,"column":10}},"201":{"start":{"line":202,"column":0},"end":{"line":202,"column":26}},"202":{"start":{"line":203,"column":0},"end":{"line":203,"column":33}},"203":{"start":{"line":204,"column":0},"end":{"line":204,"column":33}},"206":{"start":{"line":207,"column":0},"end":{"line":207,"column":12}},"207":{"start":{"line":208,"column":0},"end":{"line":208,"column":18}},"208":{"start":{"line":209,"column":0},"end":{"line":209,"column":33}},"209":{"start":{"line":210,"column":0},"end":{"line":210,"column":23}},"210":{"start":{"line":211,"column":0},"end":{"line":211,"column":24}},"211":{"start":{"line":212,"column":0},"end":{"line":212,"column":25}},"212":{"start":{"line":213,"column":0},"end":{"line":213,"column":26}},"213":{"start":{"line":214,"column":0},"end":{"line":214,"column":46}},"214":{"start":{"line":215,"column":0},"end":{"line":215,"column":32}},"215":{"start":{"line":216,"column":0},"end":{"line":216,"column":53}},"216":{"start":{"line":217,"column":0},"end":{"line":217,"column":25}},"217":{"start":{"line":218,"column":0},"end":{"line":218,"column":12}},"218":{"start":{"line":219,"column":0},"end":{"line":219,"column":10}},"221":{"start":{"line":222,"column":0},"end":{"line":222,"column":12}},"222":{"start":{"line":223,"column":0},"end":{"line":223,"column":18}},"223":{"start":{"line":224,"column":0},"end":{"line":224,"column":33}},"224":{"start":{"line":225,"column":0},"end":{"line":225,"column":19}},"225":{"start":{"line":226,"column":0},"end":{"line":226,"column":20}},"226":{"start":{"line":227,"column":0},"end":{"line":227,"column":21}},"227":{"start":{"line":228,"column":0},"end":{"line":228,"column":22}},"228":{"start":{"line":229,"column":0},"end":{"line":229,"column":122}},"229":{"start":{"line":230,"column":0},"end":{"line":230,"column":32}},"230":{"start":{"line":231,"column":0},"end":{"line":231,"column":25}},"231":{"start":{"line":232,"column":0},"end":{"line":232,"column":12}},"232":{"start":{"line":233,"column":0},"end":{"line":233,"column":10}},"233":{"start":{"line":234,"column":0},"end":{"line":234,"column":12}},"234":{"start":{"line":235,"column":0},"end":{"line":235,"column":7}},"236":{"start":{"line":237,"column":0},"end":{"line":237,"column":1}}},"s":{"10":1,"11":1,"26":1,"27":2996,"28":2996,"29":2996,"32":2996,"33":1500,"34":221,"35":1500,"36":1279,"37":1279,"38":2996,"41":2996,"42":1487,"43":162,"44":162,"46":1325,"47":1325,"48":1325,"51":1487,"52":103,"53":103,"54":103,"55":103,"56":103,"57":103,"60":1487,"61":214,"62":214,"63":214,"64":214,"65":214,"66":214,"68":1008,"69":2996,"72":2996,"73":1487,"74":162,"75":162,"76":1325,"77":1325,"78":1325,"81":1480,"82":1480,"83":108,"84":2996,"87":2996,"89":2996,"90":1495,"91":4,"92":4,"93":4,"94":4,"95":2996,"98":2996,"99":1500,"100":1485,"101":1485,"102":1485,"103":1485,"104":1500,"105":15,"106":15,"107":2996,"111":2996,"113":2966,"114":2966,"116":2966,"117":18881,"118":18881,"119":18881,"120":18881,"121":18881,"122":18881,"123":18881,"124":18881,"125":18881,"126":18881,"127":18881,"128":18881,"129":18881,"130":18881,"131":2966,"134":2966,"135":2966,"136":2966,"137":2966,"138":2966,"139":2966,"140":2996,"141":2996,"142":2996,"143":2996,"144":2996,"145":2996,"146":2948,"147":18,"148":0,"149":18,"150":2996,"151":2996,"154":2996,"155":2996,"156":2996,"157":2996,"158":2996,"159":2996,"160":2996,"161":2996,"162":2996,"163":2996,"164":2996,"165":2996,"166":2948,"167":18,"168":0,"169":18,"170":2996,"171":2996,"174":2996,"175":2996,"176":2996,"177":2996,"178":2996,"179":2996,"180":2996,"181":2996,"182":2996,"183":2996,"184":2996,"185":2996,"186":2996,"188":2996,"189":2996,"190":2996,"191":2996,"192":2996,"193":2996,"194":2996,"195":2996,"196":2948,"197":18,"198":0,"199":18,"200":2996,"201":2996,"202":2996,"203":2996,"206":2996,"207":2996,"208":2996,"209":2996,"210":2996,"211":2996,"212":2996,"213":2996,"214":2996,"215":2996,"216":2996,"217":2996,"218":2996,"221":2996,"222":2996,"223":2996,"224":2996,"225":2996,"226":2996,"227":2996,"228":2996,"229":2996,"230":2996,"231":2996,"232":2996,"233":2996,"234":2996,"236":2996},"branchMap":{"0":{"type":"branch","line":27,"loc":{"start":{"line":27,"column":7},"end":{"line":237,"column":1}},"locations":[{"start":{"line":27,"column":7},"end":{"line":237,"column":1}}]},"1":{"type":"branch","line":112,"loc":{"start":{"line":112,"column":7},"end":{"line":112,"column":39}},"locations":[{"start":{"line":112,"column":7},"end":{"line":112,"column":39}}]},"2":{"type":"branch","line":112,"loc":{"start":{"line":112,"column":29},"end":{"line":112,"column":60}},"locations":[{"start":{"line":112,"column":29},"end":{"line":112,"column":60}}]},"3":{"type":"branch","line":112,"loc":{"start":{"line":112,"column":49},"end":{"line":112,"column":83}},"locations":[{"start":{"line":112,"column":49},"end":{"line":112,"column":83}}]},"4":{"type":"branch","line":112,"loc":{"start":{"line":112,"column":83},"end":{"line":141,"column":140}},"locations":[{"start":{"line":112,"column":83},"end":{"line":141,"column":140}}]},"5":{"type":"branch","line":112,"loc":{"start":{"line":112,"column":83},"end":{"line":112,"column":95}},"locations":[{"start":{"line":112,"column":83},"end":{"line":112,"column":95}}]},"6":{"type":"branch","line":112,"loc":{"start":{"line":112,"column":90},"end":{"line":141,"column":134}},"locations":[{"start":{"line":112,"column":90},"end":{"line":141,"column":134}}]},"7":{"type":"branch","line":141,"loc":{"start":{"line":141,"column":120},"end":{"line":141,"column":140}},"locations":[{"start":{"line":141,"column":120},"end":{"line":141,"column":140}}]},"8":{"type":"branch","line":141,"loc":{"start":{"line":141,"column":134},"end":{"line":141,"column":141}},"locations":[{"start":{"line":141,"column":134},"end":{"line":141,"column":141}}]},"9":{"type":"branch","line":146,"loc":{"start":{"line":146,"column":22},"end":{"line":147,"column":65}},"locations":[{"start":{"line":146,"column":22},"end":{"line":147,"column":65}}]},"10":{"type":"branch","line":147,"loc":{"start":{"line":147,"column":14},"end":{"line":150,"column":43}},"locations":[{"start":{"line":147,"column":14},"end":{"line":150,"column":43}}]},"11":{"type":"branch","line":148,"loc":{"start":{"line":148,"column":14},"end":{"line":149,"column":42}},"locations":[{"start":{"line":148,"column":14},"end":{"line":149,"column":42}}]},"12":{"type":"branch","line":161,"loc":{"start":{"line":161,"column":120},"end":{"line":161,"column":140}},"locations":[{"start":{"line":161,"column":120},"end":{"line":161,"column":140}}]},"13":{"type":"branch","line":161,"loc":{"start":{"line":161,"column":134},"end":{"line":161,"column":141}},"locations":[{"start":{"line":161,"column":134},"end":{"line":161,"column":141}}]},"14":{"type":"branch","line":166,"loc":{"start":{"line":166,"column":22},"end":{"line":167,"column":65}},"locations":[{"start":{"line":166,"column":22},"end":{"line":167,"column":65}}]},"15":{"type":"branch","line":167,"loc":{"start":{"line":167,"column":14},"end":{"line":170,"column":43}},"locations":[{"start":{"line":167,"column":14},"end":{"line":170,"column":43}}]},"16":{"type":"branch","line":168,"loc":{"start":{"line":168,"column":14},"end":{"line":169,"column":42}},"locations":[{"start":{"line":168,"column":14},"end":{"line":169,"column":42}}]},"17":{"type":"branch","line":190,"loc":{"start":{"line":190,"column":150},"end":{"line":190,"column":170}},"locations":[{"start":{"line":190,"column":150},"end":{"line":190,"column":170}}]},"18":{"type":"branch","line":190,"loc":{"start":{"line":190,"column":164},"end":{"line":190,"column":171}},"locations":[{"start":{"line":190,"column":164},"end":{"line":190,"column":171}}]},"19":{"type":"branch","line":196,"loc":{"start":{"line":196,"column":22},"end":{"line":197,"column":65}},"locations":[{"start":{"line":196,"column":22},"end":{"line":197,"column":65}}]},"20":{"type":"branch","line":197,"loc":{"start":{"line":197,"column":14},"end":{"line":200,"column":43}},"locations":[{"start":{"line":197,"column":14},"end":{"line":200,"column":43}}]},"21":{"type":"branch","line":198,"loc":{"start":{"line":198,"column":14},"end":{"line":199,"column":42}},"locations":[{"start":{"line":198,"column":14},"end":{"line":199,"column":42}}]},"22":{"type":"branch","line":33,"loc":{"start":{"line":33,"column":12},"end":{"line":39,"column":5}},"locations":[{"start":{"line":33,"column":12},"end":{"line":39,"column":5}}]},"23":{"type":"branch","line":34,"loc":{"start":{"line":34,"column":18},"end":{"line":34,"column":44}},"locations":[{"start":{"line":34,"column":18},"end":{"line":34,"column":44}}]},"24":{"type":"branch","line":34,"loc":{"start":{"line":34,"column":32},"end":{"line":34,"column":62}},"locations":[{"start":{"line":34,"column":32},"end":{"line":34,"column":62}}]},"25":{"type":"branch","line":34,"loc":{"start":{"line":34,"column":62},"end":{"line":36,"column":11}},"locations":[{"start":{"line":34,"column":62},"end":{"line":36,"column":11}}]},"26":{"type":"branch","line":36,"loc":{"start":{"line":36,"column":4},"end":{"line":38,"column":5}},"locations":[{"start":{"line":36,"column":4},"end":{"line":38,"column":5}}]},"27":{"type":"branch","line":42,"loc":{"start":{"line":42,"column":37},"end":{"line":70,"column":5}},"locations":[{"start":{"line":42,"column":37},"end":{"line":70,"column":5}}]},"28":{"type":"branch","line":43,"loc":{"start":{"line":43,"column":9},"end":{"line":43,"column":51}},"locations":[{"start":{"line":43,"column":9},"end":{"line":43,"column":51}}]},"29":{"type":"branch","line":43,"loc":{"start":{"line":43,"column":45},"end":{"line":43,"column":72}},"locations":[{"start":{"line":43,"column":45},"end":{"line":43,"column":72}}]},"30":{"type":"branch","line":43,"loc":{"start":{"line":43,"column":72},"end":{"line":45,"column":5}},"locations":[{"start":{"line":43,"column":72},"end":{"line":45,"column":5}}]},"31":{"type":"branch","line":45,"loc":{"start":{"line":45,"column":4},"end":{"line":52,"column":46}},"locations":[{"start":{"line":45,"column":4},"end":{"line":52,"column":46}}]},"32":{"type":"branch","line":45,"loc":{"start":{"line":45,"column":4},"end":{"line":52,"column":34}},"locations":[{"start":{"line":45,"column":4},"end":{"line":52,"column":34}}]},"33":{"type":"branch","line":52,"loc":{"start":{"line":52,"column":24},"end":{"line":52,"column":46}},"locations":[{"start":{"line":52,"column":24},"end":{"line":52,"column":46}}]},"34":{"type":"branch","line":52,"loc":{"start":{"line":52,"column":46},"end":{"line":61,"column":45}},"locations":[{"start":{"line":52,"column":46},"end":{"line":61,"column":45}}]},"35":{"type":"branch","line":52,"loc":{"start":{"line":52,"column":46},"end":{"line":58,"column":5}},"locations":[{"start":{"line":52,"column":46},"end":{"line":58,"column":5}}]},"36":{"type":"branch","line":58,"loc":{"start":{"line":58,"column":4},"end":{"line":61,"column":20}},"locations":[{"start":{"line":58,"column":4},"end":{"line":61,"column":20}}]},"37":{"type":"branch","line":61,"loc":{"start":{"line":61,"column":13},"end":{"line":61,"column":45}},"locations":[{"start":{"line":61,"column":13},"end":{"line":61,"column":45}}]},"38":{"type":"branch","line":61,"loc":{"start":{"line":61,"column":45},"end":{"line":69,"column":36}},"locations":[{"start":{"line":61,"column":45},"end":{"line":69,"column":36}}]},"39":{"type":"branch","line":61,"loc":{"start":{"line":61,"column":45},"end":{"line":67,"column":5}},"locations":[{"start":{"line":61,"column":45},"end":{"line":67,"column":5}}]},"40":{"type":"branch","line":67,"loc":{"start":{"line":67,"column":4},"end":{"line":69,"column":36}},"locations":[{"start":{"line":67,"column":4},"end":{"line":69,"column":36}}]},"41":{"type":"branch","line":73,"loc":{"start":{"line":73,"column":30},"end":{"line":85,"column":5}},"locations":[{"start":{"line":73,"column":30},"end":{"line":85,"column":5}}]},"42":{"type":"branch","line":74,"loc":{"start":{"line":74,"column":9},"end":{"line":74,"column":51}},"locations":[{"start":{"line":74,"column":9},"end":{"line":74,"column":51}}]},"43":{"type":"branch","line":74,"loc":{"start":{"line":74,"column":45},"end":{"line":74,"column":72}},"locations":[{"start":{"line":74,"column":45},"end":{"line":74,"column":72}}]},"44":{"type":"branch","line":74,"loc":{"start":{"line":74,"column":72},"end":{"line":76,"column":5}},"locations":[{"start":{"line":74,"column":72},"end":{"line":76,"column":5}}]},"45":{"type":"branch","line":76,"loc":{"start":{"line":76,"column":4},"end":{"line":84,"column":14}},"locations":[{"start":{"line":76,"column":4},"end":{"line":84,"column":14}}]},"46":{"type":"branch","line":76,"loc":{"start":{"line":76,"column":4},"end":{"line":82,"column":28}},"locations":[{"start":{"line":76,"column":4},"end":{"line":82,"column":28}}]},"47":{"type":"branch","line":82,"loc":{"start":{"line":82,"column":21},"end":{"line":82,"column":30}},"locations":[{"start":{"line":82,"column":21},"end":{"line":82,"column":30}}]},"48":{"type":"branch","line":82,"loc":{"start":{"line":82,"column":28},"end":{"line":83,"column":28}},"locations":[{"start":{"line":82,"column":28},"end":{"line":83,"column":28}}]},"49":{"type":"branch","line":83,"loc":{"start":{"line":83,"column":21},"end":{"line":83,"column":30}},"locations":[{"start":{"line":83,"column":21},"end":{"line":83,"column":30}}]},"50":{"type":"branch","line":83,"loc":{"start":{"line":83,"column":28},"end":{"line":84,"column":14}},"locations":[{"start":{"line":83,"column":28},"end":{"line":84,"column":14}}]},"51":{"type":"branch","line":90,"loc":{"start":{"line":90,"column":12},"end":{"line":96,"column":5}},"locations":[{"start":{"line":90,"column":12},"end":{"line":96,"column":5}}]},"52":{"type":"branch","line":91,"loc":{"start":{"line":91,"column":18},"end":{"line":91,"column":52}},"locations":[{"start":{"line":91,"column":18},"end":{"line":91,"column":52}}]},"53":{"type":"branch","line":91,"loc":{"start":{"line":91,"column":52},"end":{"line":95,"column":5}},"locations":[{"start":{"line":91,"column":52},"end":{"line":95,"column":5}}]},"54":{"type":"branch","line":94,"loc":{"start":{"line":94,"column":13},"end":{"line":94,"column":39}},"locations":[{"start":{"line":94,"column":13},"end":{"line":94,"column":39}}]},"55":{"type":"branch","line":99,"loc":{"start":{"line":99,"column":12},"end":{"line":108,"column":5}},"locations":[{"start":{"line":99,"column":12},"end":{"line":108,"column":5}}]},"56":{"type":"branch","line":100,"loc":{"start":{"line":100,"column":8},"end":{"line":100,"column":66}},"locations":[{"start":{"line":100,"column":8},"end":{"line":100,"column":66}}]},"57":{"type":"branch","line":100,"loc":{"start":{"line":100,"column":31},"end":{"line":100,"column":66}},"locations":[{"start":{"line":100,"column":31},"end":{"line":100,"column":66}}]},"58":{"type":"branch","line":100,"loc":{"start":{"line":100,"column":66},"end":{"line":105,"column":15}},"locations":[{"start":{"line":100,"column":66},"end":{"line":105,"column":15}}]},"59":{"type":"branch","line":105,"loc":{"start":{"line":105,"column":4},"end":{"line":107,"column":5}},"locations":[{"start":{"line":105,"column":4},"end":{"line":107,"column":5}}]},"60":{"type":"branch","line":105,"loc":{"start":{"line":105,"column":25},"end":{"line":105,"column":56}},"locations":[{"start":{"line":105,"column":25},"end":{"line":105,"column":56}}]},"61":{"type":"branch","line":105,"loc":{"start":{"line":105,"column":45},"end":{"line":105,"column":79}},"locations":[{"start":{"line":105,"column":45},"end":{"line":105,"column":79}}]},"62":{"type":"branch","line":101,"loc":{"start":{"line":101,"column":15},"end":{"line":104,"column":7}},"locations":[{"start":{"line":101,"column":15},"end":{"line":104,"column":7}}]},"63":{"type":"branch","line":117,"loc":{"start":{"line":117,"column":17},"end":{"line":131,"column":10}},"locations":[{"start":{"line":117,"column":17},"end":{"line":131,"column":10}}]}},"b":{"0":[2996],"1":[2982],"2":[2980],"3":[2978],"4":[2982],"5":[30],"6":[2966],"7":[2948],"8":[18],"9":[2948],"10":[18],"11":[0],"12":[2948],"13":[18],"14":[2948],"15":[18],"16":[0],"17":[2948],"18":[18],"19":[2948],"20":[18],"21":[0],"22":[1500],"23":[1475],"24":[1475],"25":[221],"26":[1279],"27":[1487],"28":[1473],"29":[1367],"30":[162],"31":[1480],"32":[1325],"33":[105],"34":[1480],"35":[103],"36":[1222],"37":[214],"38":[1470],"39":[214],"40":[1008],"41":[1487],"42":[1473],"43":[1367],"44":[162],"45":[1480],"46":[1325],"47":[455],"48":[870],"49":[762],"50":[108],"51":[1495],"52":[1475],"53":[4],"54":[4],"55":[1500],"56":[1493],"57":[18],"58":[1485],"59":[15],"60":[7],"61":[6],"62":[1485],"63":[18881]},"fnMap":{"0":{"name":"Ball","decl":{"start":{"line":27,"column":7},"end":{"line":237,"column":1}},"loc":{"start":{"line":27,"column":7},"end":{"line":237,"column":1}},"line":27}},"f":{"0":2996}}
,"/Users/Spare/Documents/code/plinko/src/components/BallLauncher.tsx": {"path":"/Users/Spare/Documents/code/plinko/src/components/BallLauncher.tsx","all":false,"statementMap":{"8":{"start":{"line":9,"column":0},"end":{"line":9,"column":39}},"9":{"start":{"line":10,"column":0},"end":{"line":10,"column":36}},"19":{"start":{"line":20,"column":0},"end":{"line":20,"column":101}},"20":{"start":{"line":21,"column":0},"end":{"line":21,"column":31}},"21":{"start":{"line":22,"column":0},"end":{"line":22,"column":66}},"22":{"start":{"line":23,"column":0},"end":{"line":23,"column":59}},"23":{"start":{"line":24,"column":0},"end":{"line":24,"column":28}},"25":{"start":{"line":26,"column":0},"end":{"line":26,"column":71}},"27":{"start":{"line":28,"column":0},"end":{"line":28,"column":10}},"28":{"start":{"line":29,"column":0},"end":{"line":29,"column":15}},"29":{"start":{"line":30,"column":0},"end":{"line":30,"column":41}},"30":{"start":{"line":31,"column":0},"end":{"line":31,"column":23}},"31":{"start":{"line":32,"column":0},"end":{"line":32,"column":14}},"32":{"start":{"line":33,"column":0},"end":{"line":33,"column":23}},"33":{"start":{"line":34,"column":0},"end":{"line":34,"column":22}},"34":{"start":{"line":35,"column":0},"end":{"line":35,"column":43}},"35":{"start":{"line":36,"column":0},"end":{"line":36,"column":37}},"36":{"start":{"line":37,"column":0},"end":{"line":37,"column":8}},"37":{"start":{"line":38,"column":0},"end":{"line":38,"column":16}},"38":{"start":{"line":39,"column":0},"end":{"line":39,"column":36}},"39":{"start":{"line":40,"column":0},"end":{"line":40,"column":39}},"40":{"start":{"line":41,"column":0},"end":{"line":41,"column":8}},"41":{"start":{"line":42,"column":0},"end":{"line":42,"column":19}},"42":{"start":{"line":43,"column":0},"end":{"line":43,"column":62}},"43":{"start":{"line":44,"column":0},"end":{"line":44,"column":21}},"44":{"start":{"line":45,"column":0},"end":{"line":45,"column":13}},"45":{"start":{"line":46,"column":0},"end":{"line":46,"column":28}},"46":{"start":{"line":47,"column":0},"end":{"line":47,"column":31}},"47":{"start":{"line":48,"column":0},"end":{"line":48,"column":32}},"48":{"start":{"line":49,"column":0},"end":{"line":49,"column":13}},"49":{"start":{"line":50,"column":0},"end":{"line":50,"column":28}},"50":{"start":{"line":51,"column":0},"end":{"line":51,"column":8}},"53":{"start":{"line":54,"column":0},"end":{"line":54,"column":17}},"54":{"start":{"line":55,"column":0},"end":{"line":55,"column":28}},"55":{"start":{"line":56,"column":0},"end":{"line":56,"column":16}},"56":{"start":{"line":57,"column":0},"end":{"line":57,"column":38}},"57":{"start":{"line":58,"column":0},"end":{"line":58,"column":40}},"58":{"start":{"line":59,"column":0},"end":{"line":59,"column":42}},"59":{"start":{"line":60,"column":0},"end":{"line":60,"column":42}},"60":{"start":{"line":61,"column":0},"end":{"line":61,"column":23}},"62":{"start":{"line":63,"column":0},"end":{"line":63,"column":53}},"63":{"start":{"line":64,"column":0},"end":{"line":64,"column":57}},"64":{"start":{"line":65,"column":0},"end":{"line":65,"column":54}},"65":{"start":{"line":66,"column":0},"end":{"line":66,"column":53}},"68":{"start":{"line":69,"column":0},"end":{"line":69,"column":42}},"69":{"start":{"line":70,"column":0},"end":{"line":70,"column":65}},"70":{"start":{"line":71,"column":0},"end":{"line":71,"column":22}},"71":{"start":{"line":72,"column":0},"end":{"line":72,"column":63}},"72":{"start":{"line":73,"column":0},"end":{"line":73,"column":60}},"73":{"start":{"line":74,"column":0},"end":{"line":74,"column":55}},"75":{"start":{"line":76,"column":0},"end":{"line":76,"column":10}},"76":{"start":{"line":77,"column":0},"end":{"line":77,"column":43}},"77":{"start":{"line":78,"column":0},"end":{"line":78,"column":18}},"78":{"start":{"line":79,"column":0},"end":{"line":79,"column":40}},"79":{"start":{"line":80,"column":0},"end":{"line":80,"column":39}},"80":{"start":{"line":81,"column":0},"end":{"line":81,"column":10}},"81":{"start":{"line":82,"column":0},"end":{"line":82,"column":21}},"82":{"start":{"line":83,"column":0},"end":{"line":83,"column":65}},"83":{"start":{"line":84,"column":0},"end":{"line":84,"column":49}},"84":{"start":{"line":85,"column":0},"end":{"line":85,"column":10}},"87":{"start":{"line":88,"column":0},"end":{"line":88,"column":12}},"88":{"start":{"line":89,"column":0},"end":{"line":89,"column":38}},"89":{"start":{"line":90,"column":0},"end":{"line":90,"column":18}},"90":{"start":{"line":91,"column":0},"end":{"line":91,"column":157}},"91":{"start":{"line":92,"column":0},"end":{"line":92,"column":44}},"92":{"start":{"line":93,"column":0},"end":{"line":93,"column":12}},"93":{"start":{"line":94,"column":0},"end":{"line":94,"column":10}},"96":{"start":{"line":97,"column":0},"end":{"line":97,"column":12}},"97":{"start":{"line":98,"column":0},"end":{"line":98,"column":51}},"98":{"start":{"line":99,"column":0},"end":{"line":99,"column":18}},"99":{"start":{"line":100,"column":0},"end":{"line":100,"column":26}},"100":{"start":{"line":101,"column":0},"end":{"line":101,"column":119}},"101":{"start":{"line":102,"column":0},"end":{"line":102,"column":40}},"102":{"start":{"line":103,"column":0},"end":{"line":103,"column":12}},"103":{"start":{"line":104,"column":0},"end":{"line":104,"column":10}},"104":{"start":{"line":105,"column":0},"end":{"line":105,"column":19}},"107":{"start":{"line":108,"column":0},"end":{"line":108,"column":24}},"108":{"start":{"line":109,"column":0},"end":{"line":109,"column":19}},"109":{"start":{"line":110,"column":0},"end":{"line":110,"column":43}},"110":{"start":{"line":111,"column":0},"end":{"line":111,"column":18}},"111":{"start":{"line":112,"column":0},"end":{"line":112,"column":42}},"112":{"start":{"line":113,"column":0},"end":{"line":113,"column":43}},"113":{"start":{"line":114,"column":0},"end":{"line":114,"column":38}},"114":{"start":{"line":115,"column":0},"end":{"line":115,"column":41}},"115":{"start":{"line":116,"column":0},"end":{"line":116,"column":25}},"117":{"start":{"line":118,"column":0},"end":{"line":118,"column":55}},"118":{"start":{"line":119,"column":0},"end":{"line":119,"column":49}},"119":{"start":{"line":120,"column":0},"end":{"line":120,"column":54}},"120":{"start":{"line":121,"column":0},"end":{"line":121,"column":54}},"121":{"start":{"line":122,"column":0},"end":{"line":122,"column":56}},"122":{"start":{"line":123,"column":0},"end":{"line":123,"column":56}},"123":{"start":{"line":124,"column":0},"end":{"line":124,"column":55}},"126":{"start":{"line":127,"column":0},"end":{"line":127,"column":24}},"127":{"start":{"line":128,"column":0},"end":{"line":128,"column":61}},"128":{"start":{"line":129,"column":0},"end":{"line":129,"column":59}},"129":{"start":{"line":130,"column":0},"end":{"line":130,"column":58}},"130":{"start":{"line":131,"column":0},"end":{"line":131,"column":68}},"131":{"start":{"line":132,"column":0},"end":{"line":132,"column":63}},"132":{"start":{"line":133,"column":0},"end":{"line":133,"column":71}},"134":{"start":{"line":135,"column":0},"end":{"line":135,"column":70}},"135":{"start":{"line":136,"column":0},"end":{"line":136,"column":12}},"136":{"start":{"line":137,"column":0},"end":{"line":137,"column":38}},"137":{"start":{"line":138,"column":0},"end":{"line":138,"column":20}},"138":{"start":{"line":139,"column":0},"end":{"line":139,"column":26}},"139":{"start":{"line":140,"column":0},"end":{"line":140,"column":32}},"140":{"start":{"line":141,"column":0},"end":{"line":141,"column":12}},"141":{"start":{"line":142,"column":0},"end":{"line":142,"column":23}},"142":{"start":{"line":143,"column":0},"end":{"line":143,"column":24}},"143":{"start":{"line":144,"column":0},"end":{"line":144,"column":29}},"144":{"start":{"line":145,"column":0},"end":{"line":145,"column":30}},"145":{"start":{"line":146,"column":0},"end":{"line":146,"column":12}},"148":{"start":{"line":149,"column":0},"end":{"line":149,"column":14}},"149":{"start":{"line":150,"column":0},"end":{"line":150,"column":20}},"150":{"start":{"line":151,"column":0},"end":{"line":151,"column":35}},"151":{"start":{"line":152,"column":0},"end":{"line":152,"column":25}},"152":{"start":{"line":153,"column":0},"end":{"line":153,"column":26}},"153":{"start":{"line":154,"column":0},"end":{"line":154,"column":27}},"154":{"start":{"line":155,"column":0},"end":{"line":155,"column":28}},"155":{"start":{"line":156,"column":0},"end":{"line":156,"column":140}},"156":{"start":{"line":157,"column":0},"end":{"line":157,"column":34}},"157":{"start":{"line":158,"column":0},"end":{"line":158,"column":34}},"158":{"start":{"line":159,"column":0},"end":{"line":159,"column":14}},"159":{"start":{"line":160,"column":0},"end":{"line":160,"column":12}},"160":{"start":{"line":161,"column":0},"end":{"line":161,"column":21}},"164":{"start":{"line":165,"column":0},"end":{"line":165,"column":17}},"165":{"start":{"line":166,"column":0},"end":{"line":166,"column":28}},"166":{"start":{"line":167,"column":0},"end":{"line":167,"column":16}},"167":{"start":{"line":168,"column":0},"end":{"line":168,"column":42}},"168":{"start":{"line":169,"column":0},"end":{"line":169,"column":24}},"169":{"start":{"line":170,"column":0},"end":{"line":170,"column":48}},"170":{"start":{"line":171,"column":0},"end":{"line":171,"column":46}},"171":{"start":{"line":172,"column":0},"end":{"line":172,"column":169}},"172":{"start":{"line":173,"column":0},"end":{"line":173,"column":30}},"173":{"start":{"line":174,"column":0},"end":{"line":174,"column":115}},"174":{"start":{"line":175,"column":0},"end":{"line":175,"column":10}},"175":{"start":{"line":176,"column":0},"end":{"line":176,"column":26}},"176":{"start":{"line":177,"column":0},"end":{"line":177,"column":18}},"177":{"start":{"line":178,"column":0},"end":{"line":178,"column":34}},"178":{"start":{"line":179,"column":0},"end":{"line":179,"column":10}},"179":{"start":{"line":180,"column":0},"end":{"line":180,"column":21}},"180":{"start":{"line":181,"column":0},"end":{"line":181,"column":24}},"181":{"start":{"line":182,"column":0},"end":{"line":182,"column":38}},"182":{"start":{"line":183,"column":0},"end":{"line":183,"column":10}},"183":{"start":{"line":184,"column":0},"end":{"line":184,"column":8}},"186":{"start":{"line":187,"column":0},"end":{"line":187,"column":24}},"187":{"start":{"line":188,"column":0},"end":{"line":188,"column":19}},"188":{"start":{"line":189,"column":0},"end":{"line":189,"column":30}},"189":{"start":{"line":190,"column":0},"end":{"line":190,"column":18}},"190":{"start":{"line":191,"column":0},"end":{"line":191,"column":25}},"191":{"start":{"line":192,"column":0},"end":{"line":192,"column":27}},"192":{"start":{"line":193,"column":0},"end":{"line":193,"column":25}},"193":{"start":{"line":194,"column":0},"end":{"line":194,"column":49}},"194":{"start":{"line":195,"column":0},"end":{"line":195,"column":174}},"195":{"start":{"line":196,"column":0},"end":{"line":196,"column":25}},"196":{"start":{"line":197,"column":0},"end":{"line":197,"column":12}},"197":{"start":{"line":198,"column":0},"end":{"line":198,"column":10}},"199":{"start":{"line":200,"column":0},"end":{"line":200,"column":17}},"201":{"start":{"line":202,"column":0},"end":{"line":202,"column":1}}},"s":{"8":1,"9":1,"19":1,"20":16,"21":16,"22":16,"23":16,"25":16,"27":16,"28":16,"29":16,"30":16,"31":16,"32":16,"33":16,"34":16,"35":16,"36":16,"37":16,"38":16,"39":16,"40":16,"41":16,"42":16,"43":16,"44":0,"45":0,"46":0,"47":0,"48":0,"49":16,"50":16,"53":16,"54":16,"55":16,"56":16,"57":16,"58":16,"59":16,"60":16,"62":16,"63":16,"64":16,"65":16,"68":16,"69":16,"70":16,"71":16,"72":16,"73":16,"75":16,"76":16,"77":16,"78":16,"79":16,"80":16,"81":16,"82":16,"83":16,"84":16,"87":16,"88":16,"89":16,"90":16,"91":16,"92":16,"93":16,"96":16,"97":16,"98":16,"99":16,"100":16,"101":16,"102":16,"103":16,"104":16,"107":16,"108":10,"109":10,"110":10,"111":10,"112":10,"113":10,"114":10,"115":10,"117":10,"118":10,"119":10,"120":10,"121":10,"122":10,"123":10,"126":10,"127":10,"128":10,"129":10,"130":10,"131":10,"132":10,"134":10,"135":10,"136":10,"137":10,"138":10,"139":10,"140":10,"141":10,"142":10,"143":10,"144":10,"145":10,"148":10,"149":10,"150":10,"151":10,"152":10,"153":10,"154":10,"155":10,"156":10,"157":10,"158":10,"159":10,"160":10,"164":16,"165":16,"166":16,"167":16,"168":16,"169":16,"170":16,"171":16,"172":16,"173":16,"174":16,"175":16,"176":16,"177":16,"178":16,"179":16,"180":16,"181":16,"182":16,"183":16,"186":16,"187":10,"188":10,"189":10,"190":10,"191":10,"192":10,"193":10,"194":10,"195":10,"196":10,"197":10,"199":16,"201":16},"branchMap":{"0":{"type":"branch","line":20,"loc":{"start":{"line":20,"column":7},"end":{"line":202,"column":1}},"locations":[{"start":{"line":20,"column":7},"end":{"line":202,"column":1}}]},"1":{"type":"branch","line":26,"loc":{"start":{"line":26,"column":20},"end":{"line":26,"column":49}},"locations":[{"start":{"line":26,"column":20},"end":{"line":26,"column":49}}]},"2":{"type":"branch","line":36,"loc":{"start":{"line":36,"column":16},"end":{"line":36,"column":34}},"locations":[{"start":{"line":36,"column":16},"end":{"line":36,"column":34}}]},"3":{"type":"branch","line":39,"loc":{"start":{"line":39,"column":15},"end":{"line":39,"column":34}},"locations":[{"start":{"line":39,"column":15},"end":{"line":39,"column":34}}]},"4":{"type":"branch","line":40,"loc":{"start":{"line":40,"column":11},"end":{"line":40,"column":37}},"locations":[{"start":{"line":40,"column":11},"end":{"line":40,"column":37}}]},"5":{"type":"branch","line":44,"loc":{"start":{"line":44,"column":11},"end":{"line":49,"column":13}},"locations":[{"start":{"line":44,"column":11},"end":{"line":49,"column":13}}]},"6":{"type":"branch","line":79,"loc":{"start":{"line":79,"column":18},"end":{"line":79,"column":38}},"locations":[{"start":{"line":79,"column":18},"end":{"line":79,"column":38}}]},"7":{"type":"branch","line":79,"loc":{"start":{"line":79,"column":32},"end":{"line":79,"column":40}},"locations":[{"start":{"line":79,"column":32},"end":{"line":79,"column":40}}]},"8":{"type":"branch","line":80,"loc":{"start":{"line":80,"column":19},"end":{"line":80,"column":37}},"locations":[{"start":{"line":80,"column":19},"end":{"line":80,"column":37}}]},"9":{"type":"branch","line":80,"loc":{"start":{"line":80,"column":33},"end":{"line":80,"column":39}},"locations":[{"start":{"line":80,"column":33},"end":{"line":80,"column":39}}]},"10":{"type":"branch","line":108,"loc":{"start":{"line":108,"column":8},"end":{"line":161,"column":21}},"locations":[{"start":{"line":108,"column":8},"end":{"line":161,"column":21}}]},"11":{"type":"branch","line":178,"loc":{"start":{"line":178,"column":13},"end":{"line":178,"column":32}},"locations":[{"start":{"line":178,"column":13},"end":{"line":178,"column":32}}]},"12":{"type":"branch","line":178,"loc":{"start":{"line":178,"column":27},"end":{"line":178,"column":34}},"locations":[{"start":{"line":178,"column":27},"end":{"line":178,"column":34}}]},"13":{"type":"branch","line":187,"loc":{"start":{"line":187,"column":8},"end":{"line":198,"column":10}},"locations":[{"start":{"line":187,"column":8},"end":{"line":198,"column":10}}]}},"b":{"0":[16],"1":[0],"2":[0],"3":[0],"4":[0],"5":[0],"6":[6],"7":[10],"8":[6],"9":[10],"10":[10],"11":[6],"12":[10],"13":[10]},"fnMap":{"0":{"name":"BallLauncher","decl":{"start":{"line":20,"column":7},"end":{"line":202,"column":1}},"loc":{"start":{"line":20,"column":7},"end":{"line":202,"column":1}},"line":20}},"f":{"0":16}}
,"/Users/Spare/Documents/code/plinko/src/components/Countdown.tsx": {"path":"/Users/Spare/Documents/code/plinko/src/components/Countdown.tsx","all":false,"statementMap":{"8":{"start":{"line":9,"column":0},"end":{"line":9,"column":39}},"9":{"start":{"line":10,"column":0},"end":{"line":10,"column":44}},"10":{"start":{"line":11,"column":0},"end":{"line":11,"column":36}},"18":{"start":{"line":19,"column":0},"end":{"line":19,"column":92}},"19":{"start":{"line":20,"column":0},"end":{"line":20,"column":40}},"20":{"start":{"line":21,"column":0},"end":{"line":21,"column":31}},"22":{"start":{"line":23,"column":0},"end":{"line":23,"column":19}},"23":{"start":{"line":24,"column":0},"end":{"line":24,"column":22}},"25":{"start":{"line":26,"column":0},"end":{"line":26,"column":48}},"26":{"start":{"line":27,"column":0},"end":{"line":27,"column":39}},"27":{"start":{"line":28,"column":0},"end":{"line":28,"column":5}},"29":{"start":{"line":30,"column":0},"end":{"line":30,"column":36}},"30":{"start":{"line":31,"column":0},"end":{"line":31,"column":26}},"31":{"start":{"line":32,"column":0},"end":{"line":32,"column":43}},"33":{"start":{"line":34,"column":0},"end":{"line":34,"column":37}},"34":{"start":{"line":35,"column":0},"end":{"line":35,"column":26}},"36":{"start":{"line":37,"column":0},"end":{"line":37,"column":61}},"39":{"start":{"line":40,"column":0},"end":{"line":40,"column":25}},"40":{"start":{"line":41,"column":0},"end":{"line":41,"column":44}},"41":{"start":{"line":42,"column":0},"end":{"line":42,"column":57}},"43":{"start":{"line":44,"column":0},"end":{"line":44,"column":60}},"44":{"start":{"line":45,"column":0},"end":{"line":45,"column":65}},"45":{"start":{"line":46,"column":0},"end":{"line":46,"column":51}},"48":{"start":{"line":49,"column":0},"end":{"line":49,"column":43}},"50":{"start":{"line":51,"column":0},"end":{"line":51,"column":10}},"51":{"start":{"line":52,"column":0},"end":{"line":52,"column":15}},"52":{"start":{"line":53,"column":0},"end":{"line":53,"column":79}},"53":{"start":{"line":54,"column":0},"end":{"line":54,"column":14}},"54":{"start":{"line":55,"column":0},"end":{"line":55,"column":33}},"55":{"start":{"line":56,"column":0},"end":{"line":56,"column":40}},"56":{"start":{"line":57,"column":0},"end":{"line":57,"column":8}},"57":{"start":{"line":58,"column":0},"end":{"line":58,"column":30}},"58":{"start":{"line":59,"column":0},"end":{"line":59,"column":30}},"59":{"start":{"line":60,"column":0},"end":{"line":60,"column":27}},"60":{"start":{"line":61,"column":0},"end":{"line":61,"column":36}},"63":{"start":{"line":64,"column":0},"end":{"line":64,"column":17}},"64":{"start":{"line":65,"column":0},"end":{"line":65,"column":58}},"65":{"start":{"line":66,"column":0},"end":{"line":66,"column":61}},"66":{"start":{"line":67,"column":0},"end":{"line":67,"column":16}},"67":{"start":{"line":68,"column":0},"end":{"line":68,"column":25}},"68":{"start":{"line":69,"column":0},"end":{"line":69,"column":26}},"69":{"start":{"line":70,"column":0},"end":{"line":70,"column":10}},"70":{"start":{"line":71,"column":0},"end":{"line":71,"column":55}},"71":{"start":{"line":72,"column":0},"end":{"line":72,"column":18}},"72":{"start":{"line":73,"column":0},"end":{"line":73,"column":29}},"73":{"start":{"line":74,"column":0},"end":{"line":74,"column":31}},"74":{"start":{"line":75,"column":0},"end":{"line":75,"column":29}},"75":{"start":{"line":76,"column":0},"end":{"line":76,"column":10}},"76":{"start":{"line":77,"column":0},"end":{"line":77,"column":41}},"77":{"start":{"line":78,"column":0},"end":{"line":78,"column":21}},"78":{"start":{"line":79,"column":0},"end":{"line":79,"column":24}},"79":{"start":{"line":80,"column":0},"end":{"line":80,"column":55}},"80":{"start":{"line":81,"column":0},"end":{"line":81,"column":10}},"83":{"start":{"line":84,"column":0},"end":{"line":84,"column":19}},"84":{"start":{"line":85,"column":0},"end":{"line":85,"column":71}},"85":{"start":{"line":86,"column":0},"end":{"line":86,"column":18}},"86":{"start":{"line":87,"column":0},"end":{"line":87,"column":19}},"87":{"start":{"line":88,"column":0},"end":{"line":88,"column":25}},"88":{"start":{"line":89,"column":0},"end":{"line":89,"column":60}},"89":{"start":{"line":90,"column":0},"end":{"line":90,"column":64}},"90":{"start":{"line":91,"column":0},"end":{"line":91,"column":22}},"91":{"start":{"line":92,"column":0},"end":{"line":92,"column":25}},"92":{"start":{"line":93,"column":0},"end":{"line":93,"column":110}},"93":{"start":{"line":94,"column":0},"end":{"line":94,"column":117}},"94":{"start":{"line":95,"column":0},"end":{"line":95,"column":12}},"95":{"start":{"line":96,"column":0},"end":{"line":96,"column":44}},"96":{"start":{"line":97,"column":0},"end":{"line":97,"column":20}},"97":{"start":{"line":98,"column":0},"end":{"line":98,"column":31}},"98":{"start":{"line":99,"column":0},"end":{"line":99,"column":33}},"99":{"start":{"line":100,"column":0},"end":{"line":100,"column":12}},"100":{"start":{"line":101,"column":0},"end":{"line":101,"column":23}},"101":{"start":{"line":102,"column":0},"end":{"line":102,"column":26}},"102":{"start":{"line":103,"column":0},"end":{"line":103,"column":28}},"103":{"start":{"line":104,"column":0},"end":{"line":104,"column":12}},"104":{"start":{"line":105,"column":0},"end":{"line":105,"column":10}},"107":{"start":{"line":108,"column":0},"end":{"line":108,"column":19}},"108":{"start":{"line":109,"column":0},"end":{"line":109,"column":63}},"109":{"start":{"line":110,"column":0},"end":{"line":110,"column":18}},"110":{"start":{"line":111,"column":0},"end":{"line":111,"column":27}},"111":{"start":{"line":112,"column":0},"end":{"line":112,"column":28}},"112":{"start":{"line":113,"column":0},"end":{"line":113,"column":26}},"113":{"start":{"line":114,"column":0},"end":{"line":114,"column":25}},"114":{"start":{"line":115,"column":0},"end":{"line":115,"column":23}},"115":{"start":{"line":116,"column":0},"end":{"line":116,"column":25}},"116":{"start":{"line":117,"column":0},"end":{"line":117,"column":59}},"117":{"start":{"line":118,"column":0},"end":{"line":118,"column":40}},"118":{"start":{"line":119,"column":0},"end":{"line":119,"column":91}},"119":{"start":{"line":120,"column":0},"end":{"line":120,"column":61}},"120":{"start":{"line":121,"column":0},"end":{"line":121,"column":137}},"121":{"start":{"line":122,"column":0},"end":{"line":122,"column":63}},"122":{"start":{"line":123,"column":0},"end":{"line":123,"column":44}},"123":{"start":{"line":124,"column":0},"end":{"line":124,"column":144}},"124":{"start":{"line":125,"column":0},"end":{"line":125,"column":12}},"125":{"start":{"line":126,"column":0},"end":{"line":126,"column":20}},"126":{"start":{"line":127,"column":0},"end":{"line":127,"column":31}},"127":{"start":{"line":128,"column":0},"end":{"line":128,"column":37}},"128":{"start":{"line":129,"column":0},"end":{"line":129,"column":12}},"129":{"start":{"line":130,"column":0},"end":{"line":130,"column":23}},"130":{"start":{"line":131,"column":0},"end":{"line":131,"column":26}},"131":{"start":{"line":132,"column":0},"end":{"line":132,"column":38}},"132":{"start":{"line":133,"column":0},"end":{"line":133,"column":30}},"133":{"start":{"line":134,"column":0},"end":{"line":134,"column":12}},"134":{"start":{"line":135,"column":0},"end":{"line":135,"column":10}},"137":{"start":{"line":138,"column":0},"end":{"line":138,"column":19}},"138":{"start":{"line":139,"column":0},"end":{"line":139,"column":55}},"139":{"start":{"line":140,"column":0},"end":{"line":140,"column":18}},"140":{"start":{"line":141,"column":0},"end":{"line":141,"column":23}},"141":{"start":{"line":142,"column":0},"end":{"line":142,"column":25}},"142":{"start":{"line":143,"column":0},"end":{"line":143,"column":19}},"143":{"start":{"line":144,"column":0},"end":{"line":144,"column":56}},"144":{"start":{"line":145,"column":0},"end":{"line":145,"column":58}},"145":{"start":{"line":146,"column":0},"end":{"line":146,"column":61}},"146":{"start":{"line":147,"column":0},"end":{"line":147,"column":60}},"148":{"start":{"line":149,"column":0},"end":{"line":149,"column":19}},"149":{"start":{"line":150,"column":0},"end":{"line":150,"column":59}},"150":{"start":{"line":151,"column":0},"end":{"line":151,"column":61}},"151":{"start":{"line":152,"column":0},"end":{"line":152,"column":61}},"152":{"start":{"line":153,"column":0},"end":{"line":153,"column":60}},"154":{"start":{"line":155,"column":0},"end":{"line":155,"column":23}},"155":{"start":{"line":156,"column":0},"end":{"line":156,"column":25}},"156":{"start":{"line":157,"column":0},"end":{"line":157,"column":50}},"157":{"start":{"line":158,"column":0},"end":{"line":158,"column":115}},"158":{"start":{"line":159,"column":0},"end":{"line":159,"column":74}},"159":{"start":{"line":160,"column":0},"end":{"line":160,"column":41}},"160":{"start":{"line":161,"column":0},"end":{"line":161,"column":47}},"161":{"start":{"line":162,"column":0},"end":{"line":162,"column":35}},"162":{"start":{"line":163,"column":0},"end":{"line":163,"column":12}},"163":{"start":{"line":164,"column":0},"end":{"line":164,"column":29}},"164":{"start":{"line":165,"column":0},"end":{"line":165,"column":28}},"165":{"start":{"line":166,"column":0},"end":{"line":166,"column":66}},"167":{"start":{"line":168,"column":0},"end":{"line":168,"column":23}},"168":{"start":{"line":169,"column":0},"end":{"line":169,"column":21}},"171":{"start":{"line":172,"column":0},"end":{"line":172,"column":50}},"172":{"start":{"line":173,"column":0},"end":{"line":173,"column":38}},"173":{"start":{"line":174,"column":0},"end":{"line":174,"column":49}},"174":{"start":{"line":175,"column":0},"end":{"line":175,"column":30}},"175":{"start":{"line":176,"column":0},"end":{"line":176,"column":48}},"176":{"start":{"line":177,"column":0},"end":{"line":177,"column":48}},"178":{"start":{"line":179,"column":0},"end":{"line":179,"column":18}},"179":{"start":{"line":180,"column":0},"end":{"line":180,"column":23}},"180":{"start":{"line":181,"column":0},"end":{"line":181,"column":21}},"181":{"start":{"line":182,"column":0},"end":{"line":182,"column":67}},"182":{"start":{"line":183,"column":0},"end":{"line":183,"column":22}},"183":{"start":{"line":184,"column":0},"end":{"line":184,"column":30}},"184":{"start":{"line":185,"column":0},"end":{"line":185,"column":31}},"185":{"start":{"line":186,"column":0},"end":{"line":186,"column":29}},"186":{"start":{"line":187,"column":0},"end":{"line":187,"column":28}},"187":{"start":{"line":188,"column":0},"end":{"line":188,"column":27}},"188":{"start":{"line":189,"column":0},"end":{"line":189,"column":29}},"189":{"start":{"line":190,"column":0},"end":{"line":190,"column":99}},"190":{"start":{"line":191,"column":0},"end":{"line":191,"column":103}},"191":{"start":{"line":192,"column":0},"end":{"line":192,"column":26}},"192":{"start":{"line":193,"column":0},"end":{"line":193,"column":29}},"193":{"start":{"line":194,"column":0},"end":{"line":194,"column":65}},"194":{"start":{"line":195,"column":0},"end":{"line":195,"column":69}},"195":{"start":{"line":196,"column":0},"end":{"line":196,"column":16}},"196":{"start":{"line":197,"column":0},"end":{"line":197,"column":60}},"197":{"start":{"line":198,"column":0},"end":{"line":198,"column":24}},"198":{"start":{"line":199,"column":0},"end":{"line":199,"column":18}},"199":{"start":{"line":200,"column":0},"end":{"line":200,"column":18}},"200":{"start":{"line":201,"column":0},"end":{"line":201,"column":35}},"201":{"start":{"line":202,"column":0},"end":{"line":202,"column":37}},"202":{"start":{"line":203,"column":0},"end":{"line":203,"column":16}},"203":{"start":{"line":204,"column":0},"end":{"line":204,"column":27}},"204":{"start":{"line":205,"column":0},"end":{"line":205,"column":30}}
[...]
,"/Users/Spare/Documents/code/plinko/src/utils/deviceDetection.ts": {"path":"/Users/Spare/Documents/code/plinko/src/utils/deviceDetection.ts","all":false,"statementMap":{"9":{"start":{"line":10,"column":0},"end":{"line":10,"column":43}},"10":{"start":{"line":11,"column":0},"end":{"line":11,"column":54}},"11":{"start":{"line":12,"column":0},"end":{"line":12,"column":91}},"12":{"start":{"line":13,"column":0},"end":{"line":13,"column":13}},"13":{"start":{"line":14,"column":0},"end":{"line":14,"column":4}},"14":{"start":{"line":15,"column":0},"end":{"line":15,"column":81}},"15":{"start":{"line":16,"column":0},"end":{"line":16,"column":67}},"16":{"start":{"line":17,"column":0},"end":{"line":17,"column":1}},"22":{"start":{"line":23,"column":0},"end":{"line":23,"column":45}},"23":{"start":{"line":24,"column":0},"end":{"line":24,"column":13}},"24":{"start":{"line":25,"column":0},"end":{"line":25,"column":1}},"30":{"start":{"line":31,"column":0},"end":{"line":31,"column":54}},"31":{"start":{"line":32,"column":0},"end":{"line":32,"column":25}},"32":{"start":{"line":33,"column":0},"end":{"line":33,"column":60}},"33":{"start":{"line":34,"column":0},"end":{"line":34,"column":3}},"34":{"start":{"line":35,"column":0},"end":{"line":35,"column":27}},"35":{"start":{"line":36,"column":0},"end":{"line":36,"column":1}}},"s":{"9":1,"10":85,"11":85,"12":85,"13":85,"14":85,"15":85,"16":85,"22":1,"23":8,"24":8,"30":1,"31":7,"32":5,"33":5,"34":2,"35":2},"branchMap":{"0":{"type":"branch","line":10,"loc":{"start":{"line":10,"column":7},"end":{"line":17,"column":1}},"locations":[{"start":{"line":10,"column":7},"end":{"line":17,"column":1}}]},"1":{"type":"branch","line":15,"loc":{"start":{"line":15,"column":42},"end":{"line":15,"column":81}},"locations":[{"start":{"line":15,"column":42},"end":{"line":15,"column":81}}]},"2":{"type":"branch","line":16,"loc":{"start":{"line":16,"column":9},"end":{"line":16,"column":67}},"locations":[{"start":{"line":16,"column":9},"end":{"line":16,"column":67}}]},"3":{"type":"branch","line":16,"loc":{"start":{"line":16,"column":24},"end":{"line":16,"column":67}},"locations":[{"start":{"line":16,"column":24},"end":{"line":16,"column":67}}]},"4":{"type":"branch","line":23,"loc":{"start":{"line":23,"column":7},"end":{"line":25,"column":1}},"locations":[{"start":{"line":23,"column":7},"end":{"line":25,"column":1}}]},"5":{"type":"branch","line":31,"loc":{"start":{"line":31,"column":7},"end":{"line":36,"column":1}},"locations":[{"start":{"line":31,"column":7},"end":{"line":36,"column":1}}]},"6":{"type":"branch","line":32,"loc":{"start":{"line":32,"column":24},"end":{"line":34,"column":3}},"locations":[{"start":{"line":32,"column":24},"end":{"line":34,"column":3}}]},"7":{"type":"branch","line":34,"loc":{"start":{"line":34,"column":2},"end":{"line":36,"column":1}},"locations":[{"start":{"line":34,"column":2},"end":{"line":36,"column":1}}]}},"b":{"0":[85],"1":[1],"2":[56],"3":[55],"4":[8],"5":[7],"6":[5],"7":[2]},"fnMap":{"0":{"name":"isMobileDevice","decl":{"start":{"line":10,"column":7},"end":{"line":17,"column":1}},"loc":{"start":{"line":10,"column":7},"end":{"line":17,"column":1}},"line":10},"1":{"name":"getMaxMobileWidth","decl":{"start":{"line":23,"column":7},"end":{"line":25,"column":1}},"loc":{"start":{"line":23,"column":7},"end":{"line":25,"column":1}},"line":23},"2":{"name":"getResponsiveViewportWidth","decl":{"start":{"line":31,"column":7},"end":{"line":36,"column":1}},"loc":{"start":{"line":31,"column":7},"end":{"line":36,"column":1}},"line":31}},"f":{"0":85,"1":8,"2":7}}
,"/Users/Spare/Documents/code/plinko/src/utils/formatNumber.ts": {"path":"/Users/Spare/Documents/code/plinko/src/utils/formatNumber.ts","all":false,"statementMap":{"10":{"start":{"line":11,"column":0},"end":{"line":11,"column":57}},"11":{"start":{"line":12,"column":0},"end":{"line":12,"column":21}},"12":{"start":{"line":13,"column":0},"end":{"line":13,"column":28}},"13":{"start":{"line":14,"column":0},"end":{"line":14,"column":3}},"15":{"start":{"line":16,"column":0},"end":{"line":16,"column":24}},"17":{"start":{"line":18,"column":0},"end":{"line":18,"column":35}},"19":{"start":{"line":20,"column":0},"end":{"line":20,"column":90}},"20":{"start":{"line":21,"column":0},"end":{"line":21,"column":3}},"23":{"start":{"line":24,"column":0},"end":{"line":24,"column":35}},"24":{"start":{"line":25,"column":0},"end":{"line":25,"column":85}},"25":{"start":{"line":26,"column":0},"end":{"line":26,"column":1}}},"s":{"10":1,"11":12933,"12":7448,"13":7448,"15":5498,"17":5465,"19":5465,"20":5465,"23":20,"24":12933,"25":12933},"branchMap":{"0":{"type":"branch","line":11,"loc":{"start":{"line":11,"column":7},"end":{"line":26,"column":1}},"locations":[{"start":{"line":11,"column":7},"end":{"line":26,"column":1}}]},"1":{"type":"branch","line":12,"loc":{"start":{"line":12,"column":20},"end":{"line":14,"column":3}},"locations":[{"start":{"line":12,"column":20},"end":{"line":14,"column":3}}]},"2":{"type":"branch","line":14,"loc":{"start":{"line":14,"column":2},"end":{"line":25,"column":59}},"locations":[{"start":{"line":14,"column":2},"end":{"line":25,"column":59}}]},"3":{"type":"branch","line":14,"loc":{"start":{"line":14,"column":2},"end":{"line":21,"column":3}},"locations":[{"start":{"line":14,"column":2},"end":{"line":21,"column":3}}]},"4":{"type":"branch","line":14,"loc":{"start":{"line":14,"column":2},"end":{"line":16,"column":23}},"locations":[{"start":{"line":14,"column":2},"end":{"line":16,"column":23}}]},"5":{"type":"branch","line":16,"loc":{"start":{"line":16,"column":23},"end":{"line":21,"column":3}},"locations":[{"start":{"line":16,"column":23},"end":{"line":21,"column":3}}]},"6":{"type":"branch","line":20,"loc":{"start":{"line":20,"column":29},"end":{"line":20,"column":63}},"locations":[{"start":{"line":20,"column":29},"end":{"line":20,"column":63}}]},"7":{"type":"branch","line":20,"loc":{"start":{"line":20,"column":57},"end":{"line":20,"column":90}},"locations":[{"start":{"line":20,"column":57},"end":{"line":20,"column":90}}]},"8":{"type":"branch","line":21,"loc":{"start":{"line":21,"column":2},"end":{"line":25,"column":59}},"locations":[{"start":{"line":21,"column":2},"end":{"line":25,"column":59}}]},"9":{"type":"branch","line":21,"loc":{"start":{"line":21,"column":2},"end":{"line":25,"column":30}},"locations":[{"start":{"line":21,"column":2},"end":{"line":25,"column":30}}]},"10":{"type":"branch","line":25,"loc":{"start":{"line":25,"column":26},"end":{"line":25,"column":59}},"locations":[{"start":{"line":25,"column":26},"end":{"line":25,"column":59}}]},"11":{"type":"branch","line":25,"loc":{"start":{"line":25,"column":53},"end":{"line":25,"column":85}},"locations":[{"start":{"line":25,"column":53},"end":{"line":25,"column":85}}]}},"b":{"0":[12933],"1":[7448],"2":[12931],"3":[5498],"4":[5485],"5":[5465],"6":[5452],"7":[13],"8":[53],"9":[20],"10":[8],"11":[12]},"fnMap":{"0":{"name":"abbreviateNumber","decl":{"start":{"line":11,"column":7},"end":{"line":26,"column":1}},"loc":{"start":{"line":11,"column":7},"end":{"line":26,"column":1}},"line":11}},"f":{"0":12933}}
,"/Users/Spare/Documents/code/plinko/src/utils/prizeUtils.ts": {"path":"/Users/Spare/Documents/code/plinko/src/utils/prizeUtils.ts","all":false,"statementMap":{"12":{"start":{"line":13,"column":0},"end":{"line":13,"column":63}},"13":{"start":{"line":14,"column":0},"end":{"line":14,"column":64}},"14":{"start":{"line":15,"column":0},"end":{"line":15,"column":25}},"16":{"start":{"line":17,"column":0},"end":{"line":17,"column":40}},"17":{"start":{"line":18,"column":0},"end":{"line":18,"column":82}},"18":{"start":{"line":19,"column":0},"end":{"line":19,"column":3}},"20":{"start":{"line":21,"column":0},"end":{"line":21,"column":47}},"21":{"start":{"line":22,"column":0},"end":{"line":22,"column":79}},"22":{"start":{"line":23,"column":0},"end":{"line":23,"column":3}},"23":{"start":{"line":24,"column":0},"end":{"line":24,"column":1}},"32":{"start":{"line":33,"column":0},"end":{"line":33,"column":87}},"33":{"start":{"line":34,"column":0},"end":{"line":34,"column":44}},"34":{"start":{"line":35,"column":0},"end":{"line":35,"column":83}},"35":{"start":{"line":36,"column":0},"end":{"line":36,"column":3}},"37":{"start":{"line":38,"column":0},"end":{"line":38,"column":24}},"38":{"start":{"line":39,"column":0},"end":{"line":39,"column":1}},"45":{"start":{"line":46,"column":0},"end":{"line":46,"column":81}},"46":{"start":{"line":47,"column":0},"end":{"line":47,"column":70}},"48":{"start":{"line":49,"column":0},"end":{"line":49,"column":24}},"49":{"start":{"line":50,"column":0},"end":{"line":50,"column":56}},"50":{"start":{"line":51,"column":0},"end":{"line":51,"column":3}},"52":{"start":{"line":53,"column":0},"end":{"line":53,"column":33}},"53":{"start":{"line":54,"column":0},"end":{"line":54,"column":13}},"54":{"start":{"line":55,"column":0},"end":{"line":55,"column":47}},"55":{"start":{"line":56,"column":0},"end":{"line":56,"column":6}},"56":{"start":{"line":57,"column":0},"end":{"line":57,"column":1}}},"s":{"12":1,"13":135,"14":135,"16":135,"17":7,"18":7,"20":135,"21":8,"22":8,"23":135,"32":1,"33":27,"34":12,"35":12,"37":15,"38":15,"45":1,"46":192,"48":192,"49":4,"50":4,"52":188,"53":1061,"54":1061,"55":188,"56":188},"branchMap":{"0":{"type":"branch","line":13,"loc":{"start":{"line":13,"column":7},"end":{"line":24,"column":1}},"locations":[{"start":{"line":13,"column":7},"end":{"line":24,"column":1}}]},"1":{"type":"branch","line":17,"loc":{"start":{"line":17,"column":39},"end":{"line":19,"column":3}},"locations":[{"start":{"line":17,"column":39},"end":{"line":19,"column":3}}]},"2":{"type":"branch","line":19,"loc":{"start":{"line":19,"column":2},"end":{"line":21,"column":27}},"locations":[{"start":{"line":19,"column":2},"end":{"line":21,"column":27}}]},"3":{"type":"branch","line":21,"loc":{"start":{"line":21,"column":22},"end":{"line":21,"column":46}},"locations":[{"start":{"line":21,"column":22},"end":{"line":21,"column":46}}]},"4":{"type":"branch","line":21,"loc":{"start":{"line":21,"column":46},"end":{"line":23,"column":3}},"locations":[{"start":{"line":21,"column":46},"end":{"line":23,"column":3}}]},"5":{"type":"branch","line":14,"loc":{"start":{"line":14,"column":28},"end":{"line":14,"column":61}},"locations":[{"start":{"line":14,"column":28},"end":{"line":14,"column":61}}]},"6":{"type":"branch","line":33,"loc":{"start":{"line":33,"column":7},"end":{"line":39,"column":1}},"locations":[{"start":{"line":33,"column":7},"end":{"line":39,"column":1}}]},"7":{"type":"branch","line":34,"loc":{"start":{"line":34,"column":14},"end":{"line":34,"column":43}},"locations":[{"start":{"line":34,"column":14},"end":{"line":34,"column":43}}]},"8":{"type":"branch","line":34,"loc":{"start":{"line":34,"column":43},"end":{"line":39,"column":1}},"locations":[{"start":{"line":34,"column":43},"end":{"line":39,"column":1}}]},"9":{"type":"branch","line":34,"loc":{"start":{"line":34,"column":43},"end":{"line":36,"column":3}},"locations":[{"start":{"line":34,"column":43},"end":{"line":36,"column":3}}]},"10":{"type":"branch","line":36,"loc":{"start":{"line":36,"column":2},"end":{"line":39,"column":1}},"locations":[{"start":{"line":36,"column":2},"end":{"line":39,"column":1}}]},"11":{"type":"branch","line":46,"loc":{"start":{"line":46,"column":7},"end":{"line":57,"column":1}},"locations":[{"start":{"line":46,"column":7},"end":{"line":57,"column":1}}]},"12":{"type":"branch","line":49,"loc":{"start":{"line":49,"column":23},"end":{"line":51,"column":3}},"locations":[{"start":{"line":49,"column":23},"end":{"line":51,"column":3}}]},"13":{"type":"branch","line":51,"loc":{"start":{"line":51,"column":2},"end":{"line":57,"column":1}},"locations":[{"start":{"line":51,"column":2},"end":{"line":57,"column":1}}]},"14":{"type":"branch","line":47,"loc":{"start":{"line":47,"column":34},"end":{"line":47,"column":67}},"locations":[{"start":{"line":47,"column":34},"end":{"line":47,"column":67}}]},"15":{"type":"branch","line":53,"loc":{"start":{"line":53,"column":20},"end":{"line":56,"column":4}},"locations":[{"start":{"line":53,"column":20},"end":{"line":56,"column":4}}]}},"b":{"0":[135],"1":[7],"2":[128],"3":[124],"4":[8],"5":[763],"6":[27],"7":[24],"8":[21],"9":[12],"10":[15],"11":[192],"12":[4],"13":[188],"14":[1069],"15":[1061]},"fnMap":{"0":{"name":"validatePrizeSet","decl":{"start":{"line":13,"column":7},"end":{"line":24,"column":1}},"loc":{"start":{"line":13,"column":7},"end":{"line":24,"column":1}},"line":13},"1":{"name":"getPrizeByIndex","decl":{"start":{"line":33,"column":7},"end":{"line":39,"column":1}},"loc":{"start":{"line":33,"column":7},"end":{"line":39,"column":1}},"line":33},"2":{"name":"normalizeProbabilities","decl":{"start":{"line":46,"column":7},"end":{"line":57,"column":1}},"loc":{"start":{"line":46,"column":7},"end":{"line":57,"column":1}},"line":46}},"f":{"0":135,"1":27,"2":192}}
,"/Users/Spare/Documents/code/plinko/src/utils/slotDimensions.ts": {"path":"/Users/Spare/Documents/code/plinko/src/utils/slotDimensions.ts","all":false,"statementMap":{"9":{"start":{"line":10,"column":0},"end":{"line":10,"column":66}},"10":{"start":{"line":11,"column":0},"end":{"line":11,"column":68}},"11":{"start":{"line":12,"column":0},"end":{"line":12,"column":64}},"12":{"start":{"line":13,"column":0},"end":{"line":13,"column":37}},"13":{"start":{"line":14,"column":0},"end":{"line":14,"column":1}},"19":{"start":{"line":20,"column":0},"end":{"line":20,"column":86}},"20":{"start":{"line":21,"column":0},"end":{"line":21,"column":56}},"21":{"start":{"line":22,"column":0},"end":{"line":22,"column":36}},"22":{"start":{"line":23,"column":0},"end":{"line":23,"column":1}}},"s":{"9":1,"10":27637,"11":27637,"12":27556,"13":27556,"19":1,"20":18665,"21":18665,"22":18665},"branchMap":{"0":{"type":"branch","line":10,"loc":{"start":{"line":10,"column":7},"end":{"line":14,"column":1}},"locations":[{"start":{"line":10,"column":7},"end":{"line":14,"column":1}}]},"1":{"type":"branch","line":11,"loc":{"start":{"line":11,"column":22},"end":{"line":11,"column":68}},"locations":[{"start":{"line":11,"column":22},"end":{"line":11,"column":68}}]},"2":{"type":"branch","line":11,"loc":{"start":{"line":11,"column":29},"end":{"line":12,"column":29}},"locations":[{"start":{"line":11,"column":29},"end":{"line":12,"column":29}}]},"3":{"type":"branch","line":12,"loc":{"start":{"line":12,"column":22},"end":{"line":14,"column":1}},"locations":[{"start":{"line":12,"column":22},"end":{"line":14,"column":1}}]},"4":{"type":"branch","line":12,"loc":{"start":{"line":12,"column":22},"end":{"line":12,"column":64}},"locations":[{"start":{"line":12,"column":22},"end":{"line":12,"column":64}}]},"5":{"type":"branch","line":12,"loc":{"start":{"line":12,"column":29},"end":{"line":14,"column":1}},"locations":[{"start":{"line":12,"column":29},"end":{"line":14,"column":1}}]},"6":{"type":"branch","line":20,"loc":{"start":{"line":20,"column":7},"end":{"line":23,"column":1}},"locations":[{"start":{"line":20,"column":7},"end":{"line":23,"column":1}}]}},"b":{"0":[27637],"1":[18],"2":[27619],"3":[27591],"4":[63],"5":[27556],"6":[18665]},"fnMap":{"0":{"name":"calculateBucketHeight","decl":{"start":{"line":10,"column":7},"end":{"line":14,"column":1}},"loc":{"start":{"line":10,"column":7},"end":{"line":14,"column":1}},"line":10},"1":{"name":"calculateBucketZoneY","decl":{"start":{"line":20,"column":7},"end":{"line":23,"column":1}},"loc":{"start":{"line":20,"column":7},"end":{"line":23,"column":1}},"line":20}},"f":{"0":27637,"1":18665}}
,"/Users/Spare/Documents/code/plinko/src/workers/trajectory.worker.ts": {"path":"/Users/Spare/Documents/code/plinko/src/workers/trajectory.worker.ts","all":true,"statementMap":{"7":{"start":{"line":8,"column":0},"end":{"line":8,"column":56}},"33":{"start":{"line":34,"column":0},"end":{"line":34,"column":68}},"34":{"start":{"line":35,"column":0},"end":{"line":35,"column":33}},"37":{"start":{"line":38,"column":0},"end":{"line":38,"column":38}},"38":{"start":{"line":39,"column":0},"end":{"line":39,"column":66}},"41":{"start":{"line":42,"column":0},"end":{"line":42,"column":40}},"42":{"start":{"line":43,"column":0},"end":{"line":43,"column":50}},"43":{"start":{"line":44,"column":0},"end":{"line":44,"column":24}},"44":{"start":{"line":45,"column":0},"end":{"line":45,"column":68}},"45":{"start":{"line":46,"column":0},"end":{"line":46,"column":20}},"46":{"start":{"line":47,"column":0},"end":{"line":47,"column":50}},"47":{"start":{"line":48,"column":0},"end":{"line":48,"column":10}},"48":{"start":{"line":49,"column":0},"end":{"line":49,"column":8}},"49":{"start":{"line":50,"column":0},"end":{"line":50,"column":33}},"50":{"start":{"line":51,"column":0},"end":{"line":51,"column":16}},"52":{"start":{"line":53,"column":0},"end":{"line":53,"column":9}},"54":{"start":{"line":55,"column":0},"end":{"line":55,"column":61}},"55":{"start":{"line":56,"column":0},"end":{"line":56,"column":39}},"56":{"start":{"line":57,"column":0},"end":{"line":57,"column":41}},"57":{"start":{"line":58,"column":0},"end":{"line":58,"column":33}},"58":{"start":{"line":59,"column":0},"end":{"line":59,"column":37}},"59":{"start":{"line":60,"column":0},"end":{"line":60,"column":27}},"60":{"start":{"line":61,"column":0},"end":{"line":61,"column":9}},"63":{"start":{"line":64,"column":0},"end":{"line":64,"column":30}},"65":{"start":{"line":66,"column":0},"end":{"line":66,"column":53}},"68":{"start":{"line":69,"column":0},"end":{"line":69,"column":50}},"69":{"start":{"line":70,"column":0},"end":{"line":70,"column":24}},"70":{"start":{"line":71,"column":0},"end":{"line":71,"column":19}},"71":{"start":{"line":72,"column":0},"end":{"line":72,"column":19}},"72":{"start":{"line":73,"column":0},"end":{"line":73,"column":20}},"73":{"start":{"line":74,"column":0},"end":{"line":74,"column":19}},"74":{"start":{"line":75,"column":0},"end":{"line":75,"column":10}},"75":{"start":{"line":76,"column":0},"end":{"line":76,"column":8}},"77":{"start":{"line":78,"column":0},"end":{"line":78,"column":33}},"78":{"start":{"line":79,"column":0},"end":{"line":79,"column":21}},"79":{"start":{"line":80,"column":0},"end":{"line":80,"column":30}},"81":{"start":{"line":82,"column":0},"end":{"line":82,"column":50}},"82":{"start":{"line":83,"column":0},"end":{"line":83,"column":22}},"83":{"start":{"line":84,"column":0},"end":{"line":84,"column":70}},"84":{"start":{"line":85,"column":0},"end":{"line":85,"column":20}},"85":{"start":{"line":86,"column":0},"end":{"line":86,"column":50}},"86":{"start":{"line":87,"column":0},"end":{"line":87,"column":10}},"87":{"start":{"line":88,"column":0},"end":{"line":88,"column":8}},"89":{"start":{"line":90,"column":0},"end":{"line":90,"column":33}},"90":{"start":{"line":91,"column":0},"end":{"line":91,"column":5}},"91":{"start":{"line":92,"column":0},"end":{"line":92,"column":2}}},"s":{"7":0,"33":0,"34":0,"37":0,"38":0,"41":0,"42":0,"43":0,"44":0,"45":0,"46":0,"47":0,"48":0,"49":0,"50":0,"52":0,"54":0,"55":0,"56":0,"57":0,"58":0,"59":0,"60":0,"63":0,"65":0,"68":0,"69":0,"70":0,"71":0,"72":0,"73":0,"74":0,"75":0,"77":0,"78":0,"79":0,"81":0,"82":0,"83":0,"84":0,"85":0,"86":0,"87":0,"89":0,"90":0,"91":0},"branchMap":{"0":{"type":"branch","line":1,"loc":{"start":{"line":1,"column":2482},"end":{"line":95,"column":10}},"locations":[{"start":{"line":1,"column":2482},"end":{"line":95,"column":10}}]}},"b":{"0":[1]},"fnMap":{"0":{"name":"(empty-report)","decl":{"start":{"line":1,"column":2482},"end":{"line":95,"column":10}},"loc":{"start":{"line":1,"column":2482},"end":{"line":95,"column":10}},"line":1}},"f":{"0":1}}
}
