{"/Users/michaelhaufschild/Documents/code/plinko/src/App.tsx": {"path":"/Users/michaelhaufschild/Documents/code/plinko/src/App.tsx","all":false,"statementMap":{"5":{"start":{"line":6,"column":0},"end":{"line":6,"column":44}},"6":{"start":{"line":7,"column":0},"end":{"line":7,"column":48}},"7":{"start":{"line":8,"column":0},"end":{"line":8,"column":61}},"8":{"start":{"line":9,"column":0},"end":{"line":9,"column":67}},"9":{"start":{"line":10,"column":0},"end":{"line":10,"column":55}},"10":{"start":{"line":11,"column":0},"end":{"line":11,"column":51}},"11":{"start":{"line":12,"column":0},"end":{"line":12,"column":55}},"12":{"start":{"line":13,"column":0},"end":{"line":13,"column":57}},"13":{"start":{"line":14,"column":0},"end":{"line":14,"column":65}},"14":{"start":{"line":15,"column":0},"end":{"line":15,"column":59}},"15":{"start":{"line":16,"column":0},"end":{"line":16,"column":54}},"16":{"start":{"line":17,"column":0},"end":{"line":17,"column":58}},"18":{"start":{"line":19,"column":0},"end":{"line":19,"column":23}},"19":{"start":{"line":20,"column":0},"end":{"line":20,"column":31}},"20":{"start":{"line":21,"column":0},"end":{"line":21,"column":50}},"21":{"start":{"line":22,"column":0},"end":{"line":22,"column":58}},"22":{"start":{"line":23,"column":0},"end":{"line":23,"column":64}},"25":{"start":{"line":26,"column":0},"end":{"line":26,"column":9}},"26":{"start":{"line":27,"column":0},"end":{"line":27,"column":10}},"27":{"start":{"line":28,"column":0},"end":{"line":28,"column":11}},"28":{"start":{"line":29,"column":0},"end":{"line":29,"column":18}},"29":{"start":{"line":30,"column":0},"end":{"line":30,"column":18}},"30":{"start":{"line":31,"column":0},"end":{"line":31,"column":17}},"31":{"start":{"line":32,"column":0},"end":{"line":32,"column":27}},"32":{"start":{"line":33,"column":0},"end":{"line":33,"column":14}},"33":{"start":{"line":34,"column":0},"end":{"line":34,"column":22}},"34":{"start":{"line":35,"column":0},"end":{"line":35,"column":15}},"35":{"start":{"line":36,"column":0},"end":{"line":36,"column":14}},"36":{"start":{"line":37,"column":0},"end":{"line":37,"column":12}},"37":{"start":{"line":38,"column":0},"end":{"line":38,"column":21}},"38":{"start":{"line":39,"column":0},"end":{"line":39,"column":33}},"39":{"start":{"line":40,"column":0},"end":{"line":40,"column":21}},"40":{"start":{"line":41,"column":0},"end":{"line":41,"column":15}},"41":{"start":{"line":42,"column":0},"end":{"line":42,"column":5}},"44":{"start":{"line":45,"column":0},"end":{"line":45,"column":19}},"45":{"start":{"line":46,"column":0},"end":{"line":46,"column":31}},"46":{"start":{"line":47,"column":0},"end":{"line":47,"column":58}},"47":{"start":{"line":48,"column":0},"end":{"line":48,"column":106}},"48":{"start":{"line":49,"column":0},"end":{"line":49,"column":85}},"49":{"start":{"line":50,"column":0},"end":{"line":50,"column":71}},"50":{"start":{"line":51,"column":0},"end":{"line":51,"column":6}},"51":{"start":{"line":52,"column":0},"end":{"line":52,"column":31}},"52":{"start":{"line":53,"column":0},"end":{"line":53,"column":9}},"54":{"start":{"line":55,"column":0},"end":{"line":55,"column":19}},"55":{"start":{"line":56,"column":0},"end":{"line":56,"column":19}},"56":{"start":{"line":57,"column":0},"end":{"line":57,"column":39}},"57":{"start":{"line":58,"column":0},"end":{"line":58,"column":55}},"58":{"start":{"line":59,"column":0},"end":{"line":59,"column":32}},"59":{"start":{"line":60,"column":0},"end":{"line":60,"column":35}},"60":{"start":{"line":61,"column":0},"end":{"line":61,"column":8}},"61":{"start":{"line":62,"column":0},"end":{"line":62,"column":26}},"62":{"start":{"line":63,"column":0},"end":{"line":63,"column":59}},"63":{"start":{"line":64,"column":0},"end":{"line":64,"column":75}},"64":{"start":{"line":65,"column":0},"end":{"line":65,"column":5}},"65":{"start":{"line":66,"column":0},"end":{"line":66,"column":17}},"67":{"start":{"line":68,"column":0},"end":{"line":68,"column":19}},"68":{"start":{"line":69,"column":0},"end":{"line":69,"column":31}},"69":{"start":{"line":70,"column":0},"end":{"line":70,"column":41}},"70":{"start":{"line":71,"column":0},"end":{"line":71,"column":5}},"71":{"start":{"line":72,"column":0},"end":{"line":72,"column":29}},"73":{"start":{"line":74,"column":0},"end":{"line":74,"column":95}},"75":{"start":{"line":76,"column":0},"end":{"line":76,"column":54}},"76":{"start":{"line":77,"column":0},"end":{"line":77,"column":107}},"77":{"start":{"line":78,"column":0},"end":{"line":78,"column":20}},"78":{"start":{"line":79,"column":0},"end":{"line":79,"column":33}},"79":{"start":{"line":80,"column":0},"end":{"line":80,"column":77}},"80":{"start":{"line":81,"column":0},"end":{"line":81,"column":38}},"81":{"start":{"line":82,"column":0},"end":{"line":82,"column":20}},"82":{"start":{"line":83,"column":0},"end":{"line":83,"column":14}},"83":{"start":{"line":84,"column":0},"end":{"line":84,"column":38}},"84":{"start":{"line":85,"column":0},"end":{"line":85,"column":7}},"85":{"start":{"line":86,"column":0},"end":{"line":86,"column":5}},"86":{"start":{"line":87,"column":0},"end":{"line":87,"column":4}},"88":{"start":{"line":89,"column":0},"end":{"line":89,"column":10}},"89":{"start":{"line":90,"column":0},"end":{"line":90,"column":8}},"90":{"start":{"line":91,"column":0},"end":{"line":91,"column":72}},"91":{"start":{"line":92,"column":0},"end":{"line":92,"column":14}},"92":{"start":{"line":93,"column":0},"end":{"line":93,"column":51}},"93":{"start":{"line":94,"column":0},"end":{"line":94,"column":40}},"94":{"start":{"line":95,"column":0},"end":{"line":95,"column":8}},"97":{"start":{"line":98,"column":0},"end":{"line":98,"column":21}},"98":{"start":{"line":99,"column":0},"end":{"line":99,"column":10}},"99":{"start":{"line":100,"column":0},"end":{"line":100,"column":27}},"100":{"start":{"line":101,"column":0},"end":{"line":101,"column":27}},"101":{"start":{"line":102,"column":0},"end":{"line":102,"column":41}},"102":{"start":{"line":103,"column":0},"end":{"line":103,"column":48}},"103":{"start":{"line":104,"column":0},"end":{"line":104,"column":39}},"104":{"start":{"line":105,"column":0},"end":{"line":105,"column":12}},"105":{"start":{"line":106,"column":0},"end":{"line":106,"column":11}},"109":{"start":{"line":110,"column":0},"end":{"line":110,"column":10}},"110":{"start":{"line":111,"column":0},"end":{"line":111,"column":16}},"111":{"start":{"line":112,"column":0},"end":{"line":112,"column":61}},"112":{"start":{"line":113,"column":0},"end":{"line":113,"column":51}},"113":{"start":{"line":114,"column":0},"end":{"line":114,"column":49}},"114":{"start":{"line":115,"column":0},"end":{"line":115,"column":26}},"115":{"start":{"line":116,"column":0},"end":{"line":116,"column":34}},"116":{"start":{"line":117,"column":0},"end":{"line":117,"column":58}},"117":{"start":{"line":118,"column":0},"end":{"line":118,"column":74}},"118":{"start":{"line":119,"column":0},"end":{"line":119,"column":10}},"120":{"start":{"line":121,"column":0},"end":{"line":121,"column":51}},"122":{"start":{"line":123,"column":0},"end":{"line":123,"column":39}},"123":{"start":{"line":124,"column":0},"end":{"line":124,"column":35}},"124":{"start":{"line":125,"column":0},"end":{"line":125,"column":26}},"125":{"start":{"line":126,"column":0},"end":{"line":126,"column":34}},"126":{"start":{"line":127,"column":0},"end":{"line":127,"column":31}},"127":{"start":{"line":128,"column":0},"end":{"line":128,"column":35}},"128":{"start":{"line":129,"column":0},"end":{"line":129,"column":32}},"129":{"start":{"line":130,"column":0},"end":{"line":130,"column":16}},"131":{"start":{"line":132,"column":0},"end":{"line":132,"column":28}},"134":{"start":{"line":135,"column":0},"end":{"line":135,"column":39}},"135":{"start":{"line":136,"column":0},"end":{"line":136,"column":82}},"136":{"start":{"line":137,"column":0},"end":{"line":137,"column":26}},"137":{"start":{"line":138,"column":0},"end":{"line":138,"column":27}},"138":{"start":{"line":139,"column":0},"end":{"line":139,"column":31}},"139":{"start":{"line":140,"column":0},"end":{"line":140,"column":45}},"140":{"start":{"line":141,"column":0},"end":{"line":141,"column":63}},"141":{"start":{"line":142,"column":0},"end":{"line":142,"column":45}},"142":{"start":{"line":143,"column":0},"end":{"line":143,"column":33}},"143":{"start":{"line":144,"column":0},"end":{"line":144,"column":28}},"144":{"start":{"line":145,"column":0},"end":{"line":145,"column":43}},"145":{"start":{"line":146,"column":0},"end":{"line":146,"column":33}},"146":{"start":{"line":147,"column":0},"end":{"line":147,"column":16}},"148":{"start":{"line":149,"column":0},"end":{"line":149,"column":28}},"151":{"start":{"line":152,"column":0},"end":{"line":152,"column":39}},"152":{"start":{"line":153,"column":0},"end":{"line":153,"column":39}},"153":{"start":{"line":154,"column":0},"end":{"line":154,"column":24}},"154":{"start":{"line":155,"column":0},"end":{"line":155,"column":31}},"155":{"start":{"line":156,"column":0},"end":{"line":156,"column":46}},"156":{"start":{"line":157,"column":0},"end":{"line":157,"column":33}},"157":{"start":{"line":158,"column":0},"end":{"line":158,"column":28}},"158":{"start":{"line":159,"column":0},"end":{"line":159,"column":16}},"160":{"start":{"line":161,"column":0},"end":{"line":161,"column":28}},"163":{"start":{"line":164,"column":0},"end":{"line":164,"column":39}},"164":{"start":{"line":165,"column":0},"end":{"line":165,"column":55}},"165":{"start":{"line":166,"column":0},"end":{"line":166,"column":26}},"166":{"start":{"line":167,"column":0},"end":{"line":167,"column":34}},"167":{"start":{"line":168,"column":0},"end":{"line":168,"column":37}},"168":{"start":{"line":169,"column":0},"end":{"line":169,"column":36}},"169":{"start":{"line":170,"column":0},"end":{"line":170,"column":35}},"170":{"start":{"line":171,"column":0},"end":{"line":171,"column":16}},"172":{"start":{"line":173,"column":0},"end":{"line":173,"column":28}},"175":{"start":{"line":176,"column":0},"end":{"line":176,"column":39}},"176":{"start":{"line":177,"column":0},"end":{"line":177,"column":54}},"177":{"start":{"line":178,"column":0},"end":{"line":178,"column":27}},"178":{"start":{"line":179,"column":0},"end":{"line":179,"column":35}},"179":{"start":{"line":180,"column":0},"end":{"line":180,"column":37}},"180":{"start":{"line":181,"column":0},"end":{"line":181,"column":35}},"181":{"start":{"line":182,"column":0},"end":{"line":182,"column":16}},"183":{"start":{"line":184,"column":0},"end":{"line":184,"column":28}},"184":{"start":{"line":185,"column":0},"end":{"line":185,"column":25}},"185":{"start":{"line":186,"column":0},"end":{"line":186,"column":12}},"188":{"start":{"line":189,"column":0},"end":{"line":189,"column":21}},"189":{"start":{"line":190,"column":0},"end":{"line":190,"column":105}},"192":{"start":{"line":193,"column":0},"end":{"line":193,"column":14}},"194":{"start":{"line":195,"column":0},"end":{"line":195,"column":10}},"196":{"start":{"line":197,"column":0},"end":{"line":197,"column":1}},"198":{"start":{"line":199,"column":0},"end":{"line":199,"column":23}},"199":{"start":{"line":200,"column":0},"end":{"line":200,"column":10}},"200":{"start":{"line":201,"column":0},"end":{"line":201,"column":35}},"201":{"start":{"line":202,"column":0},"end":{"line":202,"column":20}},"202":{"start":{"line":203,"column":0},"end":{"line":203,"column":20}},"204":{"start":{"line":205,"column":0},"end":{"line":205,"column":1}}},"s":{"5":1,"6":1,"7":1,"8":1,"9":1,"10":1,"11":1,"12":1,"13":1,"14":1,"15":1,"16":1,"18":9,"19":9,"20":9,"21":9,"22":9,"25":9,"26":9,"27":9,"28":9,"29":9,"30":9,"31":9,"32":9,"33":9,"34":9,"35":9,"36":9,"37":9,"38":9,"39":9,"40":9,"41":9,"44":9,"45":4,"46":4,"47":4,"48":4,"49":4,"50":4,"51":4,"52":9,"54":9,"55":4,"56":0,"57":0,"58":0,"59":0,"60":0,"61":0,"62":0,"63":0,"64":0,"65":9,"67":9,"68":9,"69":0,"70":0,"71":9,"73":9,"75":9,"76":0,"77":0,"78":0,"79":0,"80":0,"81":0,"82":0,"83":0,"84":0,"85":0,"86":0,"88":9,"89":9,"90":9,"91":9,"92":9,"93":9,"94":9,"97":9,"98":9,"99":9,"100":9,"101":9,"102":9,"103":9,"104":9,"105":9,"109":9,"110":9,"111":9,"112":9,"113":9,"114":9,"115":9,"116":9,"117":9,"118":9,"120":9,"122":9,"123":9,"124":4,"125":4,"126":4,"127":4,"128":4,"129":4,"131":9,"134":9,"135":9,"136":5,"137":5,"138":5,"139":5,"140":5,"141":5,"142":5,"143":5,"144":5,"145":5,"146":5,"148":9,"151":9,"152":9,"153":1,"154":1,"155":1,"156":1,"157":1,"158":1,"160":9,"163":9,"164":9,"165":0,"166":0,"167":0,"168":0,"169":0,"170":0,"172":9,"175":9,"176":9,"177":0,"178":0,"179":0,"180":0,"181":0,"183":9,"184":9,"185":9,"188":9,"189":9,"192":9,"194":9,"196":9,"198":1,"199":4,"200":4,"201":4,"202":4,"204":4},"branchMap":{"0":{"type":"branch","line":19,"loc":{"start":{"line":19,"column":0},"end":{"line":197,"column":1}},"locations":[{"start":{"line":19,"column":0},"end":{"line":197,"column":1}}]},"1":{"type":"branch","line":74,"loc":{"start":{"line":74,"column":37},"end":{"line":74,"column":76}},"locations":[{"start":{"line":74,"column":37},"end":{"line":74,"column":76}}]},"2":{"type":"branch","line":74,"loc":{"start":{"line":74,"column":62},"end":{"line":74,"column":95}},"locations":[{"start":{"line":74,"column":62},"end":{"line":74,"column":95}}]},"3":{"type":"branch","line":94,"loc":{"start":{"line":94,"column":17},"end":{"line":94,"column":34}},"locations":[{"start":{"line":94,"column":17},"end":{"line":94,"column":34}}]},"4":{"type":"branch","line":112,"loc":{"start":{"line":112,"column":17},"end":{"line":112,"column":37}},"locations":[{"start":{"line":112,"column":17},"end":{"line":112,"column":37}}]},"5":{"type":"branch","line":113,"loc":{"start":{"line":113,"column":20},"end":{"line":113,"column":41}},"locations":[{"start":{"line":113,"column":20},"end":{"line":113,"column":41}}]},"6":{"type":"branch","line":114,"loc":{"start":{"line":114,"column":18},"end":{"line":114,"column":39}},"locations":[{"start":{"line":114,"column":18},"end":{"line":114,"column":39}}]},"7":{"type":"branch","line":117,"loc":{"start":{"line":117,"column":26},"end":{"line":117,"column":48}},"locations":[{"start":{"line":117,"column":26},"end":{"line":117,"column":48}}]},"8":{"type":"branch","line":118,"loc":{"start":{"line":118,"column":22},"end":{"line":118,"column":50}},"locations":[{"start":{"line":118,"column":22},"end":{"line":118,"column":50}}]},"9":{"type":"branch","line":118,"loc":{"start":{"line":118,"column":41},"end":{"line":118,"column":74}},"locations":[{"start":{"line":118,"column":41},"end":{"line":118,"column":74}}]},"10":{"type":"branch","line":124,"loc":{"start":{"line":124,"column":23},"end":{"line":130,"column":16}},"locations":[{"start":{"line":124,"column":23},"end":{"line":130,"column":16}}]},"11":{"type":"branch","line":136,"loc":{"start":{"line":136,"column":23},"end":{"line":136,"column":58}},"locations":[{"start":{"line":136,"column":23},"end":{"line":136,"column":58}}]},"12":{"type":"branch","line":136,"loc":{"start":{"line":136,"column":44},"end":{"line":136,"column":82}},"locations":[{"start":{"line":136,"column":44},"end":{"line":136,"column":82}}]},"13":{"type":"branch","line":136,"loc":{"start":{"line":136,"column":68},"end":{"line":147,"column":16}},"locations":[{"start":{"line":136,"column":68},"end":{"line":147,"column":16}}]},"14":{"type":"branch","line":153,"loc":{"start":{"line":153,"column":23},"end":{"line":159,"column":16}},"locations":[{"start":{"line":153,"column":23},"end":{"line":159,"column":16}}]},"15":{"type":"branch","line":165,"loc":{"start":{"line":165,"column":23},"end":{"line":165,"column":55}},"locations":[{"start":{"line":165,"column":23},"end":{"line":165,"column":55}}]},"16":{"type":"branch","line":165,"loc":{"start":{"line":165,"column":37},"end":{"line":171,"column":16}},"locations":[{"start":{"line":165,"column":37},"end":{"line":171,"column":16}}]},"17":{"type":"branch","line":177,"loc":{"start":{"line":177,"column":23},"end":{"line":177,"column":54}},"locations":[{"start":{"line":177,"column":23},"end":{"line":177,"column":54}}]},"18":{"type":"branch","line":177,"loc":{"start":{"line":177,"column":36},"end":{"line":182,"column":16}},"locations":[{"start":{"line":177,"column":36},"end":{"line":182,"column":16}}]},"19":{"type":"branch","line":45,"loc":{"start":{"line":45,"column":12},"end":{"line":53,"column":5}},"locations":[{"start":{"line":45,"column":12},"end":{"line":53,"column":5}}]},"20":{"type":"branch","line":46,"loc":{"start":{"line":46,"column":24},"end":{"line":51,"column":6}},"locations":[{"start":{"line":46,"column":24},"end":{"line":51,"column":6}}]},"21":{"type":"branch","line":49,"loc":{"start":{"line":49,"column":46},"end":{"line":49,"column":85}},"locations":[{"start":{"line":49,"column":46},"end":{"line":49,"column":85}}]},"22":{"type":"branch","line":55,"loc":{"start":{"line":55,"column":12},"end":{"line":66,"column":5}},"locations":[{"start":{"line":55,"column":12},"end":{"line":66,"column":5}}]},"23":{"type":"branch","line":56,"loc":{"start":{"line":56,"column":18},"end":{"line":65,"column":5}},"locations":[{"start":{"line":56,"column":18},"end":{"line":65,"column":5}}]},"24":{"type":"branch","line":68,"loc":{"start":{"line":68,"column":12},"end":{"line":72,"column":5}},"locations":[{"start":{"line":68,"column":12},"end":{"line":72,"column":5}}]},"25":{"type":"branch","line":69,"loc":{"start":{"line":69,"column":30},"end":{"line":71,"column":5}},"locations":[{"start":{"line":69,"column":30},"end":{"line":71,"column":5}}]},"26":{"type":"branch","line":199,"loc":{"start":{"line":199,"column":7},"end":{"line":205,"column":1}},"locations":[{"start":{"line":199,"column":7},"end":{"line":205,"column":1}}]}},"b":{"0":[9],"1":[8],"2":[8],"3":[0],"4":[0],"5":[0],"6":[0],"7":[0],"8":[1],"9":[8],"10":[4],"11":[5],"12":[5],"13":[5],"14":[1],"15":[0],"16":[0],"17":[0],"18":[0],"19":[4],"20":[4],"21":[0],"22":[4],"23":[0],"24":[9],"25":[0],"26":[4]},"fnMap":{"0":{"name":"AppContent","decl":{"start":{"line":19,"column":0},"end":{"line":197,"column":1}},"loc":{"start":{"line":19,"column":0},"end":{"line":197,"column":1}},"line":19},"1":{"name":"checkMobile","decl":{"start":{"line":46,"column":24},"end":{"line":51,"column":6}},"loc":{"start":{"line":46,"column":24},"end":{"line":51,"column":6}},"line":46},"2":{"name":"updateMobileWidth","decl":{"start":{"line":57,"column":32},"end":{"line":61,"column":8}},"loc":{"start":{"line":57,"column":32},"end":{"line":61,"column":8}},"line":57},"3":{"name":"handleViewportChange","decl":{"start":{"line":76,"column":31},"end":{"line":87,"column":4}},"loc":{"start":{"line":76,"column":31},"end":{"line":87,"column":4}},"line":76},"4":{"name":"App","decl":{"start":{"line":199,"column":7},"end":{"line":205,"column":1}},"loc":{"start":{"line":199,"column":7},"end":{"line":205,"column":1}},"line":199}},"f":{"0":9,"1":4,"2":0,"3":0,"4":4}}
,"/Users/michaelhaufschild/Documents/code/plinko/src/components/Ball.tsx": {"path":"/Users/michaelhaufschild/Documents/code/plinko/src/components/Ball.tsx","all":false,"statementMap":{"5":{"start":{"line":6,"column":0},"end":{"line":6,"column":53}},"6":{"start":{"line":7,"column":0},"end":{"line":7,"column":36}},"21":{"start":{"line":22,"column":0},"end":{"line":22,"column":85}},"22":{"start":{"line":23,"column":0},"end":{"line":23,"column":55}},"23":{"start":{"line":24,"column":0},"end":{"line":24,"column":31}},"26":{"start":{"line":27,"column":0},"end":{"line":27,"column":44}},"27":{"start":{"line":28,"column":0},"end":{"line":28,"column":73}},"28":{"start":{"line":29,"column":0},"end":{"line":29,"column":38}},"29":{"start":{"line":30,"column":0},"end":{"line":30,"column":5}},"31":{"start":{"line":32,"column":0},"end":{"line":32,"column":34}},"32":{"start":{"line":33,"column":0},"end":{"line":33,"column":34}},"33":{"start":{"line":34,"column":0},"end":{"line":34,"column":47}},"36":{"start":{"line":37,"column":0},"end":{"line":37,"column":47}},"37":{"start":{"line":38,"column":0},"end":{"line":38,"column":72}},"38":{"start":{"line":39,"column":0},"end":{"line":39,"column":14}},"39":{"start":{"line":40,"column":0},"end":{"line":40,"column":61}},"40":{"start":{"line":41,"column":0},"end":{"line":41,"column":63}},"41":{"start":{"line":42,"column":0},"end":{"line":42,"column":8}},"42":{"start":{"line":43,"column":0},"end":{"line":43,"column":5}},"45":{"start":{"line":46,"column":0},"end":{"line":46,"column":46}},"46":{"start":{"line":47,"column":0},"end":{"line":47,"column":72}},"47":{"start":{"line":48,"column":0},"end":{"line":48,"column":14}},"48":{"start":{"line":49,"column":0},"end":{"line":49,"column":63}},"49":{"start":{"line":50,"column":0},"end":{"line":50,"column":64}},"50":{"start":{"line":51,"column":0},"end":{"line":51,"column":8}},"51":{"start":{"line":52,"column":0},"end":{"line":52,"column":5}},"53":{"start":{"line":54,"column":0},"end":{"line":54,"column":36}},"54":{"start":{"line":55,"column":0},"end":{"line":55,"column":24}},"57":{"start":{"line":58,"column":0},"end":{"line":58,"column":37}},"58":{"start":{"line":59,"column":0},"end":{"line":59,"column":73}},"59":{"start":{"line":60,"column":0},"end":{"line":60,"column":32}},"60":{"start":{"line":61,"column":0},"end":{"line":61,"column":5}},"61":{"start":{"line":62,"column":0},"end":{"line":62,"column":34}},"62":{"start":{"line":63,"column":0},"end":{"line":63,"column":34}},"63":{"start":{"line":64,"column":0},"end":{"line":64,"column":47}},"66":{"start":{"line":67,"column":0},"end":{"line":67,"column":30}},"67":{"start":{"line":68,"column":0},"end":{"line":68,"column":30}},"68":{"start":{"line":69,"column":0},"end":{"line":69,"column":14}},"69":{"start":{"line":70,"column":0},"end":{"line":70,"column":24}},"72":{"start":{"line":73,"column":0},"end":{"line":73,"column":56}},"74":{"start":{"line":75,"column":0},"end":{"line":75,"column":19}},"75":{"start":{"line":76,"column":0},"end":{"line":76,"column":53}},"76":{"start":{"line":77,"column":0},"end":{"line":77,"column":27}},"77":{"start":{"line":78,"column":0},"end":{"line":78,"column":65}},"78":{"start":{"line":79,"column":0},"end":{"line":79,"column":39}},"79":{"start":{"line":80,"column":0},"end":{"line":80,"column":5}},"80":{"start":{"line":81,"column":0},"end":{"line":81,"column":28}},"83":{"start":{"line":84,"column":0},"end":{"line":84,"column":19}},"84":{"start":{"line":85,"column":0},"end":{"line":85,"column":67}},"85":{"start":{"line":86,"column":0},"end":{"line":86,"column":24}},"86":{"start":{"line":87,"column":0},"end":{"line":87,"column":85}},"88":{"start":{"line":89,"column":0},"end":{"line":89,"column":46}},"89":{"start":{"line":90,"column":0},"end":{"line":90,"column":9}},"90":{"start":{"line":91,"column":0},"end":{"line":91,"column":80}},"91":{"start":{"line":92,"column":0},"end":{"line":92,"column":19}},"92":{"start":{"line":93,"column":0},"end":{"line":93,"column":5}},"93":{"start":{"line":94,"column":0},"end":{"line":94,"column":67}},"96":{"start":{"line":97,"column":0},"end":{"line":97,"column":95}},"98":{"start":{"line":99,"column":0},"end":{"line":99,"column":10}},"99":{"start":{"line":100,"column":0},"end":{"line":100,"column":6}},"101":{"start":{"line":102,"column":0},"end":{"line":102,"column":36}},"102":{"start":{"line":103,"column":0},"end":{"line":103,"column":12}},"103":{"start":{"line":104,"column":0},"end":{"line":104,"column":24}},"104":{"start":{"line":105,"column":0},"end":{"line":105,"column":63}},"105":{"start":{"line":106,"column":0},"end":{"line":106,"column":18}},"106":{"start":{"line":107,"column":0},"end":{"line":107,"column":26}},"107":{"start":{"line":108,"column":0},"end":{"line":108,"column":27}},"108":{"start":{"line":109,"column":0},"end":{"line":109,"column":49}},"109":{"start":{"line":110,"column":0},"end":{"line":110,"column":97}},"110":{"start":{"line":111,"column":0},"end":{"line":111,"column":40}},"111":{"start":{"line":112,"column":0},"end":{"line":112,"column":45}},"112":{"start":{"line":113,"column":0},"end":{"line":113,"column":23}},"113":{"start":{"line":114,"column":0},"end":{"line":114,"column":41}},"114":{"start":{"line":115,"column":0},"end":{"line":115,"column":12}},"115":{"start":{"line":116,"column":0},"end":{"line":116,"column":10}},"116":{"start":{"line":117,"column":0},"end":{"line":117,"column":9}},"119":{"start":{"line":120,"column":0},"end":{"line":120,"column":10}},"120":{"start":{"line":121,"column":0},"end":{"line":121,"column":48}},"121":{"start":{"line":122,"column":0},"end":{"line":122,"column":16}},"122":{"start":{"line":123,"column":0},"end":{"line":123,"column":24}},"123":{"start":{"line":124,"column":0},"end":{"line":124,"column":25}},"124":{"start":{"line":125,"column":0},"end":{"line":125,"column":47}},"125":{"start":{"line":126,"column":0},"end":{"line":126,"column":145}},"126":{"start":{"line":127,"column":0},"end":{"line":127,"column":23}},"127":{"start":{"line":128,"column":0},"end":{"line":128,"column":34}},"128":{"start":{"line":129,"column":0},"end":{"line":129,"column":21}},"129":{"start":{"line":130,"column":0},"end":{"line":130,"column":30}},"130":{"start":{"line":131,"column":0},"end":{"line":131,"column":116}},"131":{"start":{"line":132,"column":0},"end":{"line":132,"column":10}},"132":{"start":{"line":133,"column":0},"end":{"line":133,"column":8}},"135":{"start":{"line":136,"column":0},"end":{"line":136,"column":10}},"136":{"start":{"line":137,"column":0},"end":{"line":137,"column":48}},"137":{"start":{"line":138,"column":0},"end":{"line":138,"column":16}},"138":{"start":{"line":139,"column":0},"end":{"line":139,"column":24}},"139":{"start":{"line":140,"column":0},"end":{"line":140,"column":25}},"140":{"start":{"line":141,"column":0},"end":{"line":141,"column":47}},"141":{"start":{"line":142,"column":0},"end":{"line":142,"column":145}},"142":{"start":{"line":143,"column":0},"end":{"line":143,"column":23}},"143":{"start":{"line":144,"column":0},"end":{"line":144,"column":34}},"144":{"start":{"line":145,"column":0},"end":{"line":145,"column":21}},"145":{"start":{"line":146,"column":0},"end":{"line":146,"column":30}},"146":{"start":{"line":147,"column":0},"end":{"line":147,"column":116}},"147":{"start":{"line":148,"column":0},"end":{"line":148,"column":10}},"148":{"start":{"line":149,"column":0},"end":{"line":149,"column":8}},"151":{"start":{"line":152,"column":0},"end":{"line":152,"column":10}},"152":{"start":{"line":153,"column":0},"end":{"line":153,"column":48}},"153":{"start":{"line":154,"column":0},"end":{"line":154,"column":16}},"154":{"start":{"line":155,"column":0},"end":{"line":155,"column":24}},"155":{"start":{"line":156,"column":0},"end":{"line":156,"column":25}},"156":{"start":{"line":157,"column":0},"end":{"line":157,"column":47}},"157":{"start":{"line":158,"column":0},"end":{"line":158,"column":22}},"158":{"start":{"line":159,"column":0},"end":{"line":159,"column":55}},"159":{"start":{"line":160,"column":0},"end":{"line":160,"column":53}},"160":{"start":{"line":161,"column":0},"end":{"line":161,"column":54}},"161":{"start":{"line":162,"column":0},"end":{"line":162,"column":66}},"162":{"start":{"line":163,"column":0},"end":{"line":163,"column":61}},"163":{"start":{"line":164,"column":0},"end":{"line":164,"column":69}},"165":{"start":{"line":166,"column":0},"end":{"line":166,"column":66}},"166":{"start":{"line":167,"column":0},"end":{"line":167,"column":175}},"167":{"start":{"line":168,"column":0},"end":{"line":168,"column":34}},"168":{"start":{"line":169,"column":0},"end":{"line":169,"column":21}},"169":{"start":{"line":170,"column":0},"end":{"line":170,"column":31}},"170":{"start":{"line":171,"column":0},"end":{"line":171,"column":29}},"171":{"start":{"line":172,"column":0},"end":{"line":172,"column":30}},"172":{"start":{"line":173,"column":0},"end":{"line":173,"column":116}},"173":{"start":{"line":174,"column":0},"end":{"line":174,"column":10}},"174":{"start":{"line":175,"column":0},"end":{"line":175,"column":26}},"175":{"start":{"line":176,"column":0},"end":{"line":176,"column":33}},"176":{"start":{"line":177,"column":0},"end":{"line":177,"column":33}},"179":{"start":{"line":180,"column":0},"end":{"line":180,"column":12}},"180":{"start":{"line":181,"column":0},"end":{"line":181,"column":18}},"181":{"start":{"line":182,"column":0},"end":{"line":182,"column":33}},"182":{"start":{"line":183,"column":0},"end":{"line":183,"column":23}},"183":{"start":{"line":184,"column":0},"end":{"line":184,"column":24}},"184":{"start":{"line":185,"column":0},"end":{"line":185,"column":25}},"185":{"start":{"line":186,"column":0},"end":{"line":186,"column":26}},"186":{"start":{"line":187,"column":0},"end":{"line":187,"column":46}},"187":{"start":{"line":188,"column":0},"end":{"line":188,"column":32}},"188":{"start":{"line":189,"column":0},"end":{"line":189,"column":53}},"189":{"start":{"line":190,"column":0},"end":{"line":190,"column":24}},"190":{"start":{"line":191,"column":0},"end":{"line":191,"column":12}},"191":{"start":{"line":192,"column":0},"end":{"line":192,"column":10}},"194":{"start":{"line":195,"column":0},"end":{"line":195,"column":12}},"195":{"start":{"line":196,"column":0},"end":{"line":196,"column":18}},"196":{"start":{"line":197,"column":0},"end":{"line":197,"column":33}},"197":{"start":{"line":198,"column":0},"end":{"line":198,"column":19}},"198":{"start":{"line":199,"column":0},"end":{"line":199,"column":20}},"199":{"start":{"line":200,"column":0},"end":{"line":200,"column":21}},"200":{"start":{"line":201,"column":0},"end":{"line":201,"column":22}},"201":{"start":{"line":202,"column":0},"end":{"line":202,"column":122}},"202":{"start":{"line":203,"column":0},"end":{"line":203,"column":32}},"203":{"start":{"line":204,"column":0},"end":{"line":204,"column":24}},"204":{"start":{"line":205,"column":0},"end":{"line":205,"column":12}},"205":{"start":{"line":206,"column":0},"end":{"line":206,"column":10}},"206":{"start":{"line":207,"column":0},"end":{"line":207,"column":12}},"207":{"start":{"line":208,"column":0},"end":{"line":208,"column":7}},"209":{"start":{"line":210,"column":0},"end":{"line":210,"column":1}}},"s":{"5":1,"6":1,"21":1,"22":44,"23":44,"26":44,"27":22,"28":19,"29":19,"31":3,"32":3,"33":3,"36":22,"37":1,"38":1,"39":1,"40":1,"41":1,"42":1,"45":22,"46":1,"47":1,"48":1,"49":1,"50":1,"51":1,"53":1,"54":44,"57":44,"58":22,"59":19,"60":19,"61":3,"62":3,"63":3,"66":11,"67":11,"68":2,"69":44,"72":44,"74":44,"75":22,"76":0,"77":0,"78":0,"79":0,"80":44,"83":44,"84":22,"85":7,"86":7,"88":7,"89":7,"90":22,"91":15,"92":15,"93":44,"96":44,"98":14,"99":14,"101":14,"102":7,"103":7,"104":7,"105":7,"106":7,"107":7,"108":7,"109":7,"110":7,"111":7,"112":7,"113":7,"114":7,"115":7,"116":14,"119":14,"120":14,"121":14,"122":14,"123":14,"124":14,"125":44,"126":44,"127":44,"128":44,"129":44,"130":44,"131":44,"132":44,"135":44,"136":44,"137":44,"138":44,"139":44,"140":44,"141":44,"142":44,"143":44,"144":44,"145":44,"146":44,"147":44,"148":44,"151":44,"152":44,"153":44,"154":44,"155":44,"156":44,"157":44,"158":44,"159":44,"160":44,"161":44,"162":44,"163":44,"165":44,"166":44,"167":44,"168":44,"169":44,"170":44,"171":44,"172":44,"173":44,"174":44,"175":44,"176":44,"179":44,"180":44,"181":44,"182":44,"183":44,"184":44,"185":44,"186":44,"187":44,"188":44,"189":44,"190":44,"191":44,"194":44,"195":44,"196":44,"197":44,"198":44,"199":44,"200":44,"201":44,"202":44,"203":44,"204":44,"205":44,"206":44,"207":44,"209":44},"branchMap":{"0":{"type":"branch","line":22,"loc":{"start":{"line":22,"column":7},"end":{"line":210,"column":1}},"locations":[{"start":{"line":22,"column":7},"end":{"line":210,"column":1}}]},"1":{"type":"branch","line":94,"loc":{"start":{"line":94,"column":6},"end":{"line":94,"column":19}},"locations":[{"start":{"line":94,"column":6},"end":{"line":94,"column":19}}]},"2":{"type":"branch","line":94,"loc":{"start":{"line":94,"column":19},"end":{"line":94,"column":32}},"locations":[{"start":{"line":94,"column":19},"end":{"line":94,"column":32}}]},"3":{"type":"branch","line":97,"loc":{"start":{"line":97,"column":7},"end":{"line":97,"column":39}},"locations":[{"start":{"line":97,"column":7},"end":{"line":97,"column":39}}]},"4":{"type":"branch","line":97,"loc":{"start":{"line":97,"column":29},"end":{"line":97,"column":60}},"locations":[{"start":{"line":97,"column":29},"end":{"line":97,"column":60}}]},"5":{"type":"branch","line":97,"loc":{"start":{"line":97,"column":49},"end":{"line":97,"column":83}},"locations":[{"start":{"line":97,"column":49},"end":{"line":97,"column":83}}]},"6":{"type":"branch","line":97,"loc":{"start":{"line":97,"column":83},"end":{"line":97,"column":95}},"locations":[{"start":{"line":97,"column":83},"end":{"line":97,"column":95}}]},"7":{"type":"branch","line":97,"loc":{"start":{"line":97,"column":90},"end":{"line":126,"column":140}},"locations":[{"start":{"line":97,"column":90},"end":{"line":126,"column":140}}]},"8":{"type":"branch","line":97,"loc":{"start":{"line":97,"column":90},"end":{"line":126,"column":134}},"locations":[{"start":{"line":97,"column":90},"end":{"line":126,"column":134}}]},"9":{"type":"branch","line":126,"loc":{"start":{"line":126,"column":120},"end":{"line":126,"column":140}},"locations":[{"start":{"line":126,"column":120},"end":{"line":126,"column":140}}]},"10":{"type":"branch","line":126,"loc":{"start":{"line":126,"column":134},"end":{"line":126,"column":141}},"locations":[{"start":{"line":126,"column":134},"end":{"line":126,"column":141}}]},"11":{"type":"branch","line":131,"loc":{"start":{"line":131,"column":22},"end":{"line":131,"column":90}},"locations":[{"start":{"line":131,"column":22},"end":{"line":131,"column":90}}]},"12":{"type":"branch","line":131,"loc":{"start":{"line":131,"column":36},"end":{"line":131,"column":116}},"locations":[{"start":{"line":131,"column":36},"end":{"line":131,"column":116}}]},"13":{"type":"branch","line":142,"loc":{"start":{"line":142,"column":120},"end":{"line":142,"column":140}},"locations":[{"start":{"line":142,"column":120},"end":{"line":142,"column":140}}]},"14":{"type":"branch","line":142,"loc":{"start":{"line":142,"column":134},"end":{"line":142,"column":141}},"locations":[{"start":{"line":142,"column":134},"end":{"line":142,"column":141}}]},"15":{"type":"branch","line":147,"loc":{"start":{"line":147,"column":22},"end":{"line":147,"column":90}},"locations":[{"start":{"line":147,"column":22},"end":{"line":147,"column":90}}]},"16":{"type":"branch","line":147,"loc":{"start":{"line":147,"column":36},"end":{"line":147,"column":116}},"locations":[{"start":{"line":147,"column":36},"end":{"line":147,"column":116}}]},"17":{"type":"branch","line":167,"loc":{"start":{"line":167,"column":150},"end":{"line":167,"column":170}},"locations":[{"start":{"line":167,"column":150},"end":{"line":167,"column":170}}]},"18":{"type":"branch","line":167,"loc":{"start":{"line":167,"column":164},"end":{"line":167,"column":171}},"locations":[{"start":{"line":167,"column":164},"end":{"line":167,"column":171}}]},"19":{"type":"branch","line":173,"loc":{"start":{"line":173,"column":22},"end":{"line":173,"column":90}},"locations":[{"start":{"line":173,"column":22},"end":{"line":173,"column":90}}]},"20":{"type":"branch","line":173,"loc":{"start":{"line":173,"column":36},"end":{"line":173,"column":116}},"locations":[{"start":{"line":173,"column":36},"end":{"line":173,"column":116}}]},"21":{"type":"branch","line":27,"loc":{"start":{"line":27,"column":37},"end":{"line":55,"column":5}},"locations":[{"start":{"line":27,"column":37},"end":{"line":55,"column":5}}]},"22":{"type":"branch","line":28,"loc":{"start":{"line":28,"column":9},"end":{"line":28,"column":51}},"locations":[{"start":{"line":28,"column":9},"end":{"line":28,"column":51}}]},"23":{"type":"branch","line":28,"loc":{"start":{"line":28,"column":45},"end":{"line":28,"column":72}},"locations":[{"start":{"line":28,"column":45},"end":{"line":28,"column":72}}]},"24":{"type":"branch","line":28,"loc":{"start":{"line":28,"column":72},"end":{"line":30,"column":5}},"locations":[{"start":{"line":28,"column":72},"end":{"line":30,"column":5}}]},"25":{"type":"branch","line":30,"loc":{"start":{"line":30,"column":4},"end":{"line":37,"column":46}},"locations":[{"start":{"line":30,"column":4},"end":{"line":37,"column":46}}]},"26":{"type":"branch","line":30,"loc":{"start":{"line":30,"column":4},"end":{"line":37,"column":34}},"locations":[{"start":{"line":30,"column":4},"end":{"line":37,"column":34}}]},"27":{"type":"branch","line":37,"loc":{"start":{"line":37,"column":24},"end":{"line":37,"column":46}},"locations":[{"start":{"line":37,"column":24},"end":{"line":37,"column":46}}]},"28":{"type":"branch","line":37,"loc":{"start":{"line":37,"column":46},"end":{"line":46,"column":45}},"locations":[{"start":{"line":37,"column":46},"end":{"line":46,"column":45}}]},"29":{"type":"branch","line":37,"loc":{"start":{"line":37,"column":46},"end":{"line":43,"column":5}},"locations":[{"start":{"line":37,"column":46},"end":{"line":43,"column":5}}]},"30":{"type":"branch","line":43,"loc":{"start":{"line":43,"column":4},"end":{"line":46,"column":20}},"locations":[{"start":{"line":43,"column":4},"end":{"line":46,"column":20}}]},"31":{"type":"branch","line":46,"loc":{"start":{"line":46,"column":13},"end":{"line":46,"column":45}},"locations":[{"start":{"line":46,"column":13},"end":{"line":46,"column":45}}]},"32":{"type":"branch","line":46,"loc":{"start":{"line":46,"column":45},"end":{"line":54,"column":36}},"locations":[{"start":{"line":46,"column":45},"end":{"line":54,"column":36}}]},"33":{"type":"branch","line":58,"loc":{"start":{"line":58,"column":30},"end":{"line":70,"column":5}},"locations":[{"start":{"line":58,"column":30},"end":{"line":70,"column":5}}]},"34":{"type":"branch","line":59,"loc":{"start":{"line":59,"column":9},"end":{"line":59,"column":51}},"locations":[{"start":{"line":59,"column":9},"end":{"line":59,"column":51}}]},"35":{"type":"branch","line":59,"loc":{"start":{"line":59,"column":45},"end":{"line":59,"column":72}},"locations":[{"start":{"line":59,"column":45},"end":{"line":59,"column":72}}]},"36":{"type":"branch","line":59,"loc":{"start":{"line":59,"column":72},"end":{"line":61,"column":5}},"locations":[{"start":{"line":59,"column":72},"end":{"line":61,"column":5}}]},"37":{"type":"branch","line":61,"loc":{"start":{"line":61,"column":4},"end":{"line":69,"column":14}},"locations":[{"start":{"line":61,"column":4},"end":{"line":69,"column":14}}]},"38":{"type":"branch","line":61,"loc":{"start":{"line":61,"column":4},"end":{"line":67,"column":28}},"locations":[{"start":{"line":61,"column":4},"end":{"line":67,"column":28}}]},"39":{"type":"branch","line":67,"loc":{"start":{"line":67,"column":21},"end":{"line":67,"column":30}},"locations":[{"start":{"line":67,"column":21},"end":{"line":67,"column":30}}]},"40":{"type":"branch","line":67,"loc":{"start":{"line":67,"column":28},"end":{"line":68,"column":28}},"locations":[{"start":{"line":67,"column":28},"end":{"line":68,"column":28}}]},"41":{"type":"branch","line":68,"loc":{"start":{"line":68,"column":21},"end":{"line":68,"column":30}},"locations":[{"start":{"line":68,"column":21},"end":{"line":68,"column":30}}]},"42":{"type":"branch","line":68,"loc":{"start":{"line":68,"column":28},"end":{"line":69,"column":14}},"locations":[{"start":{"line":68,"column":28},"end":{"line":69,"column":14}}]},"43":{"type":"branch","line":75,"loc":{"start":{"line":75,"column":12},"end":{"line":81,"column":5}},"locations":[{"start":{"line":75,"column":12},"end":{"line":81,"column":5}}]},"44":{"type":"branch","line":76,"loc":{"start":{"line":76,"column":18},"end":{"line":76,"column":52}},"locations":[{"start":{"line":76,"column":18},"end":{"line":76,"column":52}}]},"45":{"type":"branch","line":76,"loc":{"start":{"line":76,"column":52},"end":{"line":80,"column":5}},"locations":[{"start":{"line":76,"column":52},"end":{"line":80,"column":5}}]},"46":{"type":"branch","line":84,"loc":{"start":{"line":84,"column":12},"end":{"line":94,"column":5}},"locations":[{"start":{"line":84,"column":12},"end":{"line":94,"column":5}}]},"47":{"type":"branch","line":85,"loc":{"start":{"line":85,"column":8},"end":{"line":85,"column":66}},"locations":[{"start":{"line":85,"column":8},"end":{"line":85,"column":66}}]},"48":{"type":"branch","line":85,"loc":{"start":{"line":85,"column":31},"end":{"line":85,"column":66}},"locations":[{"start":{"line":85,"column":31},"end":{"line":85,"column":66}}]},"49":{"type":"branch","line":85,"loc":{"start":{"line":85,"column":66},"end":{"line":91,"column":15}},"locations":[{"start":{"line":85,"column":66},"end":{"line":91,"column":15}}]},"50":{"type":"branch","line":91,"loc":{"start":{"line":91,"column":4},"end":{"line":93,"column":5}},"locations":[{"start":{"line":91,"column":4},"end":{"line":93,"column":5}}]},"51":{"type":"branch","line":91,"loc":{"start":{"line":91,"column":25},"end":{"line":91,"column":56}},"locations":[{"start":{"line":91,"column":25},"end":{"line":91,"column":56}}]},"52":{"type":"branch","line":91,"loc":{"start":{"line":91,"column":45},"end":{"line":91,"column":79}},"locations":[{"start":{"line":91,"column":45},"end":{"line":91,"column":79}}]},"53":{"type":"branch","line":86,"loc":{"start":{"line":86,"column":15},"end":{"line":90,"column":7}},"locations":[{"start":{"line":86,"column":15},"end":{"line":90,"column":7}}]},"54":{"type":"branch","line":102,"loc":{"start":{"line":102,"column":17},"end":{"line":116,"column":10}},"locations":[{"start":{"line":102,"column":17},"end":{"line":116,"column":10}}]}},"b":{"0":[44],"1":[22],"2":[22],"3":[22],"4":[20],"5":[18],"6":[30],"7":[22],"8":[14],"9":[0],"10":[14],"11":[0],"12":[14],"13":[0],"14":[14],"15":[0],"16":[14],"17":[0],"18":[14],"19":[0],"20":[14],"21":[22],"22":[4],"23":[3],"24":[19],"25":[11],"26":[3],"27":[1],"28":[11],"29":[1],"30":[2],"31":[1],"32":[1],"33":[22],"34":[4],"35":[3],"36":[19],"37":[11],"38":[3],"39":[0],"40":[3],"41":[1],"42":[2],"43":[22],"44":[6],"45":[0],"46":[22],"47":[11],"48":[5],"49":[7],"50":[15],"51":[3],"52":[2],"53":[7],"54":[7]},"fnMap":{"0":{"name":"Ball","decl":{"start":{"line":22,"column":7},"end":{"line":210,"column":1}},"loc":{"start":{"line":22,"column":7},"end":{"line":210,"column":1}},"line":22}},"f":{"0":44}}
,"/Users/michaelhaufschild/Documents/code/plinko/src/components/BallLauncher.tsx": {"path":"/Users/michaelhaufschild/Documents/code/plinko/src/components/BallLauncher.tsx","all":false,"statementMap":{"5":{"start":{"line":6,"column":0},"end":{"line":6,"column":39}},"6":{"start":{"line":7,"column":0},"end":{"line":7,"column":36}},"14":{"start":{"line":15,"column":0},"end":{"line":15,"column":72}},"15":{"start":{"line":16,"column":0},"end":{"line":16,"column":31}},"16":{"start":{"line":17,"column":0},"end":{"line":17,"column":66}},"17":{"start":{"line":18,"column":0},"end":{"line":18,"column":59}},"18":{"start":{"line":19,"column":0},"end":{"line":19,"column":28}},"20":{"start":{"line":21,"column":0},"end":{"line":21,"column":10}},"21":{"start":{"line":22,"column":0},"end":{"line":22,"column":8}},"22":{"start":{"line":23,"column":0},"end":{"line":23,"column":46}},"23":{"start":{"line":24,"column":0},"end":{"line":24,"column":14}},"24":{"start":{"line":25,"column":0},"end":{"line":25,"column":23}},"25":{"start":{"line":26,"column":0},"end":{"line":26,"column":22}},"26":{"start":{"line":27,"column":0},"end":{"line":27,"column":43}},"27":{"start":{"line":28,"column":0},"end":{"line":28,"column":8}},"30":{"start":{"line":31,"column":0},"end":{"line":31,"column":17}},"31":{"start":{"line":32,"column":0},"end":{"line":32,"column":28}},"32":{"start":{"line":33,"column":0},"end":{"line":33,"column":16}},"33":{"start":{"line":34,"column":0},"end":{"line":34,"column":38}},"34":{"start":{"line":35,"column":0},"end":{"line":35,"column":40}},"35":{"start":{"line":36,"column":0},"end":{"line":36,"column":42}},"36":{"start":{"line":37,"column":0},"end":{"line":37,"column":42}},"37":{"start":{"line":38,"column":0},"end":{"line":38,"column":23}},"39":{"start":{"line":40,"column":0},"end":{"line":40,"column":53}},"40":{"start":{"line":41,"column":0},"end":{"line":41,"column":57}},"41":{"start":{"line":42,"column":0},"end":{"line":42,"column":54}},"42":{"start":{"line":43,"column":0},"end":{"line":43,"column":53}},"45":{"start":{"line":46,"column":0},"end":{"line":46,"column":42}},"46":{"start":{"line":47,"column":0},"end":{"line":47,"column":65}},"47":{"start":{"line":48,"column":0},"end":{"line":48,"column":22}},"48":{"start":{"line":49,"column":0},"end":{"line":49,"column":63}},"49":{"start":{"line":50,"column":0},"end":{"line":50,"column":60}},"50":{"start":{"line":51,"column":0},"end":{"line":51,"column":55}},"52":{"start":{"line":53,"column":0},"end":{"line":53,"column":10}},"53":{"start":{"line":54,"column":0},"end":{"line":54,"column":43}},"54":{"start":{"line":55,"column":0},"end":{"line":55,"column":18}},"55":{"start":{"line":56,"column":0},"end":{"line":56,"column":40}},"56":{"start":{"line":57,"column":0},"end":{"line":57,"column":39}},"57":{"start":{"line":58,"column":0},"end":{"line":58,"column":10}},"58":{"start":{"line":59,"column":0},"end":{"line":59,"column":21}},"59":{"start":{"line":60,"column":0},"end":{"line":60,"column":65}},"60":{"start":{"line":61,"column":0},"end":{"line":61,"column":49}},"61":{"start":{"line":62,"column":0},"end":{"line":62,"column":10}},"64":{"start":{"line":65,"column":0},"end":{"line":65,"column":12}},"65":{"start":{"line":66,"column":0},"end":{"line":66,"column":38}},"66":{"start":{"line":67,"column":0},"end":{"line":67,"column":18}},"67":{"start":{"line":68,"column":0},"end":{"line":68,"column":157}},"68":{"start":{"line":69,"column":0},"end":{"line":69,"column":44}},"69":{"start":{"line":70,"column":0},"end":{"line":70,"column":12}},"70":{"start":{"line":71,"column":0},"end":{"line":71,"column":10}},"73":{"start":{"line":74,"column":0},"end":{"line":74,"column":12}},"74":{"start":{"line":75,"column":0},"end":{"line":75,"column":51}},"75":{"start":{"line":76,"column":0},"end":{"line":76,"column":18}},"76":{"start":{"line":77,"column":0},"end":{"line":77,"column":26}},"77":{"start":{"line":78,"column":0},"end":{"line":78,"column":119}},"78":{"start":{"line":79,"column":0},"end":{"line":79,"column":40}},"79":{"start":{"line":80,"column":0},"end":{"line":80,"column":12}},"80":{"start":{"line":81,"column":0},"end":{"line":81,"column":10}},"81":{"start":{"line":82,"column":0},"end":{"line":82,"column":19}},"84":{"start":{"line":85,"column":0},"end":{"line":85,"column":24}},"85":{"start":{"line":86,"column":0},"end":{"line":86,"column":19}},"86":{"start":{"line":87,"column":0},"end":{"line":87,"column":43}},"87":{"start":{"line":88,"column":0},"end":{"line":88,"column":18}},"88":{"start":{"line":89,"column":0},"end":{"line":89,"column":42}},"89":{"start":{"line":90,"column":0},"end":{"line":90,"column":43}},"90":{"start":{"line":91,"column":0},"end":{"line":91,"column":38}},"91":{"start":{"line":92,"column":0},"end":{"line":92,"column":41}},"92":{"start":{"line":93,"column":0},"end":{"line":93,"column":25}},"94":{"start":{"line":95,"column":0},"end":{"line":95,"column":55}},"95":{"start":{"line":96,"column":0},"end":{"line":96,"column":49}},"96":{"start":{"line":97,"column":0},"end":{"line":97,"column":54}},"97":{"start":{"line":98,"column":0},"end":{"line":98,"column":54}},"98":{"start":{"line":99,"column":0},"end":{"line":99,"column":56}},"99":{"start":{"line":100,"column":0},"end":{"line":100,"column":56}},"100":{"start":{"line":101,"column":0},"end":{"line":101,"column":55}},"103":{"start":{"line":104,"column":0},"end":{"line":104,"column":24}},"104":{"start":{"line":105,"column":0},"end":{"line":105,"column":61}},"105":{"start":{"line":106,"column":0},"end":{"line":106,"column":59}},"106":{"start":{"line":107,"column":0},"end":{"line":107,"column":58}},"107":{"start":{"line":108,"column":0},"end":{"line":108,"column":68}},"108":{"start":{"line":109,"column":0},"end":{"line":109,"column":63}},"109":{"start":{"line":110,"column":0},"end":{"line":110,"column":71}},"111":{"start":{"line":112,"column":0},"end":{"line":112,"column":70}},"112":{"start":{"line":113,"column":0},"end":{"line":113,"column":12}},"113":{"start":{"line":114,"column":0},"end":{"line":114,"column":38}},"114":{"start":{"line":115,"column":0},"end":{"line":115,"column":20}},"115":{"start":{"line":116,"column":0},"end":{"line":116,"column":26}},"116":{"start":{"line":117,"column":0},"end":{"line":117,"column":32}},"117":{"start":{"line":118,"column":0},"end":{"line":118,"column":12}},"118":{"start":{"line":119,"column":0},"end":{"line":119,"column":23}},"119":{"start":{"line":120,"column":0},"end":{"line":120,"column":24}},"120":{"start":{"line":121,"column":0},"end":{"line":121,"column":29}},"121":{"start":{"line":122,"column":0},"end":{"line":122,"column":30}},"122":{"start":{"line":123,"column":0},"end":{"line":123,"column":12}},"125":{"start":{"line":126,"column":0},"end":{"line":126,"column":14}},"126":{"start":{"line":127,"column":0},"end":{"line":127,"column":20}},"127":{"start":{"line":128,"column":0},"end":{"line":128,"column":35}},"128":{"start":{"line":129,"column":0},"end":{"line":129,"column":25}},"129":{"start":{"line":130,"column":0},"end":{"line":130,"column":26}},"130":{"start":{"line":131,"column":0},"end":{"line":131,"column":27}},"131":{"start":{"line":132,"column":0},"end":{"line":132,"column":28}},"132":{"start":{"line":133,"column":0},"end":{"line":133,"column":140}},"133":{"start":{"line":134,"column":0},"end":{"line":134,"column":34}},"134":{"start":{"line":135,"column":0},"end":{"line":135,"column":33}},"135":{"start":{"line":136,"column":0},"end":{"line":136,"column":14}},"136":{"start":{"line":137,"column":0},"end":{"line":137,"column":12}},"137":{"start":{"line":138,"column":0},"end":{"line":138,"column":21}},"141":{"start":{"line":142,"column":0},"end":{"line":142,"column":17}},"142":{"start":{"line":143,"column":0},"end":{"line":143,"column":28}},"143":{"start":{"line":144,"column":0},"end":{"line":144,"column":16}},"144":{"start":{"line":145,"column":0},"end":{"line":145,"column":42}},"145":{"start":{"line":146,"column":0},"end":{"line":146,"column":24}},"146":{"start":{"line":147,"column":0},"end":{"line":147,"column":48}},"147":{"start":{"line":148,"column":0},"end":{"line":148,"column":46}},"148":{"start":{"line":149,"column":0},"end":{"line":149,"column":169}},"149":{"start":{"line":150,"column":0},"end":{"line":150,"column":30}},"150":{"start":{"line":151,"column":0},"end":{"line":151,"column":115}},"151":{"start":{"line":152,"column":0},"end":{"line":152,"column":10}},"152":{"start":{"line":153,"column":0},"end":{"line":153,"column":26}},"153":{"start":{"line":154,"column":0},"end":{"line":154,"column":18}},"154":{"start":{"line":155,"column":0},"end":{"line":155,"column":34}},"155":{"start":{"line":156,"column":0},"end":{"line":156,"column":10}},"156":{"start":{"line":157,"column":0},"end":{"line":157,"column":21}},"157":{"start":{"line":158,"column":0},"end":{"line":158,"column":24}},"158":{"start":{"line":159,"column":0},"end":{"line":159,"column":38}},"159":{"start":{"line":160,"column":0},"end":{"line":160,"column":10}},"160":{"start":{"line":161,"column":0},"end":{"line":161,"column":8}},"163":{"start":{"line":164,"column":0},"end":{"line":164,"column":24}},"164":{"start":{"line":165,"column":0},"end":{"line":165,"column":19}},"165":{"start":{"line":166,"column":0},"end":{"line":166,"column":30}},"166":{"start":{"line":167,"column":0},"end":{"line":167,"column":18}},"167":{"start":{"line":168,"column":0},"end":{"line":168,"column":25}},"168":{"start":{"line":169,"column":0},"end":{"line":169,"column":27}},"169":{"start":{"line":170,"column":0},"end":{"line":170,"column":25}},"170":{"start":{"line":171,"column":0},"end":{"line":171,"column":49}},"171":{"start":{"line":172,"column":0},"end":{"line":172,"column":174}},"172":{"start":{"line":173,"column":0},"end":{"line":173,"column":25}},"173":{"start":{"line":174,"column":0},"end":{"line":174,"column":12}},"174":{"start":{"line":175,"column":0},"end":{"line":175,"column":10}},"176":{"start":{"line":177,"column":0},"end":{"line":177,"column":10}},"178":{"start":{"line":179,"column":0},"end":{"line":179,"column":1}}},"s":{"5":1,"6":1,"14":1,"15":8,"16":8,"17":8,"18":8,"20":8,"21":8,"22":8,"23":8,"24":8,"25":8,"26":8,"27":8,"30":8,"31":8,"32":8,"33":8,"34":8,"35":8,"36":8,"37":8,"39":8,"40":8,"41":8,"42":8,"45":8,"46":8,"47":8,"48":8,"49":8,"50":8,"52":8,"53":8,"54":8,"55":8,"56":8,"57":8,"58":8,"59":8,"60":8,"61":8,"64":8,"65":8,"66":8,"67":8,"68":8,"69":8,"70":8,"73":8,"74":8,"75":8,"76":8,"77":8,"78":8,"79":8,"80":8,"81":8,"84":8,"85":6,"86":6,"87":6,"88":6,"89":6,"90":6,"91":6,"92":6,"94":6,"95":6,"96":6,"97":6,"98":6,"99":6,"100":6,"103":6,"104":6,"105":6,"106":6,"107":6,"108":6,"109":6,"111":6,"112":6,"113":6,"114":6,"115":6,"116":6,"117":6,"118":6,"119":6,"120":6,"121":6,"122":6,"125":6,"126":6,"127":6,"128":6,"129":6,"130":6,"131":6,"132":6,"133":6,"134":6,"135":6,"136":6,"137":6,"141":8,"142":8,"143":8,"144":8,"145":8,"146":8,"147":8,"148":8,"149":8,"150":8,"151":8,"152":8,"153":8,"154":8,"155":8,"156":8,"157":8,"158":8,"159":8,"160":8,"163":8,"164":6,"165":6,"166":6,"167":6,"168":6,"169":6,"170":6,"171":6,"172":6,"173":6,"174":6,"176":8,"178":8},"branchMap":{"0":{"type":"branch","line":15,"loc":{"start":{"line":15,"column":7},"end":{"line":179,"column":1}},"locations":[{"start":{"line":15,"column":7},"end":{"line":179,"column":1}}]},"1":{"type":"branch","line":56,"loc":{"start":{"line":56,"column":18},"end":{"line":56,"column":38}},"locations":[{"start":{"line":56,"column":18},"end":{"line":56,"column":38}}]},"2":{"type":"branch","line":56,"loc":{"start":{"line":56,"column":32},"end":{"line":56,"column":40}},"locations":[{"start":{"line":56,"column":32},"end":{"line":56,"column":40}}]},"3":{"type":"branch","line":57,"loc":{"start":{"line":57,"column":19},"end":{"line":57,"column":37}},"locations":[{"start":{"line":57,"column":19},"end":{"line":57,"column":37}}]},"4":{"type":"branch","line":57,"loc":{"start":{"line":57,"column":33},"end":{"line":57,"column":39}},"locations":[{"start":{"line":57,"column":33},"end":{"line":57,"column":39}}]},"5":{"type":"branch","line":85,"loc":{"start":{"line":85,"column":8},"end":{"line":138,"column":21}},"locations":[{"start":{"line":85,"column":8},"end":{"line":138,"column":21}}]},"6":{"type":"branch","line":155,"loc":{"start":{"line":155,"column":13},"end":{"line":155,"column":32}},"locations":[{"start":{"line":155,"column":13},"end":{"line":155,"column":32}}]},"7":{"type":"branch","line":155,"loc":{"start":{"line":155,"column":27},"end":{"line":155,"column":34}},"locations":[{"start":{"line":155,"column":27},"end":{"line":155,"column":34}}]},"8":{"type":"branch","line":164,"loc":{"start":{"line":164,"column":8},"end":{"line":175,"column":10}},"locations":[{"start":{"line":164,"column":8},"end":{"line":175,"column":10}}]}},"b":{"0":[8],"1":[2],"2":[6],"3":[2],"4":[6],"5":[6],"6":[2],"7":[6],"8":[6]},"fnMap":{"0":{"name":"BallLauncher","decl":{"start":{"line":15,"column":7},"end":{"line":179,"column":1}},"loc":{"start":{"line":15,"column":7},"end":{"line":179,"column":1}},"line":15}},"f":{"0":8}}
,"/Users/michaelhaufschild/Documents/code/plinko/src/components/Countdown.tsx": {"path":"/Users/michaelhaufschild/Documents/code/plinko/src/components/Countdown.tsx","all":false,"statementMap":{"6":{"start":{"line":7,"column":0},"end":{"line":7,"column":39}},"7":{"start":{"line":8,"column":0},"end":{"line":8,"column":44}},"8":{"start":{"line":9,"column":0},"end":{"line":9,"column":36}},"16":{"start":{"line":17,"column":0},"end":{"line":17,"column":92}},"17":{"start":{"line":18,"column":0},"end":{"line":18,"column":40}},"18":{"start":{"line":19,"column":0},"end":{"line":19,"column":31}},"20":{"start":{"line":21,"column":0},"end":{"line":21,"column":19}},"21":{"start":{"line":22,"column":0},"end":{"line":22,"column":22}},"23":{"start":{"line":24,"column":0},"end":{"line":24,"column":48}},"24":{"start":{"line":25,"column":0},"end":{"line":25,"column":39}},"25":{"start":{"line":26,"column":0},"end":{"line":26,"column":5}},"27":{"start":{"line":28,"column":0},"end":{"line":28,"column":36}},"28":{"start":{"line":29,"column":0},"end":{"line":29,"column":26}},"29":{"start":{"line":30,"column":0},"end":{"line":30,"column":43}},"31":{"start":{"line":32,"column":0},"end":{"line":32,"column":37}},"32":{"start":{"line":33,"column":0},"end":{"line":33,"column":26}},"34":{"start":{"line":35,"column":0},"end":{"line":35,"column":61}},"37":{"start":{"line":38,"column":0},"end":{"line":38,"column":25}},"38":{"start":{"line":39,"column":0},"end":{"line":39,"column":44}},"39":{"start":{"line":40,"column":0},"end":{"line":40,"column":57}},"41":{"start":{"line":42,"column":0},"end":{"line":42,"column":60}},"42":{"start":{"line":43,"column":0},"end":{"line":43,"column":65}},"43":{"start":{"line":44,"column":0},"end":{"line":44,"column":51}},"46":{"start":{"line":47,"column":0},"end":{"line":47,"column":43}},"48":{"start":{"line":49,"column":0},"end":{"line":49,"column":10}},"49":{"start":{"line":50,"column":0},"end":{"line":50,"column":15}},"50":{"start":{"line":51,"column":0},"end":{"line":51,"column":79}},"51":{"start":{"line":52,"column":0},"end":{"line":52,"column":14}},"52":{"start":{"line":53,"column":0},"end":{"line":53,"column":33}},"53":{"start":{"line":54,"column":0},"end":{"line":54,"column":40}},"54":{"start":{"line":55,"column":0},"end":{"line":55,"column":8}},"55":{"start":{"line":56,"column":0},"end":{"line":56,"column":30}},"56":{"start":{"line":57,"column":0},"end":{"line":57,"column":30}},"57":{"start":{"line":58,"column":0},"end":{"line":58,"column":27}},"58":{"start":{"line":59,"column":0},"end":{"line":59,"column":36}},"61":{"start":{"line":62,"column":0},"end":{"line":62,"column":17}},"62":{"start":{"line":63,"column":0},"end":{"line":63,"column":58}},"63":{"start":{"line":64,"column":0},"end":{"line":64,"column":61}},"64":{"start":{"line":65,"column":0},"end":{"line":65,"column":16}},"65":{"start":{"line":66,"column":0},"end":{"line":66,"column":25}},"66":{"start":{"line":67,"column":0},"end":{"line":67,"column":26}},"67":{"start":{"line":68,"column":0},"end":{"line":68,"column":10}},"68":{"start":{"line":69,"column":0},"end":{"line":69,"column":55}},"69":{"start":{"line":70,"column":0},"end":{"line":70,"column":18}},"70":{"start":{"line":71,"column":0},"end":{"line":71,"column":29}},"71":{"start":{"line":72,"column":0},"end":{"line":72,"column":31}},"72":{"start":{"line":73,"column":0},"end":{"line":73,"column":29}},"73":{"start":{"line":74,"column":0},"end":{"line":74,"column":10}},"74":{"start":{"line":75,"column":0},"end":{"line":75,"column":41}},"75":{"start":{"line":76,"column":0},"end":{"line":76,"column":21}},"76":{"start":{"line":77,"column":0},"end":{"line":77,"column":24}},"77":{"start":{"line":78,"column":0},"end":{"line":78,"column":55}},"78":{"start":{"line":79,"column":0},"end":{"line":79,"column":10}},"81":{"start":{"line":82,"column":0},"end":{"line":82,"column":19}},"82":{"start":{"line":83,"column":0},"end":{"line":83,"column":71}},"83":{"start":{"line":84,"column":0},"end":{"line":84,"column":18}},"84":{"start":{"line":85,"column":0},"end":{"line":85,"column":31}},"85":{"start":{"line":86,"column":0},"end":{"line":86,"column":58}},"86":{"start":{"line":87,"column":0},"end":{"line":87,"column":62}},"87":{"start":{"line":88,"column":0},"end":{"line":88,"column":34}},"88":{"start":{"line":89,"column":0},"end":{"line":89,"column":108}},"89":{"start":{"line":90,"column":0},"end":{"line":90,"column":115}},"90":{"start":{"line":91,"column":0},"end":{"line":91,"column":12}},"91":{"start":{"line":92,"column":0},"end":{"line":92,"column":44}},"92":{"start":{"line":93,"column":0},"end":{"line":93,"column":20}},"93":{"start":{"line":94,"column":0},"end":{"line":94,"column":31}},"94":{"start":{"line":95,"column":0},"end":{"line":95,"column":33}},"95":{"start":{"line":96,"column":0},"end":{"line":96,"column":12}},"96":{"start":{"line":97,"column":0},"end":{"line":97,"column":23}},"97":{"start":{"line":98,"column":0},"end":{"line":98,"column":26}},"98":{"start":{"line":99,"column":0},"end":{"line":99,"column":28}},"99":{"start":{"line":100,"column":0},"end":{"line":100,"column":12}},"100":{"start":{"line":101,"column":0},"end":{"line":101,"column":10}},"103":{"start":{"line":104,"column":0},"end":{"line":104,"column":19}},"104":{"start":{"line":105,"column":0},"end":{"line":105,"column":63}},"105":{"start":{"line":106,"column":0},"end":{"line":106,"column":18}},"106":{"start":{"line":107,"column":0},"end":{"line":107,"column":27}},"107":{"start":{"line":108,"column":0},"end":{"line":108,"column":28}},"108":{"start":{"line":109,"column":0},"end":{"line":109,"column":26}},"109":{"start":{"line":110,"column":0},"end":{"line":110,"column":25}},"110":{"start":{"line":111,"column":0},"end":{"line":111,"column":35}},"111":{"start":{"line":112,"column":0},"end":{"line":112,"column":106}},"112":{"start":{"line":113,"column":0},"end":{"line":113,"column":59}},"113":{"start":{"line":114,"column":0},"end":{"line":114,"column":133}},"114":{"start":{"line":115,"column":0},"end":{"line":115,"column":43}},"115":{"start":{"line":116,"column":0},"end":{"line":116,"column":140}},"116":{"start":{"line":117,"column":0},"end":{"line":117,"column":12}},"117":{"start":{"line":118,"column":0},"end":{"line":118,"column":20}},"118":{"start":{"line":119,"column":0},"end":{"line":119,"column":31}},"119":{"start":{"line":120,"column":0},"end":{"line":120,"column":37}},"120":{"start":{"line":121,"column":0},"end":{"line":121,"column":12}},"121":{"start":{"line":122,"column":0},"end":{"line":122,"column":23}},"122":{"start":{"line":123,"column":0},"end":{"line":123,"column":26}},"123":{"start":{"line":124,"column":0},"end":{"line":124,"column":38}},"124":{"start":{"line":125,"column":0},"end":{"line":125,"column":30}},"125":{"start":{"line":126,"column":0},"end":{"line":126,"column":12}},"126":{"start":{"line":127,"column":0},"end":{"line":127,"column":10}},"129":{"start":{"line":130,"column":0},"end":{"line":130,"column":19}},"130":{"start":{"line":131,"column":0},"end":{"line":131,"column":55}},"131":{"start":{"line":132,"column":0},"end":{"line":132,"column":18}},"132":{"start":{"line":133,"column":0},"end":{"line":133,"column":35}},"133":{"start":{"line":134,"column":0},"end":{"line":134,"column":17}},"134":{"start":{"line":135,"column":0},"end":{"line":135,"column":56}},"135":{"start":{"line":136,"column":0},"end":{"line":136,"column":58}},"136":{"start":{"line":137,"column":0},"end":{"line":137,"column":61}},"137":{"start":{"line":138,"column":0},"end":{"line":138,"column":60}},"139":{"start":{"line":140,"column":0},"end":{"line":140,"column":17}},"140":{"start":{"line":141,"column":0},"end":{"line":141,"column":59}},"141":{"start":{"line":142,"column":0},"end":{"line":142,"column":61}},"142":{"start":{"line":143,"column":0},"end":{"line":143,"column":61}},"143":{"start":{"line":144,"column":0},"end":{"line":144,"column":60}},"145":{"start":{"line":146,"column":0},"end":{"line":146,"column":35}},"146":{"start":{"line":147,"column":0},"end":{"line":147,"column":48}},"147":{"start":{"line":148,"column":0},"end":{"line":148,"column":113}},"148":{"start":{"line":149,"column":0},"end":{"line":149,"column":46}},"149":{"start":{"line":150,"column":0},"end":{"line":150,"column":41}},"150":{"start":{"line":151,"column":0},"end":{"line":151,"column":41}},"151":{"start":{"line":152,"column":0},"end":{"line":152,"column":47}},"152":{"start":{"line":153,"column":0},"end":{"line":153,"column":35}},"153":{"start":{"line":154,"column":0},"end":{"line":154,"column":12}},"154":{"start":{"line":155,"column":0},"end":{"line":155,"column":29}},"155":{"start":{"line":156,"column":0},"end":{"line":156,"column":28}},"156":{"start":{"line":157,"column":0},"end":{"line":157,"column":66}},"158":{"start":{"line":159,"column":0},"end":{"line":159,"column":23}},"159":{"start":{"line":160,"column":0},"end":{"line":160,"column":21}},"162":{"start":{"line":163,"column":0},"end":{"line":163,"column":38}},"163":{"start":{"line":164,"column":0},"end":{"line":164,"column":38}},"164":{"start":{"line":165,"column":0},"end":{"line":165,"column":49}},"165":{"start":{"line":166,"column":0},"end":{"line":166,"column":30}},"166":{"start":{"line":167,"column":0},"end":{"line":167,"column":48}},"167":{"start":{"line":168,"column":0},"end":{"line":168,"column":48}},"169":{"start":{"line":170,"column":0},"end":{"line":170,"column":18}},"170":{"start":{"line":171,"column":0},"end":{"line":171,"column":23}},"171":{"start":{"line":172,"column":0},"end":{"line":172,"column":21}},"172":{"start":{"line":173,"column":0},"end":{"line":173,"column":67}},"173":{"start":{"line":174,"column":0},"end":{"line":174,"column":22}},"174":{"start":{"line":175,"column":0},"end":{"line":175,"column":30}},"175":{"start":{"line":176,"column":0},"end":{"line":176,"column":31}},"176":{"start":{"line":177,"column":0},"end":{"line":177,"column":29}},"177":{"start":{"line":178,"column":0},"end":{"line":178,"column":28}},"178":{"start":{"line":179,"column":0},"end":{"line":179,"column":39}},"179":{"start":{"line":180,"column":0},"end":{"line":180,"column":97}},"180":{"start":{"line":181,"column":0},"end":{"line":181,"column":101}},"181":{"start":{"line":182,"column":0},"end":{"line":182,"column":38}},"182":{"start":{"line":183,"column":0},"end":{"line":183,"column":63}},"183":{"start":{"line":184,"column":0},"end":{"line":184,"column":67}},"184":{"start":{"line":185,"column":0},"end":{"line":185,"column":16}},"185":{"start":{"line":186,"column":0},"end":{"line":186,"column":60}},"186":{"start":{"line":187,"column":0},"end":{"line":187,"column":24}},"187":{"start":{"line":188,"column":0},"end":{"line":188,"column":18}},"188":{"start":{"line":189,"column":0},"end":{"line":189,"column":18}},"189":{"start":{"line":190,"column":0},"end":{"line":190,"column":35}},"190":{"start":{"line":191,"column":0},"end":{"line":191,"column":37}},"191":{"start":{"line":192,"column":0},"end":{"line":192,"column":16}},"192":{"start":{"line":193,"column":0},"end":{"line":193,"column":27}},"193":{"start":{"line":194,"column":0},"end":{"line":194,"column":30}},"194":{"start":{"line":195,"column":0},"end":{"line":195,"column":32}},"195":{"start":{"line":196,"column":0},"end":{"line":196,"column":41}},"196":{"start":{"line":197,"column":0},"end":{"line":197,"column":16}},"197":{"start":{"line":198,"column":0},"end":{"line":198,"column":14}},"199":{"start":{"line":200,"column":0},"end":{"line":200,"column":11}},"200":{"start":{"line":201,"column":0},"end":{"line":201,"column":19}},"201":{"start":{"line":202,"column":0},"end":{"line":202,"column":17}},"203":{"start":{"line":204,"column":0},"end":{"line":204,"column":1}}},"s":{"6":1,"7":1,"8":1,"16":1,"17":19,"18":19,"20":19,"21":19,"23":2,"24":2,"25":2,"27":17,"28":9,"29":17,"31":17,"32":19,"34":19,"37":19,"38":19,"39":19,"41":19,"42":19,"43":19,"46":19,"48":19,"49":19,"50":19,"51":19,"52":19,"53":19,"54":19,"55":19,"56":19,"57":19,"58":19,"61":19,"62":19,"63":19,"64":19,"65":19,"66":19,"67":19,"68":19,"69":19,"70":19,"71":19,"72":19,"73":19,"74":19,"75":19,"76":19,"77":19,"78":19,"81":19,"82":19,"83":19,"84":19,"85":2,"86":17,"87":19,"88":2,"89":17,"90":19,"91":19,"92":19,"93":19,"94":19,"95":19,"96":19,"97":19,"98":19,"99":19,"100":19,"103":19,"104":19,"105":19,"106":19,"107":19,"108":19,"109":19,"110":19,"111":2,"112":2,"113":0,"114":17,"115":0,"116":19,"117":19,"118":19,"119":19,"120":19,"121":19,"122":19,"123":19,"124":19,"125":19,"126":19,"129":19,"130":19,"131":19,"132":19,"133":2,"134":2,"135":2,"136":2,"137":2,"139":17,"140":17,"141":17,"142":17,"143":17,"145":19,"146":2,"147":0,"148":17,"149":0,"150":19,"151":19,"152":19,"153":19,"154":19,"155":19,"156":19,"158":19,"159":19,"162":19,"163":152,"164":152,"165":152,"166":152,"167":152,"169":152,"170":152,"171":152,"172":152,"173":152,"174":152,"175":152,"176":152,"177":152,"178":152,"179":16,"180":136,"181":152,"182":16,"183":136,"184":152,"185":152,"186":152,"187":152,"188":152,"189":152,"190":152,"191":152,"192":152,"193":152,"194":152,"195":152,"196":152,"197":152,"199":19,"200":19,"201":19,"203":19},"branchMap":{"0":{"type":"branch","line":17,"loc":{"start":{"line":17,"column":7},"end":{"line":204,"column":1}},"locations":[{"start":{"line":17,"column":7},"end":{"line":204,"column":1}}]},"1":{"type":"branch","line":35,"loc":{"start":{"line":35,"column":32},"end":{"line":35,"column":44}},"locations":[{"start":{"line":35,"column":32},"end":{"line":35,"column":44}}]},"2":{"type":"branch","line":35,"loc":{"start":{"line":35,"column":36},"end":{"line":35,"column":61}},"locations":[{"start":{"line":35,"column":36},"end":{"line":35,"column":61}}]},"3":{"type":"branch","line":85,"loc":{"start":{"line":85,"column":30},"end":{"line":86,"column":58}},"locations":[{"start":{"line":85,"column":30},"end":{"line":86,"column":58}}]},"4":{"type":"branch","line":86,"loc":{"start":{"line":86,"column":56},"end":{"line":87,"column":62}},"locations":[{"start":{"line":86,"column":56},"end":{"line":87,"column":62}}]},"5":{"type":"branch","line":88,"loc":{"start":{"line":88,"column":33},"end":{"line":89,"column":108}},"locations":[{"start":{"line":88,"column":33},"end":{"line":89,"column":108}}]},"6":{"type":"branch","line":89,"loc":{"start":{"line":89,"column":104},"end":{"line":90,"column":115}},"locations":[{"start":{"line":89,"column":104},"end":{"line":90,"column":115}}]},"7":{"type":"branch","line":111,"loc":{"start":{"line":111,"column":34},"end":{"line":114,"column":133}},"locations":[{"start":{"line":111,"column":34},"end":{"line":114,"column":133}}]},"8":{"type":"branch","line":113,"loc":{"start":{"line":113,"column":55},"end":{"line":114,"column":133}},"locations":[{"start":{"line":113,"column":55},"end":{"line":114,"column":133}}]},"9":{"type":"branch","line":114,"loc":{"start":{"line":114,"column":107},"end":{"line":116,"column":140}},"locations":[{"start":{"line":114,"column":107},"end":{"line":116,"column":140}}]},"10":{"type":"branch","line":115,"loc":{"start":{"line":115,"column":32},"end":{"line":116,"column":140}},"locations":[{"start":{"line":115,"column":32},"end":{"line":116,"column":140}}]},"11":{"type":"branch","line":124,"loc":{"start":{"line":124,"column":28},"end":{"line":124,"column":36}},"locations":[{"start":{"line":124,"column":28},"end":{"line":124,"column":36}}]},"12":{"type":"branch","line":124,"loc":{"start":{"line":124,"column":32},"end":{"line":124,"column":38}},"locations":[{"start":{"line":124,"column":32},"end":{"line":124,"column":38}}]},"13":{"type":"branch","line":133,"loc":{"start":{"line":133,"column":34},"end":{"line":138,"column":60}},"locations":[{"start":{"line":133,"column":34},"end":{"line":138,"column":60}}]},"14":{"type":"branch","line":138,"loc":{"start":{"line":138,"column":57},"end":{"line":144,"column":60}},"locations":[{"start":{"line":138,"column":57},"end":{"line":144,"column":60}}]},"15":{"type":"branch","line":146,"loc":{"start":{"line":146,"column":34},"end":{"line":148,"column":113}},"locations":[{"start":{"line":146,"column":34},"end":{"line":148,"column":113}}]},"16":{"type":"branch","line":147,"loc":{"start":{"line":147,"column":32},"end":{"line":148,"column":113}},"locations":[{"start":{"line":147,"column":32},"end":{"line":148,"column":113}}]},"17":{"type":"branch","line":148,"loc":{"start":{"line":148,"column":105},"end":{"line":150,"column":41}},"locations":[{"start":{"line":148,"column":105},"end":{"line":150,"column":41}}]},"18":{"type":"branch","line":149,"loc":{"start":{"line":149,"column":32},"end":{"line":150,"column":41}},"locations":[{"start":{"line":149,"column":32},"end":{"line":150,"column":41}}]},"19":{"type":"branch","line":21,"loc":{"start":{"line":21,"column":12},"end":{"line":33,"column":5}},"locations":[{"start":{"line":21,"column":12},"end":{"line":33,"column":5}}]},"20":{"type":"branch","line":22,"loc":{"start":{"line":22,"column":21},"end":{"line":26,"column":5}},"locations":[{"start":{"line":22,"column":21},"end":{"line":26,"column":5}}]},"21":{"type":"branch","line":26,"loc":{"start":{"line":26,"column":4},"end":{"line":32,"column":37}},"locations":[{"start":{"line":26,"column":4},"end":{"line":32,"column":37}}]},"22":{"type":"branch","line":25,"loc":{"start":{"line":25,"column":13},"end":{"line":25,"column":39}},"locations":[{"start":{"line":25,"column":13},"end":{"line":25,"column":39}}]},"23":{"type":"branch","line":28,"loc":{"start":{"line":28,"column":29},"end":{"line":30,"column":7}},"locations":[{"start":{"line":28,"column":29},"end":{"line":30,"column":7}}]},"24":{"type":"branch","line":32,"loc":{"start":{"line":32,"column":11},"end":{"line":32,"column":37}},"locations":[{"start":{"line":32,"column":11},"end":{"line":32,"column":37}}]},"25":{"type":"branch","line":163,"loc":{"start":{"line":163,"column":27},"end":{"line":200,"column":9}},"locations":[{"start":{"line":163,"column":27},"end":{"line":200,"column":9}}]},"26":{"type":"branch","line":179,"loc":{"start":{"line":179,"column":38},"end":{"line":180,"column":97}},"locations":[{"start":{"line":179,"column":38},"end":{"line":180,"column":97}}]},"27":{"type":"branch","line":180,"loc":{"start":{"line":180,"column":74},"end":{"line":181,"column":101}},"locations":[{"start":{"line":180,"column":74},"end":{"line":181,"column":101}}]},"28":{"type":"branch","line":182,"loc":{"start":{"line":182,"column":37},"end":{"line":183,"column":63}},"locations":[{"start":{"line":182,"column":37},"end":{"line":183,"column":63}}]},"29":{"type":"branch","line":183,"loc":{"start":{"line":183,"column":59},"end":{"line":184,"column":67}},"locations":[{"start":{"line":183,"column":59},"end":{"line":184,"column":67}}]}},"b":{"0":[19],"1":[2],"2":[17],"3":[2],"4":[17],"5":[2],"6":[17],"7":[2],"8":[0],"9":[17],"10":[0],"11":[17],"12":[2],"13":[2],"14":[17],"15":[2],"16":[0],"17":[17],"18":[0],"19":[19],"20":[2],"21":[17],"22":[2],"23":[9],"24":[17],"25":[152],"26":[16],"27":[136],"28":[16],"29":[136]},"fnMap":{"0":{"name":"Countdown","decl":{"start":{"line":17,"column":7},"end":{"line":204,"column":1}},"loc":{"start":{"line":17,"column":7},"end":{"line":204,"column":1}},"line":17}},"f":{"0":19}}
,"/Users/michaelhaufschild/Documents/code/plinko/src/components/ImpactParticles.tsx": {"path":"/Users/michaelhaufschild/Documents/code/plinko/src/components/ImpactParticles.tsx","all":true,"statementMap":{"4":{"start":{"line":5,"column":0},"end":{"line":5,"column":44}},"5":{"start":{"line":6,"column":0},"end":{"line":6,"column":36}},"24":{"start":{"line":25,"column":0},"end":{"line":25,"column":86}},"25":{"start":{"line":26,"column":0},"end":{"line":26,"column":31}},"26":{"start":{"line":27,"column":0},"end":{"line":27,"column":61}},"27":{"start":{"line":28,"column":0},"end":{"line":28,"column":64}},"30":{"start":{"line":31,"column":0},"end":{"line":31,"column":19}},"31":{"start":{"line":32,"column":0},"end":{"line":32,"column":16}},"32":{"start":{"line":33,"column":0},"end":{"line":33,"column":23}},"33":{"start":{"line":34,"column":0},"end":{"line":34,"column":5}},"34":{"start":{"line":35,"column":0},"end":{"line":35,"column":14}},"37":{"start":{"line":38,"column":0},"end":{"line":38,"column":19}},"38":{"start":{"line":39,"column":0},"end":{"line":39,"column":61}},"39":{"start":{"line":40,"column":0},"end":{"line":40,"column":42}},"40":{"start":{"line":41,"column":0},"end":{"line":41,"column":56}},"41":{"start":{"line":42,"column":0},"end":{"line":42,"column":39}},"43":{"start":{"line":44,"column":0},"end":{"line":44,"column":47}},"44":{"start":{"line":45,"column":0},"end":{"line":45,"column":86}},"45":{"start":{"line":46,"column":0},"end":{"line":46,"column":69}},"47":{"start":{"line":48,"column":0},"end":{"line":48,"column":27}},"48":{"start":{"line":49,"column":0},"end":{"line":49,"column":25}},"49":{"start":{"line":50,"column":0},"end":{"line":50,"column":18}},"50":{"start":{"line":51,"column":0},"end":{"line":51,"column":18}},"51":{"start":{"line":52,"column":0},"end":{"line":52,"column":38}},"52":{"start":{"line":53,"column":0},"end":{"line":53,"column":38}},"53":{"start":{"line":54,"column":0},"end":{"line":54,"column":18}},"54":{"start":{"line":55,"column":0},"end":{"line":55,"column":46}},"55":{"start":{"line":56,"column":0},"end":{"line":56,"column":11}},"56":{"start":{"line":57,"column":0},"end":{"line":57,"column":7}},"58":{"start":{"line":59,"column":0},"end":{"line":59,"column":55}},"59":{"start":{"line":60,"column":0},"end":{"line":60,"column":57}},"60":{"start":{"line":61,"column":0},"end":{"line":61,"column":5}},"61":{"start":{"line":62,"column":0},"end":{"line":62,"column":46}},"64":{"start":{"line":65,"column":0},"end":{"line":65,"column":19}},"65":{"start":{"line":66,"column":0},"end":{"line":66,"column":39}},"67":{"start":{"line":68,"column":0},"end":{"line":68,"column":42}},"68":{"start":{"line":69,"column":0},"end":{"line":69,"column":22}},"69":{"start":{"line":70,"column":0},"end":{"line":70,"column":46}},"71":{"start":{"line":72,"column":0},"end":{"line":72,"column":40}},"72":{"start":{"line":73,"column":0},"end":{"line":73,"column":28}},"73":{"start":{"line":74,"column":0},"end":{"line":74,"column":19}},"74":{"start":{"line":75,"column":0},"end":{"line":75,"column":22}},"75":{"start":{"line":76,"column":0},"end":{"line":76,"column":17}},"76":{"start":{"line":77,"column":0},"end":{"line":77,"column":31}},"77":{"start":{"line":78,"column":0},"end":{"line":78,"column":31}},"78":{"start":{"line":79,"column":0},"end":{"line":79,"column":53}},"79":{"start":{"line":80,"column":0},"end":{"line":80,"column":37}},"80":{"start":{"line":81,"column":0},"end":{"line":81,"column":13}},"81":{"start":{"line":82,"column":0},"end":{"line":82,"column":60}},"82":{"start":{"line":83,"column":0},"end":{"line":83,"column":9}},"83":{"start":{"line":84,"column":0},"end":{"line":84,"column":22}},"85":{"start":{"line":86,"column":0},"end":{"line":86,"column":41}},"86":{"start":{"line":87,"column":0},"end":{"line":87,"column":25}},"88":{"start":{"line":89,"column":0},"end":{"line":89,"column":10}},"89":{"start":{"line":90,"column":0},"end":{"line":90,"column":6}},"90":{"start":{"line":91,"column":0},"end":{"line":91,"column":27}},"91":{"start":{"line":92,"column":0},"end":{"line":92,"column":12}},"92":{"start":{"line":93,"column":0},"end":{"line":93,"column":20}},"93":{"start":{"line":94,"column":0},"end":{"line":94,"column":63}},"94":{"start":{"line":95,"column":0},"end":{"line":95,"column":18}},"95":{"start":{"line":96,"column":0},"end":{"line":96,"column":33}},"96":{"start":{"line":97,"column":0},"end":{"line":97,"column":34}},"97":{"start":{"line":98,"column":0},"end":{"line":98,"column":267}},"98":{"start":{"line":99,"column":0},"end":{"line":99,"column":81}},"99":{"start":{"line":100,"column":0},"end":{"line":100,"column":28}},"100":{"start":{"line":101,"column":0},"end":{"line":101,"column":142}},"101":{"start":{"line":102,"column":0},"end":{"line":102,"column":23}},"102":{"start":{"line":103,"column":0},"end":{"line":103,"column":44}},"103":{"start":{"line":104,"column":0},"end":{"line":104,"column":12}},"104":{"start":{"line":105,"column":0},"end":{"line":105,"column":10}},"105":{"start":{"line":106,"column":0},"end":{"line":106,"column":9}},"106":{"start":{"line":107,"column":0},"end":{"line":107,"column":7}},"108":{"start":{"line":109,"column":0},"end":{"line":109,"column":1}}},"s":{"4":0,"5":0,"24":0,"25":0,"26":0,"27":0,"30":0,"31":0,"32":0,"33":0,"34":0,"37":0,"38":0,"39":0,"40":0,"41":0,"43":0,"44":0,"45":0,"47":0,"48":0,"49":0,"50":0,"51":0,"52":0,"53":0,"54":0,"55":0,"56":0,"58":0,"59":0,"60":0,"61":0,"64":0,"65":0,"67":0,"68":0,"69":0,"71":0,"72":0,"73":0,"74":0,"75":0,"76":0,"77":0,"78":0,"79":0,"80":0,"81":0,"82":0,"83":0,"85":0,"86":0,"88":0,"89":0,"90":0,"91":0,"92":0,"93":0,"94":0,"95":0,"96":0,"97":0,"98":0,"99":0,"100":0,"101":0,"102":0,"103":0,"104":0,"105":0,"106":0,"108":0},"branchMap":{"0":{"type":"branch","line":1,"loc":{"start":{"line":1,"column":3267},"end":{"line":109,"column":1}},"locations":[{"start":{"line":1,"column":3267},"end":{"line":109,"column":1}}]}},"b":{"0":[1]},"fnMap":{"0":{"name":"(empty-report)","decl":{"start":{"line":1,"column":3267},"end":{"line":109,"column":1}},"loc":{"start":{"line":1,"column":3267},
[...]
9,"column":14}},"319":{"start":{"line":320,"column":0},"end":{"line":320,"column":15}},"320":{"start":{"line":321,"column":0},"end":{"line":321,"column":17}},"321":{"start":{"line":322,"column":0},"end":{"line":322,"column":16}},"322":{"start":{"line":323,"column":0},"end":{"line":323,"column":18}},"323":{"start":{"line":324,"column":0},"end":{"line":324,"column":16}},"324":{"start":{"line":325,"column":0},"end":{"line":325,"column":19}},"325":{"start":{"line":326,"column":0},"end":{"line":326,"column":20}},"326":{"start":{"line":327,"column":0},"end":{"line":327,"column":6}},"327":{"start":{"line":328,"column":0},"end":{"line":328,"column":13}},"328":{"start":{"line":329,"column":0},"end":{"line":329,"column":23}},"329":{"start":{"line":330,"column":0},"end":{"line":330,"column":43}},"330":{"start":{"line":331,"column":0},"end":{"line":331,"column":44}},"331":{"start":{"line":332,"column":0},"end":{"line":332,"column":48}},"332":{"start":{"line":333,"column":0},"end":{"line":333,"column":55}},"333":{"start":{"line":334,"column":0},"end":{"line":334,"column":57}},"334":{"start":{"line":335,"column":0},"end":{"line":335,"column":44}},"335":{"start":{"line":336,"column":0},"end":{"line":336,"column":45}},"336":{"start":{"line":337,"column":0},"end":{"line":337,"column":6}},"337":{"start":{"line":338,"column":0},"end":{"line":338,"column":4}},"339":{"start":{"line":340,"column":0},"end":{"line":340,"column":36}},"340":{"start":{"line":341,"column":0},"end":{"line":341,"column":27}},"341":{"start":{"line":342,"column":0},"end":{"line":342,"column":33}},"342":{"start":{"line":343,"column":0},"end":{"line":343,"column":34}},"343":{"start":{"line":344,"column":0},"end":{"line":344,"column":24}},"344":{"start":{"line":345,"column":0},"end":{"line":345,"column":2}}},"s":{"7":1,"16":1,"17":1,"18":1,"20":1,"21":1,"22":1,"23":1,"24":1,"25":1,"26":1,"27":1,"29":1,"30":1,"31":1,"32":1,"33":1,"35":1,"36":1,"37":1,"38":1,"39":1,"40":1,"42":1,"43":1,"44":1,"45":1,"46":1,"47":1,"49":1,"50":1,"51":1,"52":1,"53":1,"54":1,"55":1,"56":1,"57":1,"59":1,"60":1,"61":1,"62":1,"63":1,"64":1,"66":1,"67":1,"68":1,"69":1,"70":1,"71":1,"72":1,"73":1,"74":1,"75":1,"76":1,"77":1,"78":1,"79":1,"80":1,"81":1,"82":1,"83":1,"84":1,"85":1,"86":1,"87":1,"88":1,"89":1,"90":1,"91":1,"92":1,"94":1,"95":1,"96":1,"97":1,"98":1,"99":1,"100":1,"101":1,"102":1,"103":1,"104":1,"105":1,"106":1,"107":1,"108":1,"109":1,"110":1,"111":1,"112":1,"113":1,"114":1,"115":1,"116":1,"117":1,"118":1,"119":1,"120":1,"121":1,"122":1,"123":1,"124":1,"125":1,"126":1,"127":1,"128":1,"130":1,"131":1,"132":1,"133":1,"134":1,"135":1,"137":1,"138":1,"139":1,"140":1,"141":1,"142":1,"144":1,"146":1,"147":1,"148":1,"149":1,"152":1,"153":1,"154":1,"155":1,"158":1,"159":1,"160":1,"161":1,"162":1,"165":1,"166":1,"167":1,"170":1,"171":1,"174":1,"175":1,"178":1,"179":1,"180":1,"183":1,"184":1,"185":1,"187":1,"188":1,"189":1,"190":1,"191":1,"192":1,"193":1,"194":1,"195":1,"196":1,"197":1,"198":1,"199":1,"200":1,"201":1,"202":1,"204":1,"205":1,"206":1,"207":1,"208":1,"209":1,"210":1,"211":1,"213":1,"214":1,"215":1,"216":1,"217":1,"218":1,"219":1,"220":1,"222":1,"223":1,"224":1,"225":1,"226":1,"227":1,"229":1,"230":1,"231":1,"232":1,"233":1,"234":1,"236":1,"237":1,"238":1,"239":1,"240":1,"241":1,"242":1,"243":1,"244":1,"245":1,"246":1,"247":1,"248":1,"249":1,"250":1,"251":1,"252":1,"253":1,"254":1,"255":1,"256":1,"257":1,"258":1,"259":1,"260":1,"261":1,"262":1,"263":1,"265":1,"267":1,"268":1,"269":1,"270":1,"271":1,"272":1,"273":1,"274":1,"275":1,"276":1,"277":1,"278":1,"279":1,"280":1,"281":1,"282":1,"283":1,"284":1,"285":1,"286":1,"287":1,"288":1,"289":1,"290":1,"291":1,"292":1,"293":1,"294":1,"295":1,"296":1,"297":1,"298":1,"299":1,"300":1,"301":1,"302":1,"303":1,"304":1,"305":1,"306":1,"307":1,"308":1,"309":1,"310":1,"311":1,"312":1,"313":1,"314":1,"315":1,"316":1,"318":1,"319":1,"320":1,"321":1,"322":1,"323":1,"324":1,"325":1,"326":1,"327":1,"328":1,"329":1,"330":1,"331":1,"332":1,"333":1,"334":1,"335":1,"336":1,"337":1,"339":1,"340":1,"341":1,"342":1,"343":1,"344":1},"branchMap":{},"b":{},"fnMap":{},"f":{}}
,"/Users/michaelhaufschild/Documents/code/plinko/src/utils/deviceDetection.ts": {"path":"/Users/michaelhaufschild/Documents/code/plinko/src/utils/deviceDetection.ts","all":false,"statementMap":{"9":{"start":{"line":10,"column":0},"end":{"line":10,"column":43}},"10":{"start":{"line":11,"column":0},"end":{"line":11,"column":54}},"11":{"start":{"line":12,"column":0},"end":{"line":12,"column":102}},"12":{"start":{"line":13,"column":0},"end":{"line":13,"column":81}},"13":{"start":{"line":14,"column":0},"end":{"line":14,"column":67}},"14":{"start":{"line":15,"column":0},"end":{"line":15,"column":1}},"20":{"start":{"line":21,"column":0},"end":{"line":21,"column":45}},"21":{"start":{"line":22,"column":0},"end":{"line":22,"column":13}},"22":{"start":{"line":23,"column":0},"end":{"line":23,"column":1}},"28":{"start":{"line":29,"column":0},"end":{"line":29,"column":54}},"29":{"start":{"line":30,"column":0},"end":{"line":30,"column":25}},"30":{"start":{"line":31,"column":0},"end":{"line":31,"column":60}},"31":{"start":{"line":32,"column":0},"end":{"line":32,"column":3}},"32":{"start":{"line":33,"column":0},"end":{"line":33,"column":27}},"33":{"start":{"line":34,"column":0},"end":{"line":34,"column":1}}},"s":{"9":1,"10":24,"11":24,"12":24,"13":24,"14":24,"20":1,"21":8,"22":8,"28":1,"29":7,"30":5,"31":5,"32":2,"33":2},"branchMap":{"0":{"type":"branch","line":10,"loc":{"start":{"line":10,"column":7},"end":{"line":15,"column":1}},"locations":[{"start":{"line":10,"column":7},"end":{"line":15,"column":1}}]},"1":{"type":"branch","line":13,"loc":{"start":{"line":13,"column":42},"end":{"line":13,"column":81}},"locations":[{"start":{"line":13,"column":42},"end":{"line":13,"column":81}}]},"2":{"type":"branch","line":14,"loc":{"start":{"line":14,"column":9},"end":{"line":14,"column":67}},"locations":[{"start":{"line":14,"column":9},"end":{"line":14,"column":67}}]},"3":{"type":"branch","line":14,"loc":{"start":{"line":14,"column":24},"end":{"line":14,"column":67}},"locations":[{"start":{"line":14,"column":24},"end":{"line":14,"column":67}}]},"4":{"type":"branch","line":21,"loc":{"start":{"line":21,"column":7},"end":{"line":23,"column":1}},"locations":[{"start":{"line":21,"column":7},"end":{"line":23,"column":1}}]},"5":{"type":"branch","line":29,"loc":{"start":{"line":29,"column":7},"end":{"line":34,"column":1}},"locations":[{"start":{"line":29,"column":7},"end":{"line":34,"column":1}}]},"6":{"type":"branch","line":30,"loc":{"start":{"line":30,"column":24},"end":{"line":32,"column":3}},"locations":[{"start":{"line":30,"column":24},"end":{"line":32,"column":3}}]},"7":{"type":"branch","line":32,"loc":{"start":{"line":32,"column":2},"end":{"line":34,"column":1}},"locations":[{"start":{"line":32,"column":2},"end":{"line":34,"column":1}}]}},"b":{"0":[24],"1":[1],"2":[11],"3":[10],"4":[8],"5":[7],"6":[5],"7":[2]},"fnMap":{"0":{"name":"isMobileDevice","decl":{"start":{"line":10,"column":7},"end":{"line":15,"column":1}},"loc":{"start":{"line":10,"column":7},"end":{"line":15,"column":1}},"line":10},"1":{"name":"getMaxMobileWidth","decl":{"start":{"line":21,"column":7},"end":{"line":23,"column":1}},"loc":{"start":{"line":21,"column":7},"end":{"line":23,"column":1}},"line":21},"2":{"name":"getResponsiveViewportWidth","decl":{"start":{"line":29,"column":7},"end":{"line":34,"column":1}},"loc":{"start":{"line":29,"column":7},"end":{"line":34,"column":1}},"line":29}},"f":{"0":24,"1":8,"2":7}}
,"/Users/michaelhaufschild/Documents/code/plinko/src/utils/formatNumber.ts": {"path":"/Users/michaelhaufschild/Documents/code/plinko/src/utils/formatNumber.ts","all":false,"statementMap":{"10":{"start":{"line":11,"column":0},"end":{"line":11,"column":57}},"11":{"start":{"line":12,"column":0},"end":{"line":12,"column":21}},"12":{"start":{"line":13,"column":0},"end":{"line":13,"column":28}},"13":{"start":{"line":14,"column":0},"end":{"line":14,"column":3}},"15":{"start":{"line":16,"column":0},"end":{"line":16,"column":24}},"17":{"start":{"line":18,"column":0},"end":{"line":18,"column":35}},"19":{"start":{"line":20,"column":0},"end":{"line":20,"column":30}},"20":{"start":{"line":21,"column":0},"end":{"line":21,"column":35}},"21":{"start":{"line":22,"column":0},"end":{"line":22,"column":35}},"22":{"start":{"line":23,"column":0},"end":{"line":23,"column":3}},"25":{"start":{"line":26,"column":0},"end":{"line":26,"column":35}},"26":{"start":{"line":27,"column":0},"end":{"line":27,"column":27}},"27":{"start":{"line":28,"column":0},"end":{"line":28,"column":32}},"28":{"start":{"line":29,"column":0},"end":{"line":29,"column":32}},"29":{"start":{"line":30,"column":0},"end":{"line":30,"column":1}}},"s":{"10":1,"11":98,"12":41,"13":41,"15":70,"17":37,"19":37,"20":24,"21":13,"22":37,"25":20,"26":20,"27":8,"28":12,"29":98},"branchMap":{"0":{"type":"branch","line":11,"loc":{"start":{"line":11,"column":7},"end":{"line":30,"column":1}},"locations":[{"start":{"line":11,"column":7},"end":{"line":30,"column":1}}]},"1":{"type":"branch","line":12,"loc":{"start":{"line":12,"column":20},"end":{"line":14,"column":3}},"locations":[{"start":{"line":12,"column":20},"end":{"line":14,"column":3}}]},"2":{"type":"branch","line":14,"loc":{"start":{"line":14,"column":2},"end":{"line":28,"column":32}},"locations":[{"start":{"line":14,"column":2},"end":{"line":28,"column":32}}]},"3":{"type":"branch","line":14,"loc":{"start":{"line":14,"column":2},"end":{"line":23,"column":3}},"locations":[{"start":{"line":14,"column":2},"end":{"line":23,"column":3}}]},"4":{"type":"branch","line":14,"loc":{"start":{"line":14,"column":2},"end":{"line":16,"column":23}},"locations":[{"start":{"line":14,"column":2},"end":{"line":16,"column":23}}]},"5":{"type":"branch","line":16,"loc":{"start":{"line":16,"column":23},"end":{"line":23,"column":3}},"locations":[{"start":{"line":16,"column":23},"end":{"line":23,"column":3}}]},"6":{"type":"branch","line":20,"loc":{"start":{"line":20,"column":29},"end":{"line":21,"column":35}},"locations":[{"start":{"line":20,"column":29},"end":{"line":21,"column":35}}]},"7":{"type":"branch","line":21,"loc":{"start":{"line":21,"column":32},"end":{"line":22,"column":35}},"locations":[{"start":{"line":21,"column":32},"end":{"line":22,"column":35}}]},"8":{"type":"branch","line":23,"loc":{"start":{"line":23,"column":2},"end":{"line":28,"column":32}},"locations":[{"start":{"line":23,"column":2},"end":{"line":28,"column":32}}]},"9":{"type":"branch","line":23,"loc":{"start":{"line":23,"column":2},"end":{"line":27,"column":27}},"locations":[{"start":{"line":23,"column":2},"end":{"line":27,"column":27}}]},"10":{"type":"branch","line":27,"loc":{"start":{"line":27,"column":26},"end":{"line":28,"column":32}},"locations":[{"start":{"line":27,"column":26},"end":{"line":28,"column":32}}]},"11":{"type":"branch","line":28,"loc":{"start":{"line":28,"column":29},"end":{"line":29,"column":32}},"locations":[{"start":{"line":28,"column":29},"end":{"line":29,"column":32}}]}},"b":{"0":[98],"1":[41],"2":[96],"3":[70],"4":[57],"5":[37],"6":[24],"7":[13],"8":[53],"9":[20],"10":[8],"11":[12]},"fnMap":{"0":{"name":"abbreviateNumber","decl":{"start":{"line":11,"column":7},"end":{"line":30,"column":1}},"loc":{"start":{"line":11,"column":7},"end":{"line":30,"column":1}},"line":11}},"f":{"0":98}}
,"/Users/michaelhaufschild/Documents/code/plinko/src/utils/prizeUtils.ts": {"path":"/Users/michaelhaufschild/Documents/code/plinko/src/utils/prizeUtils.ts","all":false,"statementMap":{"12":{"start":{"line":13,"column":0},"end":{"line":13,"column":63}},"13":{"start":{"line":14,"column":0},"end":{"line":14,"column":64}},"14":{"start":{"line":15,"column":0},"end":{"line":15,"column":25}},"16":{"start":{"line":17,"column":0},"end":{"line":17,"column":40}},"17":{"start":{"line":18,"column":0},"end":{"line":18,"column":20}},"18":{"start":{"line":19,"column":0},"end":{"line":19,"column":66}},"19":{"start":{"line":20,"column":0},"end":{"line":20,"column":6}},"20":{"start":{"line":21,"column":0},"end":{"line":21,"column":3}},"22":{"start":{"line":23,"column":0},"end":{"line":23,"column":47}},"23":{"start":{"line":24,"column":0},"end":{"line":24,"column":20}},"24":{"start":{"line":25,"column":0},"end":{"line":25,"column":63}},"25":{"start":{"line":26,"column":0},"end":{"line":26,"column":6}},"26":{"start":{"line":27,"column":0},"end":{"line":27,"column":3}},"27":{"start":{"line":28,"column":0},"end":{"line":28,"column":1}},"36":{"start":{"line":37,"column":0},"end":{"line":37,"column":87}},"37":{"start":{"line":38,"column":0},"end":{"line":38,"column":44}},"38":{"start":{"line":39,"column":0},"end":{"line":39,"column":20}},"39":{"start":{"line":40,"column":0},"end":{"line":40,"column":67}},"40":{"start":{"line":41,"column":0},"end":{"line":41,"column":6}},"41":{"start":{"line":42,"column":0},"end":{"line":42,"column":3}},"43":{"start":{"line":44,"column":0},"end":{"line":44,"column":24}},"44":{"start":{"line":45,"column":0},"end":{"line":45,"column":1}},"51":{"start":{"line":52,"column":0},"end":{"line":52,"column":81}},"52":{"start":{"line":53,"column":0},"end":{"line":53,"column":70}},"54":{"start":{"line":55,"column":0},"end":{"line":55,"column":24}},"55":{"start":{"line":56,"column":0},"end":{"line":56,"column":56}},"56":{"start":{"line":57,"column":0},"end":{"line":57,"column":3}},"58":{"start":{"line":59,"column":0},"end":{"line":59,"column":31}},"59":{"start":{"line":60,"column":0},"end":{"line":60,"column":13}},"60":{"start":{"line":61,"column":0},"end":{"line":61,"column":46}},"61":{"start":{"line":62,"column":0},"end":{"line":62,"column":6}},"62":{"start":{"line":63,"column":0},"end":{"line":63,"column":1}}},"s":{"12":1,"13":55,"14":55,"16":55,"17":5,"18":5,"19":5,"20":5,"22":55,"23":4,"24":4,"25":4,"26":4,"27":55,"36":1,"37":57,"38":12,"39":12,"40":12,"41":12,"43":45,"44":45,"51":1,"52":175,"54":175,"55":4,"56":4,"58":171,"59":932,"60":932,"61":171,"62":171},"branchMap":{"0":{"type":"branch","line":13,"loc":{"start":{"line":13,"column":7},"end":{"line":28,"column":1}},"locations":[{"start":{"line":13,"column":7},"end":{"line":28,"column":1}}]},"1":{"type":"branch","line":17,"loc":{"start":{"line":17,"column":39},"end":{"line":21,"column":3}},"locations":[{"start":{"line":17,"column":39},"end":{"line":21,"column":3}}]},"2":{"type":"branch","line":21,"loc":{"start":{"line":21,"column":2},"end":{"line":23,"column":27}},"locations":[{"start":{"line":21,"column":2},"end":{"line":23,"column":27}}]},"3":{"type":"branch","line":23,"loc":{"start":{"line":23,"column":22},"end":{"line":23,"column":46}},"locations":[{"start":{"line":23,"column":22},"end":{"line":23,"column":46}}]},"4":{"type":"branch","line":23,"loc":{"start":{"line":23,"column":46},"end":{"line":27,"column":3}},"locations":[{"start":{"line":23,"column":46},"end":{"line":27,"column":3}}]},"5":{"type":"branch","line":14,"loc":{"start":{"line":14,"column":28},"end":{"line":14,"column":61}},"locations":[{"start":{"line":14,"column":28},"end":{"line":14,"column":61}}]},"6":{"type":"branch","line":37,"loc":{"start":{"line":37,"column":7},"end":{"line":45,"column":1}},"locations":[{"start":{"line":37,"column":7},"end":{"line":45,"column":1}}]},"7":{"type":"branch","line":38,"loc":{"start":{"line":38,"column":14},"end":{"line":38,"column":43}},"locations":[{"start":{"line":38,"column":14},"end":{"line":38,"column":43}}]},"8":{"type":"branch","line":38,"loc":{"start":{"line":38,"column":43},"end":{"line":45,"column":1}},"locations":[{"start":{"line":38,"column":43},"end":{"line":45,"column":1}}]},"9":{"type":"branch","line":38,"loc":{"start":{"line":38,"column":43},"end":{"line":42,"column":3}},"locations":[{"start":{"line":38,"column":43},"end":{"line":42,"column":3}}]},"10":{"type":"branch","line":42,"loc":{"start":{"line":42,"column":2},"end":{"line":45,"column":1}},"locations":[{"start":{"line":42,"column":2},"end":{"line":45,"column":1}}]},"11":{"type":"branch","line":52,"loc":{"start":{"line":52,"column":7},"end":{"line":63,"column":1}},"locations":[{"start":{"line":52,"column":7},"end":{"line":63,"column":1}}]},"12":{"type":"branch","line":55,"loc":{"start":{"line":55,"column":23},"end":{"line":57,"column":3}},"locations":[{"start":{"line":55,"column":23},"end":{"line":57,"column":3}}]},"13":{"type":"branch","line":57,"loc":{"start":{"line":57,"column":2},"end":{"line":63,"column":1}},"locations":[{"start":{"line":57,"column":2},"end":{"line":63,"column":1}}]},"14":{"type":"branch","line":53,"loc":{"start":{"line":53,"column":34},"end":{"line":53,"column":67}},"locations":[{"start":{"line":53,"column":34},"end":{"line":53,"column":67}}]},"15":{"type":"branch","line":59,"loc":{"start":{"line":59,"column":20},"end":{"line":62,"column":4}},"locations":[{"start":{"line":59,"column":20},"end":{"line":62,"column":4}}]}},"b":{"0":[55],"1":[5],"2":[50],"3":[48],"4":[4],"5":[281],"6":[57],"7":[54],"8":[51],"9":[12],"10":[45],"11":[175],"12":[4],"13":[171],"14":[940],"15":[932]},"fnMap":{"0":{"name":"validatePrizeSet","decl":{"start":{"line":13,"column":7},"end":{"line":28,"column":1}},"loc":{"start":{"line":13,"column":7},"end":{"line":28,"column":1}},"line":13},"1":{"name":"getPrizeByIndex","decl":{"start":{"line":37,"column":7},"end":{"line":45,"column":1}},"loc":{"start":{"line":37,"column":7},"end":{"line":45,"column":1}},"line":37},"2":{"name":"normalizeProbabilities","decl":{"start":{"line":52,"column":7},"end":{"line":63,"column":1}},"loc":{"start":{"line":52,"column":7},"end":{"line":63,"column":1}},"line":52}},"f":{"0":55,"1":57,"2":175}}
,"/Users/michaelhaufschild/Documents/code/plinko/src/utils/slotDimensions.ts": {"path":"/Users/michaelhaufschild/Documents/code/plinko/src/utils/slotDimensions.ts","all":false,"statementMap":{"9":{"start":{"line":10,"column":0},"end":{"line":10,"column":66}},"10":{"start":{"line":11,"column":0},"end":{"line":11,"column":69}},"11":{"start":{"line":12,"column":0},"end":{"line":12,"column":66}},"12":{"start":{"line":13,"column":0},"end":{"line":13,"column":59}},"13":{"start":{"line":14,"column":0},"end":{"line":14,"column":1}},"19":{"start":{"line":20,"column":0},"end":{"line":20,"column":86}},"20":{"start":{"line":21,"column":0},"end":{"line":21,"column":56}},"21":{"start":{"line":22,"column":0},"end":{"line":22,"column":36}},"22":{"start":{"line":23,"column":0},"end":{"line":23,"column":1}}},"s":{"9":1,"10":81631,"11":81631,"12":81201,"13":81201,"19":1,"20":81529,"21":81529,"22":81529},"branchMap":{"0":{"type":"branch","line":10,"loc":{"start":{"line":10,"column":7},"end":{"line":14,"column":1}},"locations":[{"start":{"line":10,"column":7},"end":{"line":14,"column":1}}]},"1":{"type":"branch","line":11,"loc":{"start":{"line":11,"column":22},"end":{"line":11,"column":69}},"locations":[{"start":{"line":11,"column":22},"end":{"line":11,"column":69}}]},"2":{"type":"branch","line":11,"loc":{"start":{"line":11,"column":29},"end":{"line":12,"column":29}},"locations":[{"start":{"line":11,"column":29},"end":{"line":12,"column":29}}]},"3":{"type":"branch","line":12,"loc":{"start":{"line":12,"column":22},"end":{"line":12,"column":66}},"locations":[{"start":{"line":12,"column":22},"end":{"line":12,"column":66}}]},"4":{"type":"branch","line":12,"loc":{"start":{"line":12,"column":29},"end":{"line":14,"column":1}},"locations":[{"start":{"line":12,"column":29},"end":{"line":14,"column":1}}]},"5":{"type":"branch","line":20,"loc":{"start":{"line":20,"column":7},"end":{"line":23,"column":1}},"locations":[{"start":{"line":20,"column":7},"end":{"line":23,"column":1}}]}},"b":{"0":[81631],"1":[18],"2":[81613],"3":[412],"4":[81201],"5":[81529]},"fnMap":{"0":{"name":"calculateBucketHeight","decl":{"start":{"line":10,"column":7},"end":{"line":14,"column":1}},"loc":{"start":{"line":10,"column":7},"end":{"line":14,"column":1}},"line":10},"1":{"name":"calculateBucketZoneY","decl":{"start":{"line":20,"column":7},"end":{"line":23,"column":1}},"loc":{"start":{"line":20,"column":7},"end":{"line":23,"column":1}},"line":20}},"f":{"0":81631,"1":81529}}
}
